This is pdfTeX, Version 3.14159265-2.6-1.40.20 (TeX Live 2019/Debian) (preloaded format=pdflatex 2020.4.28)  5 JUN 2020 12:31
entering extended mode
 restricted \write18 enabled.
 %&-line parsing enabled.
**masterarbeit.tex
(./masterarbeit.tex
LaTeX2e <2018-12-01>
(/usr/share/texlive/texmf-dist/tex/latex/base/article.cls
Document Class: article 2018/09/03 v1.4i Standard LaTeX document class
(/usr/share/texlive/texmf-dist/tex/latex/base/size12.clo
File: size12.clo 2018/09/03 v1.4i Standard LaTeX file (size option)
)
\c@part=\count80
\c@section=\count81
\c@subsection=\count82
\c@subsubsection=\count83
\c@paragraph=\count84
\c@subparagraph=\count85
\c@figure=\count86
\c@table=\count87
\abovecaptionskip=\skip41
\belowcaptionskip=\skip42
\bibindent=\dimen102
)
(/usr/share/texlive/texmf-dist/tex/latex/graphics/graphicx.sty
Package: graphicx 2017/06/01 v1.1a Enhanced LaTeX Graphics (DPC,SPQR)

(/usr/share/texlive/texmf-dist/tex/latex/graphics/keyval.sty
Package: keyval 2014/10/28 v1.15 key=value parser (DPC)
\KV@toks@=\toks14
)
(/usr/share/texlive/texmf-dist/tex/latex/graphics/graphics.sty
Package: graphics 2017/06/25 v1.2c Standard LaTeX Graphics (DPC,SPQR)

(/usr/share/texlive/texmf-dist/tex/latex/graphics/trig.sty
Package: trig 2016/01/03 v1.10 sin cos tan (DPC)
)
(/usr/share/texlive/texmf-dist/tex/latex/graphics-cfg/graphics.cfg
File: graphics.cfg 2016/06/04 v1.11 sample graphics configuration
)
Package graphics Info: Driver file: pdftex.def on input line 99.

(/usr/share/texlive/texmf-dist/tex/latex/graphics-def/pdftex.def
File: pdftex.def 2018/01/08 v1.0l Graphics/color driver for pdftex
))
\Gin@req@height=\dimen103
\Gin@req@width=\dimen104
)
(/usr/share/texlive/texmf-dist/tex/latex/units/units.sty
Package: units 1998/08/04 v0.9b Typesetting units

(/usr/share/texlive/texmf-dist/tex/latex/base/ifthen.sty
Package: ifthen 2014/09/29 v1.1c Standard LaTeX ifthen package (DPC)
)
(/usr/share/texlive/texmf-dist/tex/latex/units/nicefrac.sty
Package: nicefrac 1998/08/04 v0.9b Nice fractions
\L@UnitsRaiseDisplaystyle=\skip43
\L@UnitsRaiseTextstyle=\skip44
\L@UnitsRaiseScriptstyle=\skip45
))
(/usr/share/texlive/texmf-dist/tex/latex/amsmath/amsmath.sty
Package: amsmath 2018/12/01 v2.17b AMS math features
\@mathmargin=\skip46

For additional information on amsmath, use the `?' option.
(/usr/share/texlive/texmf-dist/tex/latex/amsmath/amstext.sty
Package: amstext 2000/06/29 v2.01 AMS text

(/usr/share/texlive/texmf-dist/tex/latex/amsmath/amsgen.sty
File: amsgen.sty 1999/11/30 v2.0 generic functions
\@emptytoks=\toks15
\ex@=\dimen105
))
(/usr/share/texlive/texmf-dist/tex/latex/amsmath/amsbsy.sty
Package: amsbsy 1999/11/29 v1.2d Bold Symbols
\pmbraise@=\dimen106
)
(/usr/share/texlive/texmf-dist/tex/latex/amsmath/amsopn.sty
Package: amsopn 2016/03/08 v2.02 operator names
)
\inf@bad=\count88
LaTeX Info: Redefining \frac on input line 223.
\uproot@=\count89
\leftroot@=\count90
LaTeX Info: Redefining \overline on input line 385.
\classnum@=\count91
\DOTSCASE@=\count92
LaTeX Info: Redefining \ldots on input line 482.
LaTeX Info: Redefining \dots on input line 485.
LaTeX Info: Redefining \cdots on input line 606.
\Mathstrutbox@=\box27
\strutbox@=\box28
\big@size=\dimen107
LaTeX Font Info:    Redeclaring font encoding OML on input line 729.
LaTeX Font Info:    Redeclaring font encoding OMS on input line 730.
\macc@depth=\count93
\c@MaxMatrixCols=\count94
\dotsspace@=\muskip10
\c@parentequation=\count95
\dspbrk@lvl=\count96
\tag@help=\toks16
\row@=\count97
\column@=\count98
\maxfields@=\count99
\andhelp@=\toks17
\eqnshift@=\dimen108
\alignsep@=\dimen109
\tagshift@=\dimen110
\tagwidth@=\dimen111
\totwidth@=\dimen112
\lineht@=\dimen113
\@envbody=\toks18
\multlinegap=\skip47
\multlinetaggap=\skip48
\mathdisplay@stack=\toks19
LaTeX Info: Redefining \[ on input line 2844.
LaTeX Info: Redefining \] on input line 2845.
)
(/usr/share/texlive/texmf-dist/tex/latex/tools/bm.sty
Package: bm 2017/01/16 v1.2c Bold Symbol Support (DPC/FMi)
\symboldoperators=\mathgroup4
\symboldletters=\mathgroup5
\symboldsymbols=\mathgroup6
LaTeX Font Info:    Redeclaring math alphabet \mathbf on input line 141.
LaTeX Info: Redefining \bm on input line 207.
)
(/usr/share/texlive/texmf-dist/tex/latex/subfigure/subfigure.sty
Package: subfigure 2002/03/15 v2.1.5 subfigure package
\subfigtopskip=\skip49
\subfigcapskip=\skip50
\subfigcaptopadj=\dimen114
\subfigbottomskip=\skip51
\subfigcapmargin=\dimen115
\subfiglabelskip=\skip52
\c@subfigure=\count100
\c@lofdepth=\count101
\c@subtable=\count102
\c@lotdepth=\count103

****************************************
* Local config file subfigure.cfg used *
****************************************
(/usr/share/texlive/texmf-dist/tex/latex/subfigure/subfigure.cfg)
\subfig@top=\skip53
\subfig@bottom=\skip54
)
(/usr/share/texlive/texmf-dist/tex/latex/float/float.sty
Package: float 2001/11/08 v1.3d Float enhancements (AL)
\c@float@type=\count104
\float@exts=\toks20
\float@box=\box29
\@float@everytoks=\toks21
\@floatcapt=\box30
)
(/usr/share/texlive/texmf-dist/tex/generic/babel/babel.sty
Package: babel 2019/06/03 3.32 The Babel package

(/usr/share/texlive/texmf-dist/tex/generic/babel/switch.def
File: switch.def 2019/06/03 3.32 Babel switching mechanism
)
(/usr/share/texlive/texmf-dist/tex/generic/babel-german/ngerman.ldf
Language: ngerman 2018/12/08 v2.11 German support for babel (post-1996 orthogra
phy)

(/usr/share/texlive/texmf-dist/tex/generic/babel-german/ngermanb.ldf
Language: ngermanb 2018/12/08 v2.11 German support for babel (post-1996 orthogr
aphy)

(/usr/share/texlive/texmf-dist/tex/generic/babel/babel.def
File: babel.def 2019/06/03 3.32 Babel common definitions
\babel@savecnt=\count105
\U@D=\dimen116

(/usr/share/texlive/texmf-dist/tex/generic/babel/txtbabel.def)
\bbl@dirlevel=\count106
)
Package babel Info: Making " an active character on input line 121.
))
(/usr/share/texlive/texmf-dist/tex/generic/babel-english/english.ldf
Language: english 2017/06/06 v3.3r English support from the babel system
\l@british = a dialect from \language\l@english 
\l@UKenglish = a dialect from \language\l@english 
\l@canadian = a dialect from \language\l@american 
\l@australian = a dialect from \language\l@british 
\l@newzealand = a dialect from \language\l@british 
))
(/usr/share/texlive/texmf-dist/tex/latex/geometry/geometry.sty
Package: geometry 2018/04/16 v5.8 Page Geometry

(/usr/share/texlive/texmf-dist/tex/generic/oberdiek/ifpdf.sty
Package: ifpdf 2018/09/07 v3.3 Provides the ifpdf switch
)
(/usr/share/texlive/texmf-dist/tex/generic/oberdiek/ifvtex.sty
Package: ifvtex 2016/05/16 v1.6 Detect VTeX and its facilities (HO)
Package ifvtex Info: VTeX not detected.
)
(/usr/share/texlive/texmf-dist/tex/generic/ifxetex/ifxetex.sty
Package: ifxetex 2010/09/12 v0.6 Provides ifxetex conditional
)
\Gm@cnth=\count107
\Gm@cntv=\count108
\c@Gm@tempcnt=\count109
\Gm@bindingoffset=\dimen117
\Gm@wd@mp=\dimen118
\Gm@odd@mp=\dimen119
\Gm@even@mp=\dimen120
\Gm@layoutwidth=\dimen121
\Gm@layoutheight=\dimen122
\Gm@layouthoffset=\dimen123
\Gm@layoutvoffset=\dimen124
\Gm@dimlist=\toks22
)
\@input{settings/metadata.aux}
\openout2 = `settings/metadata.aux'.

(./settings/metadata.tex) (./masterarbeit.aux (./other/titlepage.aux)
(./other/abstract.aux) (./other/declaration.aux))
\openout1 = `masterarbeit.aux'.

LaTeX Font Info:    Checking defaults for OML/cmm/m/it on input line 15.
LaTeX Font Info:    ... okay on input line 15.
LaTeX Font Info:    Checking defaults for T1/cmr/m/n on input line 15.
LaTeX Font Info:    ... okay on input line 15.
LaTeX Font Info:    Checking defaults for OT1/cmr/m/n on input line 15.
LaTeX Font Info:    ... okay on input line 15.
LaTeX Font Info:    Checking defaults for OMS/cmsy/m/n on input line 15.
LaTeX Font Info:    ... okay on input line 15.
LaTeX Font Info:    Checking defaults for OMX/cmex/m/n on input line 15.
LaTeX Font Info:    ... okay on input line 15.
LaTeX Font Info:    Checking defaults for U/cmr/m/n on input line 15.
LaTeX Font Info:    ... okay on input line 15.

(/usr/share/texlive/texmf-dist/tex/context/base/mkii/supp-pdf.mkii
[Loading MPS to PDF converter (version 2006.09.02).]
\scratchcounter=\count110
\scratchdimen=\dimen125
\scratchbox=\box31
\nofMPsegments=\count111
\nofMParguments=\count112
\everyMPshowfont=\toks23
\MPscratchCnt=\count113
\MPscratchDim=\dimen126
\MPnumerator=\count114
\makeMPintoPDFobject=\count115
\everyMPtoPDFconversion=\toks24
) (/usr/share/texlive/texmf-dist/tex/latex/oberdiek/epstopdf-base.sty
Package: epstopdf-base 2016/05/15 v2.6 Base part for package epstopdf

(/usr/share/texlive/texmf-dist/tex/generic/oberdiek/infwarerr.sty
Package: infwarerr 2016/05/16 v1.4 Providing info/warning/error messages (HO)
)
(/usr/share/texlive/texmf-dist/tex/latex/oberdiek/grfext.sty
Package: grfext 2016/05/16 v1.2 Manage graphics extensions (HO)

(/usr/share/texlive/texmf-dist/tex/generic/oberdiek/kvdefinekeys.sty
Package: kvdefinekeys 2016/05/16 v1.4 Define keys (HO)

(/usr/share/texlive/texmf-dist/tex/generic/oberdiek/ltxcmds.sty
Package: ltxcmds 2016/05/16 v1.23 LaTeX kernel commands for general use (HO)
)))
(/usr/share/texlive/texmf-dist/tex/latex/oberdiek/kvoptions.sty
Package: kvoptions 2016/05/16 v3.12 Key value format for package options (HO)

(/usr/share/texlive/texmf-dist/tex/generic/oberdiek/kvsetkeys.sty
Package: kvsetkeys 2016/05/16 v1.17 Key value parser (HO)

(/usr/share/texlive/texmf-dist/tex/generic/oberdiek/etexcmds.sty
Package: etexcmds 2016/05/16 v1.6 Avoid name clashes with e-TeX commands (HO)

(/usr/share/texlive/texmf-dist/tex/generic/oberdiek/ifluatex.sty
Package: ifluatex 2016/05/16 v1.4 Provides the ifluatex switch (HO)
Package ifluatex Info: LuaTeX not detected.
))))
(/usr/share/texlive/texmf-dist/tex/generic/oberdiek/pdftexcmds.sty
Package: pdftexcmds 2018/09/10 v0.29 Utility functions of pdfTeX for LuaTeX (HO
)
Package pdftexcmds Info: LuaTeX not detected.
Package pdftexcmds Info: \pdf@primitive is available.
Package pdftexcmds Info: \pdf@ifprimitive is available.
Package pdftexcmds Info: \pdfdraftmode found.
)
Package epstopdf-base Info: Redefining graphics rule for `.eps' on input line 4
38.
Package grfext Info: Graphics extension search list:
(grfext)             [.pdf,.png,.jpg,.mps,.jpeg,.jbig2,.jb2,.PDF,.PNG,.JPG,.JPE
G,.JBIG2,.JB2,.eps]
(grfext)             \AppendGraphicsExtensions on input line 456.

(/usr/share/texlive/texmf-dist/tex/latex/latexconfig/epstopdf-sys.cfg
File: epstopdf-sys.cfg 2010/07/13 v1.3 Configuration of (r)epstopdf for TeX Liv
e
))
*geometry* driver: auto-detecting
*geometry* detected driver: pdftex
*geometry* verbose mode - [ preamble ] result:
* driver: pdftex
* paper: a4paper
* layout: <same size as paper>
* layoutoffset:(h,v)=(0.0pt,0.0pt)
* modes: 
* h-part:(L,W,R)=(85.35826pt, 426.79135pt, 85.35826pt)
* v-part:(T,H,B)=(56.9055pt, 717.00946pt, 71.13188pt)
* \paperwidth=597.50787pt
* \paperheight=845.04684pt
* \textwidth=426.79135pt
* \textheight=717.00946pt
* \oddsidemargin=13.08827pt
* \evensidemargin=13.08827pt
* \topmargin=-52.36449pt
* \headheight=12.0pt
* \headsep=25.0pt
* \topskip=12.0pt
* \footskip=30.0pt
* \marginparwidth=35.0pt
* \marginparsep=10.0pt
* \columnsep=10.0pt
* \skip\footins=10.8pt plus 4.0pt minus 2.0pt
* \hoffset=0.0pt
* \voffset=0.0pt
* \mag=1000
* \@twocolumnfalse
* \@twosidefalse
* \@mparswitchfalse
* \@reversemarginfalse
* (1in=72.27pt=25.4mm, 1cm=28.453pt)

\openout2 = `other/titlepage.aux'.

(./other/titlepage.tex)
<husiegel.pdf, id=1, 131.49126pt x 132.495pt>
File: husiegel.pdf Graphic file (type pdf)
<use husiegel.pdf>
Package pdftex.def Info: husiegel.pdf  used on input line 24.
(pdftex.def)             Requested size: 170.71652pt x 172.02713pt.
 [1





{/var/lib/texmf/fonts/map/pdftex/updmap/pdftex.map} <./husiegel.pdf>]
\openout2 = `other/abstract.aux'.

 (./other/abstract.tex) [2

] (./masterarbeit.toc)
\tf@toc=\write3
\openout3 = `masterarbeit.toc'.

 [3

]
<realstatevar14vsh2noleg.pdf, id=24, 462.52798pt x 346.89601pt>
File: realstatevar14vsh2noleg.pdf Graphic file (type pdf)
<use realstatevar14vsh2noleg.pdf>
Package pdftex.def Info: realstatevar14vsh2noleg.pdf  used on input line 43.
(pdftex.def)             Requested size: 208.13567pt x 156.10176pt.
<realstatevar14v2noleg.pdf, id=25, 462.52798pt x 346.89601pt>
File: realstatevar14v2noleg.pdf Graphic file (type pdf)
<use realstatevar14v2noleg.pdf>
Package pdftex.def Info: realstatevar14v2noleg.pdf  used on input line 43.
(pdftex.def)             Requested size: 208.13567pt x 156.10176pt.
 [1]
<veldynupper.png, id=29, 498.86375pt x 237.88875pt>
File: veldynupper.png Graphic file (type png)
<use veldynupper.png>
Package pdftex.def Info: veldynupper.png  used on input line 57.
(pdftex.def)             Requested size: 213.39568pt x 101.7602pt.
<veldynlower.png, id=31, 498.86375pt x 337.26pt>
File: veldynlower.png Graphic file (type png)
<use veldynlower.png>
Package pdftex.def Info: veldynlower.png  used on input line 58.
(pdftex.def)             Requested size: 213.39568pt x 144.26762pt.

Overfull \hbox (2.61108pt too wide) in paragraph at lines 57--59
[][] [] 
 []

[2 <./realstatevar14vsh2noleg.pdf> <./realstatevar14v2noleg.pdf

pdfTeX warning: /usr/bin/pdflatex (file ./realstatevar14v2noleg.pdf): PDF inclu
sion: multiple pdfs with page group included in a single page
> <./veldynupper.png> <./veldynlower.png>]
<nbpsim1.png, id=100, 731.73375pt x 542.025pt>
File: nbpsim1.png Graphic file (type png)
<use nbpsim1.png>
Package pdftex.def Info: nbpsim1.png  used on input line 71.
(pdftex.def)             Requested size: 365.86598pt x 271.01183pt.
 [3 <./nbpsim1.png>] [4]
<kramerfit.png, id=112, 893.3375pt x 556.0775pt>
File: kramerfit.png Graphic file (type png)
<use kramerfit.png>
Package pdftex.def Info: kramerfit.png  used on input line 109.
(pdftex.def)             Requested size: 213.39568pt x 132.83342pt.
<barrierplot.png, id=113, 827.09pt x 561.09625pt>
File: barrierplot.png Graphic file (type png)
<use barrierplot.png>
Package pdftex.def Info: barrierplot.png  used on input line 110.
(pdftex.def)             Requested size: 213.39568pt x 144.76857pt.

Overfull \hbox (2.61108pt too wide) in paragraph at lines 109--111
[][] [] 
 []

[5 <./kramerfit.png> <./barrierplot.png>] [6]
Underfull \hbox (badness 10000) in paragraph at lines 133--138

 []

[7]
<inapikrealncwnp.pdf, id=126, 462.52798pt x 346.89601pt>
File: inapikrealncwnp.pdf Graphic file (type pdf)
<use inapikrealncwnp.pdf>
Package pdftex.def Info: inapikrealncwnp.pdf  used on input line 186.
(pdftex.def)             Requested size: 439.39908pt x 329.54933pt.

Overfull \hbox (12.60773pt too wide) in paragraph at lines 186--186
 [][] 
 []

[8]
<inapreali20nbfontblack.pdf, id=133, 462.52798pt x 346.89601pt>
File: inapreali20nbfontblack.pdf Graphic file (type pdf)
<use inapreali20nbfontblack.pdf>
Package pdftex.def Info: inapreali20nbfontblack.pdf  used on input line 200.
(pdftex.def)             Requested size: 208.13567pt x 156.10176pt.
<inapreali20fontblack.pdf, id=134, 462.52798pt x 346.89601pt>
File: inapreali20fontblack.pdf Graphic file (type pdf)
<use inapreali20fontblack.pdf>
Package pdftex.def Info: inapreali20fontblack.pdf  used on input line 201.
(pdftex.def)             Requested size: 208.13567pt x 156.10176pt.
<inapreali20nbvfontblack.pdf, id=135, 462.52798pt x 346.89601pt>
File: inapreali20nbvfontblack.pdf Graphic file (type pdf)
<use inapreali20nbvfontblack.pdf>
Package pdftex.def Info: inapreali20nbvfontblack.pdf  used on input line 201.
(pdftex.def)             Requested size: 208.13567pt x 156.10176pt.
<inapreali20vfontblack.pdf, id=136, 462.52798pt x 346.89601pt>
File: inapreali20vfontblack.pdf Graphic file (type pdf)
<use inapreali20vfontblack.pdf>
Package pdftex.def Info: inapreali20vfontblack.pdf  used on input line 202.
(pdftex.def)             Requested size: 208.13567pt x 156.10176pt.
 [9 <./inapikrealncwnp.pdf>]
<contourtime01wn2.pdf, id=179, 462.52798pt x 346.89601pt>
File: contourtime01wn2.pdf Graphic file (type pdf)
<use contourtime01wn2.pdf>
Package pdftex.def Info: contourtime01wn2.pdf  used on input line 210.
(pdftex.def)             Requested size: 208.13567pt x 156.10176pt.
<contoureqtime01wn3.pdf, id=180, 462.52798pt x 346.89601pt>
File: contoureqtime01wn3.pdf Graphic file (type pdf)
<use contoureqtime01wn3.pdf>
Package pdftex.def Info: contoureqtime01wn3.pdf  used on input line 211.
(pdftex.def)             Requested size: 208.13567pt x 156.10176pt.
 [10 <./inapreali20nbfontblack.pdf> <./inapreali20fontblack.pdf

pdfTeX warning: /usr/bin/pdflatex (file ./inapreali20fontblack.pdf): PDF inclus
ion: multiple pdfs with page group included in a single page
> <./inapreali20nbvfontblack.pdf

pdfTeX warning: /usr/bin/pdflatex (file ./inapreali20nbvfontblack.pdf): PDF inc
lusion: multiple pdfs with page group included in a single page
> <./inapreali20vfontblack.pdf

pdfTeX warning: /usr/bin/pdflatex (file ./inapreali20vfontblack.pdf): PDF inclu
sion: multiple pdfs with page group included in a single page
>]
<realstatevar1252.pdf, id=299, 462.52798pt x 346.89601pt>
File: realstatevar1252.pdf Graphic file (type pdf)
<use realstatevar1252.pdf>
Package pdftex.def Info: realstatevar1252.pdf  used on input line 221.
(pdftex.def)             Requested size: 185.0079pt x 138.75594pt.
<realstatevar1352.pdf, id=300, 462.52798pt x 346.89601pt>
File: realstatevar1352.pdf Graphic file (type pdf)
<use realstatevar1352.pdf>
Package pdftex.def Info: realstatevar1352.pdf  used on input line 222.
(pdftex.def)             Requested size: 185.0079pt x 138.75594pt.
<realstatevar152.pdf, id=301, 462.52798pt x 346.89601pt>
File: realstatevar152.pdf Graphic file (type pdf)
<use realstatevar152.pdf>
Package pdftex.def Info: realstatevar152.pdf  used on input line 222.
(pdftex.def)             Requested size: 185.0079pt x 138.75594pt.
<realstatevar125vsh2.pdf, id=302, 462.52798pt x 346.89601pt>
File: realstatevar125vsh2.pdf Graphic file (type pdf)
<use realstatevar125vsh2.pdf>
Package pdftex.def Info: realstatevar125vsh2.pdf  used on input line 223.
(pdftex.def)             Requested size: 185.0079pt x 138.75594pt.
 [11 <./contourtime01wn2.pdf> <./contoureqtime01wn3.pdf

pdfTeX warning: /usr/bin/pdflatex (file ./contoureqtime01wn3.pdf): PDF inclusio
n: multiple pdfs with page group included in a single page
>]
File: realstatevar125vsh2.pdf Graphic file (type pdf)
<use realstatevar125vsh2.pdf>
Package pdftex.def Info: realstatevar125vsh2.pdf  used on input line 230.
(pdftex.def)             Requested size: 208.13567pt x 156.10176pt.
<realstatep125vshbig.pdf, id=378, 462.52798pt x 346.89601pt>
File: realstatep125vshbig.pdf Graphic file (type pdf)
<use realstatep125vshbig.pdf>
Package pdftex.def Info: realstatep125vshbig.pdf  used on input line 231.
(pdftex.def)             Requested size: 208.13567pt x 156.10176pt.
 [12 <./realstatevar1252.pdf> <./realstatevar1352.pdf

pdfTeX warning: /usr/bin/pdflatex (file ./realstatevar1352.pdf): PDF inclusion:
 multiple pdfs with page group included in a single page
> <./realstatevar152.pdf

pdfTeX warning: /usr/bin/pdflatex (file ./realstatevar152.pdf): PDF inclusion: 
multiple pdfs with page group included in a single page
> <./realstatevar125vsh2.pdf

pdfTeX warning: /usr/bin/pdflatex (file ./realstatevar125vsh2.pdf): PDF inclusi
on: multiple pdfs with page group included in a single page
> <./realstatep125vshbig.pdf

pdfTeX warning: /usr/bin/pdflatex (file ./realstatep125vshbig.pdf): PDF inclusi
on: multiple pdfs with page group included in a single page
>]
Underfull \hbox (badness 10000) in paragraph at lines 241--245

 []

<inapikanhopfnc.pdf, id=594, 462.52798pt x 346.89601pt>
File: inapikanhopfnc.pdf Graphic file (type pdf)
<use inapikanhopfnc.pdf>
Package pdftex.def Info: inapikanhopfnc.pdf  used on input line 254.
(pdftex.def)             Requested size: 439.39908pt x 329.54933pt.

Overfull \hbox (12.60773pt too wide) in paragraph at lines 254--254
 [][] 
 []

[13]
<inaprealanhopfnbblack.pdf, id=598, 462.52798pt x 346.89601pt>
File: inaprealanhopfnbblack.pdf Graphic file (type pdf)
<use inaprealanhopfnbblack.pdf>
Package pdftex.def Info: inaprealanhopfnbblack.pdf  used on input line 266.
(pdftex.def)             Requested size: 208.13567pt x 156.10176pt.
<inaprealanhopfblack.pdf, id=599, 462.52798pt x 346.89601pt>
File: inaprealanhopfblack.pdf Graphic file (type pdf)
<use inaprealanhopfblack.pdf>
Package pdftex.def Info: inaprealanhopfblack.pdf  used on input line 267.
(pdftex.def)             Requested size: 208.13567pt x 156.10176pt.
<inaprealanhopfnbvtblack.pdf, id=600, 462.52798pt x 346.89601pt>
File: inaprealanhopfnbvtblack.pdf Graphic file (type pdf)
<use inaprealanhopfnbvtblack.pdf>
Package pdftex.def Info: inaprealanhopfnbvtblack.pdf  used on input line 267.
(pdftex.def)             Requested size: 208.13567pt x 156.10176pt.
<inaprealanhopfvtblack.pdf, id=601, 462.52798pt x 346.89601pt>
File: inaprealanhopfvtblack.pdf Graphic file (type pdf)
<use inaprealanhopfvtblack.pdf>
Package pdftex.def Info: inaprealanhopfvtblack.pdf  used on input line 268.
(pdftex.def)             Requested size: 208.13567pt x 156.10176pt.
 [14 <./inapikanhopfnc.pdf>]
<contouranhopfa2sh.pdf, id=646, 462.52798pt x 346.89601pt>
File: contouranhopfa2sh.pdf Graphic file (type pdf)
<use contouranhopfa2sh.pdf>
Package pdftex.def Info: contouranhopfa2sh.pdf  used on input line 275.
(pdftex.def)             Requested size: 208.13567pt x 156.10176pt.
<contouranhopfa2time.pdf, id=647, 462.52798pt x 346.89601pt>
File: contouranhopfa2time.pdf Graphic file (type pdf)
<use contouranhopfa2time.pdf>
Package pdftex.def Info: contouranhopfa2time.pdf  used on input line 276.
(pdftex.def)             Requested size: 208.13567pt x 156.10176pt.
 [15 <./inaprealanhopfnbblack.pdf> <./inaprealanhopfblack.pdf

pdfTeX warning: /usr/bin/pdflatex (file ./inaprealanhopfblack.pdf): PDF inclusi
on: multiple pdfs with page group included in a single page
> <./inaprealanhopfnbvtblack.pdf

pdfTeX warning: /usr/bin/pdflatex (file ./inaprealanhopfnbvtblack.pdf): PDF inc
lusion: multiple pdfs with page group included in a single page
> <./inaprealanhopfvtblack.pdf

pdfTeX warning: /usr/bin/pdflatex (file ./inaprealanhopfvtblack.pdf): PDF inclu
sion: multiple pdfs with page group included in a single page
>]
<inaprealanhopfunstablewn2black.pdf, id=773, 462.52798pt x 346.89601pt>
File: inaprealanhopfunstablewn2black.pdf Graphic file (type pdf)
<use inaprealanhopfunstablewn2black.pdf>
Package pdftex.def Info: inaprealanhopfunstablewn2black.pdf  used on input line
 283.
(pdftex.def)             Requested size: 208.13567pt x 156.10176pt.
<inaprealanhopfunstablevtblack.pdf, id=774, 462.52798pt x 346.89601pt>
File: inaprealanhopfunstablevtblack.pdf Graphic file (type pdf)
<use inaprealanhopfunstablevtblack.pdf>
Package pdftex.def Info: inaprealanhopfunstablevtblack.pdf  used on input line 
284.
(pdftex.def)             Requested size: 208.13567pt x 156.10176pt.
<inaprealanhopfnb2black.pdf, id=775, 462.52798pt x 346.89601pt>
File: inaprealanhopfnb2black.pdf Graphic file (type pdf)
<use inaprealanhopfnb2black.pdf>
Package pdftex.def Info: inaprealanhopfnb2black.pdf  used on input line 290.
(pdftex.def)             Requested size: 208.13567pt x 156.10176pt.
<inaprealanhopfunstable2black.pdf, id=776, 462.52798pt x 346.89601pt>
File: inaprealanhopfunstable2black.pdf Graphic file (type pdf)
<use inaprealanhopfunstable2black.pdf>
Package pdftex.def Info: inaprealanhopfunstable2black.pdf  used on input line 2
91.
(pdftex.def)             Requested size: 208.13567pt x 156.10176pt.
 [16 <./contouranhopfa2sh.pdf> <./contouranhopfa2time.pdf

pdfTeX warning: /usr/bin/pdflatex (file ./contouranhopfa2time.pdf): PDF inclusi
on: multiple pdfs with page group included in a single page
> <./inaprealanhopfunstablewn2black.pdf

pdfTeX warning: /usr/bin/pdflatex (file ./inaprealanhopfunstablewn2black.pdf): 
PDF inclusion: multiple pdfs with page group included in a single page
> <./inaprealanhopfunstablevtblack.pdf

pdfTeX warning: /usr/bin/pdflatex (file ./inaprealanhopfunstablevtblack.pdf): P
DF inclusion: multiple pdfs with page group included in a single page
>]
<realstateanhopf45full.pdf, id=916, 462.52798pt x 346.89601pt>
File: realstateanhopf45full.pdf Graphic file (type pdf)
<use realstateanhopf45full.pdf>
Package pdftex.def Info: realstateanhopf45full.pdf  used on input line 298.
(pdftex.def)             Requested size: 208.13567pt x 156.10176pt.
<realstateanhopf55full.pdf, id=917, 462.52798pt x 346.89601pt>
File: realstateanhopf55full.pdf Graphic file (type pdf)
<use realstateanhopf55full.pdf>
Package pdftex.def Info: realstateanhopf55full.pdf  used on input line 299.
(pdftex.def)             Requested size: 208.13567pt x 156.10176pt.
<realstateanhopf5sh3.pdf, id=918, 462.52798pt x 346.89601pt>
File: realstateanhopf5sh3.pdf Graphic file (type pdf)
<use realstateanhopf5sh3.pdf>
Package pdftex.def Info: realstateanhopf5sh3.pdf  used on input line 299.
(pdftex.def)             Requested size: 208.13567pt x 156.10176pt.
<realstateanhopf52sh.pdf, id=919, 462.52798pt x 346.89601pt>
File: realstateanhopf52sh.pdf Graphic file (type pdf)
<use realstateanhopf52sh.pdf>
Package pdftex.def Info: realstateanhopf52sh.pdf  used on input line 300.
(pdftex.def)             Requested size: 208.13567pt x 156.10176pt.
File: realstateanhopf5sh3.pdf Graphic file (type pdf)
<use realstateanhopf5sh3.pdf>
Package pdftex.def Info: realstateanhopf5sh3.pdf  used on input line 309.
(pdftex.def)             Requested size: 208.13567pt x 156.10176pt.
<inaprealanhopfreal5psh.pdf, id=920, 462.52798pt x 346.89601pt>
File: inaprealanhopfreal5psh.pdf Graphic file (type pdf)
<use inaprealanhopfreal5psh.pdf>
Package pdftex.def Info: inaprealanhopfreal5psh.pdf  used on input line 310.
(pdftex.def)             Requested size: 208.13567pt x 156.10176pt.
 [17 <./inaprealanhopfnb2black.pdf> <./inaprealanhopfunstable2black.pdf

pdfTeX warning: /usr/bin/pdflatex (file ./inaprealanhopfunstable2black.pdf): PD
F inclusion: multiple pdfs with page group included in a single page
> <./realstateanhopf45full.pdf

pdfTeX warning: /usr/bin/pdflatex (file ./realstateanhopf45full.pdf): PDF inclu
sion: multiple pdfs with page group included in a single page
> <./realstateanhopf55full.pdf

pdfTeX warning: /usr/bin/pdflatex (file ./realstateanhopf55full.pdf): PDF inclu
sion: multiple pdfs with page group included in a single page
> <./realstateanhopf5sh3.pdf

pdfTeX warning: /usr/bin/pdflatex (file ./realstateanhopf5sh3.pdf): PDF inclusi
on: multiple pdfs with page group included in a single page
> <./realstateanhopf52sh.pdf

pdfTeX warning: /usr/bin/pdflatex (file ./realstateanhopf52sh.pdf): PDF inclusi
on: multiple pdfs with page group included in a single page
>] [18 <./inaprealanhopfreal5psh.pdf>]
Underfull \hbox (badness 10000) in paragraph at lines 329--333

 []


Underfull \hbox (badness 10000) in paragraph at lines 329--333

 []

<rinzelclinesarrowwp.pdf, id=1196, 462.52798pt x 346.89601pt>
File: rinzelclinesarrowwp.pdf Graphic file (type pdf)
<use rinzelclinesarrowwp.pdf>
Package pdftex.def Info: rinzelclinesarrowwp.pdf  used on input line 354.
(pdftex.def)             Requested size: 439.39908pt x 329.54933pt.

Overfull \hbox (12.60773pt too wide) in paragraph at lines 354--354
 [][] 
 []

[19]
<realstatedetrinzelpnb2wnblack.pdf, id=1200, 462.52798pt x 346.89601pt>
File: realstatedetrinzelpnb2wnblack.pdf Graphic file (type pdf)
<use realstatedetrinzelpnb2wnblack.pdf>
Package pdftex.def Info: realstatedetrinzelpnb2wnblack.pdf  used on input line 
367.
(pdftex.def)             Requested size: 208.13567pt x 156.10176pt.
<realstatedetrinzelpnbwnblack.pdf, id=1201, 462.52798pt x 346.89601pt>
File: realstatedetrinzelpnbwnblack.pdf Graphic file (type pdf)
<use realstatedetrinzelpnbwnblack.pdf>
Package pdftex.def Info: realstatedetrinzelpnbwnblack.pdf  used on input line 3
68.
(pdftex.def)             Requested size: 208.13567pt x 156.10176pt.
<realstatedetrinzelpnb2.pdf, id=1202, 462.52798pt x 346.89601pt>
File: realstatedetrinzelpnb2.pdf Graphic file (type pdf)
<use realstatedetrinzelpnb2.pdf>
Package pdftex.def Info: realstatedetrinzelpnb2.pdf  used on input line 368.
(pdftex.def)             Requested size: 208.13567pt x 156.10176pt.
<realstatedetrinzelpnb.pdf, id=1203, 462.52798pt x 346.89601pt>
File: realstatedetrinzelpnb.pdf Graphic file (type pdf)
<use realstatedetrinzelpnb.pdf>
Package pdftex.def Info: realstatedetrinzelpnb.pdf  used on input line 369.
(pdftex.def)             Requested size: 208.13567pt x 156.10176pt.
 [20 <./rinzelclinesarrowwp.pdf>]
<contourrinzela12shalt3.pdf, id=1250, 462.52798pt x 346.89601pt>
File: contourrinzela12shalt3.pdf Graphic file (type pdf)
<use contourrinzela12shalt3.pdf>
Package pdftex.def Info: contourrinzela12shalt3.pdf  used on input line 377.
(pdftex.def)             Requested size: 208.13567pt x 156.10176pt.
<contourrinzela12time.pdf, id=1251, 462.52798pt x 346.89601pt>
File: contourrinzela12time.pdf Graphic file (type pdf)
<use contourrinzela12time.pdf>
Package pdftex.def Info: contourrinzela12time.pdf  used on input line 378.
(pdftex.def)             Requested size: 208.13567pt x 156.10176pt.
 [21 <./realstatedetrinzelpnb2wnblack.pdf> <./realstatedetrinzelpnbwnblack.pdf

pdfTeX warning: /usr/bin/pdflatex (file ./realstatedetrinzelpnbwnblack.pdf): PD
F inclusion: multiple pdfs with page group included in a single page
> <./realstatedetrinzelpnb2.pdf

pdfTeX warning: /usr/bin/pdflatex (file ./realstatedetrinzelpnb2.pdf): PDF incl
usion: multiple pdfs with page group included in a single page
> <./realstatedetrinzelpnb.pdf

pdfTeX warning: /usr/bin/pdflatex (file ./realstatedetrinzelpnb.pdf): PDF inclu
sion: multiple pdfs with page group included in a single page
>] [22 <./contourrinzela12shalt3.pdf> <./contourrinzela12time.pdf

pdfTeX warning: /usr/bin/pdflatex (file ./contourrinzela12time.pdf): PDF inclus
ion: multiple pdfs with page group included in a single page
>]
<realstatedetrinzel16100.pdf, id=1505, 462.52798pt x 346.89601pt>
File: realstatedetrinzel16100.pdf Graphic file (type pdf)
<use realstatedetrinzel16100.pdf>
Package pdftex.def Info: realstatedetrinzel16100.pdf  used on input line 389.
(pdftex.def)             Requested size: 208.13567pt x 156.10176pt.
<realstatedetrinzel12100.pdf, id=1506, 462.52798pt x 346.89601pt>
File: realstatedetrinzel12100.pdf Graphic file (type pdf)
<use realstatedetrinzel12100.pdf>
Package pdftex.def Info: realstatedetrinzel12100.pdf  used on input line 390.
(pdftex.def)             Requested size: 208.13567pt x 156.10176pt.
<realstatedetrinzel16100sh2.pdf, id=1507, 462.52798pt x 346.89601pt>
File: realstatedetrinzel16100sh2.pdf Graphic file (type pdf)
<use realstatedetrinzel16100sh2.pdf>
Package pdftex.def Info: realstatedetrinzel16100sh2.pdf  used on input line 390
.
(pdftex.def)             Requested size: 208.13567pt x 156.10176pt.
<realstatedetrinzel12100sh.pdf, id=1508, 462.52798pt x 346.89601pt>
File: realstatedetrinzel12100sh.pdf Graphic file (type pdf)
<use realstatedetrinzel12100sh.pdf>
Package pdftex.def Info: realstatedetrinzel12100sh.pdf  used on input line 391.

(pdftex.def)             Requested size: 208.13567pt x 156.10176pt.
File: realstatedetrinzel16100sh2.pdf Graphic file (type pdf)
<use realstatedetrinzel16100sh2.pdf>
Package pdftex.def Info: realstatedetrinzel16100sh2.pdf  used on input line 399
.
(pdftex.def)             Requested size: 208.13567pt x 156.10176pt.
<realstatedetrinzelp16100shnn.pdf, id=1509, 462.52798pt x 346.89601pt>
File: realstatedetrinzelp16100shnn.pdf Graphic file (type pdf)
<use realstatedetrinzelp16100shnn.pdf>
Package pdftex.def Info: realstatedetrinzelp16100shnn.pdf  used on input line 4
00.
(pdftex.def)             Requested size: 208.13567pt x 156.10176pt.
 [23 <./realstatedetrinzel16100.pdf> <./realstatedetrinzel12100.pdf

pdfTeX warning: /usr/bin/pdflatex (file ./realstatedetrinzel12100.pdf): PDF inc
lusion: multiple pdfs with page group included in a single page
> <./realstatedetrinzel16100sh2.pdf

pdfTeX warning: /usr/bin/pdflatex (file ./realstatedetrinzel16100sh2.pdf): PDF 
inclusion: multiple pdfs with page group included in a single page
> <./realstatedetrinzel12100sh.pdf

pdfTeX warning: /usr/bin/pdflatex (file ./realstatedetrinzel12100sh.pdf): PDF i
nclusion: multiple pdfs with page group included in a single page
>]
Underfull \hbox (badness 10000) in paragraph at lines 405--407

 []

[24 <./realstatedetrinzelp16100shnn.pdf>] [25]
Underfull \hbox (badness 10000) in paragraph at lines 579--583

 []

[26]

LaTeX Warning: `h' float specifier changed to `ht'.

[27]
Overfull \hbox (8.92496pt too wide) in paragraph at lines 631--641
\OT1/cmr/m/n/12 Considering that the neu-ron with sub-crit-i-cal Andronov-Hopf 
bi-fur-ca-tion shows slightly
 []

[28] [29]
<allfast4.pdf, id=1744, 462.52798pt x 346.89601pt>
File: allfast4.pdf Graphic file (type pdf)
<use allfast4.pdf>
Package pdftex.def Info: allfast4.pdf  used on input line 664.
(pdftex.def)             Requested size: 462.52684pt x 346.89516pt.

Overfull \hbox (35.73549pt too wide) in paragraph at lines 664--664
 [][] 
 []

[30]
<allfastanhopf2.pdf, id=1748, 462.52798pt x 346.89601pt>
File: allfastanhopf2.pdf Graphic file (type pdf)
<use allfastanhopf2.pdf>
Package pdftex.def Info: allfastanhopf2.pdf  used on input line 679.
(pdftex.def)             Requested size: 462.52684pt x 346.89516pt.

Overfull \hbox (35.73549pt too wide) in paragraph at lines 679--679
 [][] 
 []

[31 <./allfast4.pdf>]
<allfastrinzel2.pdf, id=1779, 462.52798pt x 346.89601pt>
File: allfastrinzel2.pdf Graphic file (type pdf)
<use allfastrinzel2.pdf>
Package pdftex.def Info: allfastrinzel2.pdf  used on input line 707.
(pdftex.def)             Requested size: 462.52684pt x 346.89516pt.

Overfull \hbox (35.73549pt too wide) in paragraph at lines 707--707
 [][] 
 []

[32 <./allfastanhopf2.pdf>] [33 <./allfastrinzel2.pdf>]
<dneursinglerealrinzel20ninv0realrinzel15ninv0.pdf, id=1836, 462.52798pt x 346.
89601pt>
File: dneursinglerealrinzel20ninv0realrinzel15ninv0.pdf Graphic file (type pdf)

<use dneursinglerealrinzel20ninv0realrinzel15ninv0.pdf>
Package pdftex.def Info: dneursinglerealrinzel20ninv0realrinzel15ninv0.pdf  use
d on input line 732.
(pdftex.def)             Requested size: 208.13567pt x 156.10176pt.
<gneursinglerealrinzel20ninv0realrinzel15ninv0.pdf, id=1837, 462.52798pt x 346.
89601pt>
File: gneursinglerealrinzel20ninv0realrinzel15ninv0.pdf Graphic file (type pdf)

<use gneursinglerealrinzel20ninv0realrinzel15ninv0.pdf>
Package pdftex.def Info: gneursinglerealrinzel20ninv0realrinzel15ninv0.pdf  use
d on input line 733.
(pdftex.def)             Requested size: 208.13567pt x 156.10176pt.
 [34 <./dneursinglerealrinzel20ninv0realrinzel15ninv0.pdf> <./gneursinglerealri
nzel20ninv0realrinzel15ninv0.pdf

pdfTeX warning: /usr/bin/pdflatex (file ./gneursinglerealrinzel20ninv0realrinze
l15ninv0.pdf): PDF inclusion: multiple pdfs with page group included in a singl
e page
>]
<eqdistplotmaster2.pdf, id=1928, 462.52798pt x 346.89601pt>
File: eqdistplotmaster2.pdf Graphic file (type pdf)
<use eqdistplotmaster2.pdf>
Package pdftex.def Info: eqdistplotmaster2.pdf  used on input line 748.
(pdftex.def)             Requested size: 208.13567pt x 156.10176pt.
<bdistplotmaster3.pdf, id=1929, 462.52798pt x 346.89601pt>
File: bdistplotmaster3.pdf Graphic file (type pdf)
<use bdistplotmaster3.pdf>
Package pdftex.def Info: bdistplotmaster3.pdf  used on input line 749.
(pdftex.def)             Requested size: 208.13567pt x 156.10176pt.
<tranratesneur32.pdf, id=1930, 462.52798pt x 346.89601pt>
File: tranratesneur32.pdf Graphic file (type pdf)
<use tranratesneur32.pdf>
Package pdftex.def Info: tranratesneur32.pdf  used on input line 759.
(pdftex.def)             Requested size: 462.52684pt x 346.89516pt.

Overfull \hbox (35.73549pt too wide) in paragraph at lines 759--759
 [][] 
 []

[35 <./eqdistplotmaster2.pdf> <./bdistplotmaster3.pdf

pdfTeX warning: /usr/bin/pdflatex (file ./bdistplotmaster3.pdf): PDF inclusion:
 multiple pdfs with page group included in a single page
>]

LaTeX Warning: Reference `deff' on page 36 undefined on input line 762.

<arrheniustotbigrealfast9acoarsetfrealfast23mtffit7fln.pdf, id=2018, 462.52798p
t x 346.89601pt>
File: arrheniustotbigrealfast9acoarsetfrealfast23mtffit7fln.pdf Graphic file (t
ype pdf)
<use arrheniustotbigrealfast9acoarsetfrealfast23mtffit7fln.pdf>
Package pdftex.def Info: arrheniustotbigrealfast9acoarsetfrealfast23mtffit7fln.
pdf  used on input line 767.
(pdftex.def)             Requested size: 208.13567pt x 156.10176pt.
<arrheniustotbigrealfast9acoarsetfrealfast23mtffit15fln.pdf, id=2019, 462.52798
pt x 346.89601pt>
File: arrheniustotbigrealfast9acoarsetfrealfast23mtffit15fln.pdf Graphic file (
type pdf)
<use arrheniustotbigrealfast9acoarsetfrealfast23mtffit15fln.pdf>
Package pdftex.def Info: arrheniustotbigrealfast9acoarsetfrealfast23mtffit15fln
.pdf  used on input line 768.
(pdftex.def)             Requested size: 208.13567pt x 156.10176pt.
[36 <./tranratesneur32.pdf>]
<barriereal5linebig.pdf, id=2073, 462.52798pt x 346.89601pt>
File: barriereal5linebig.pdf Graphic file (type pdf)
<use barriereal5linebig.pdf>
Package pdftex.def Info: barriereal5linebig.pdf  used on input line 786.
(pdftex.def)             Requested size: 208.13567pt x 156.10176pt.
<barriercomprealfit5linecritbig.pdf, id=2074, 462.52798pt x 346.89601pt>
File: barriercomprealfit5linecritbig.pdf Graphic file (type pdf)
<use barriercomprealfit5linecritbig.pdf>
Package pdftex.def Info: barriercomprealfit5linecritbig.pdf  used on input line
 787.
(pdftex.def)             Requested size: 208.13567pt x 156.10176pt.
 [37 <./arrheniustotbigrealfast9acoarsetfrealfast23mtffit7fln.pdf> <./arrhenius
totbigrealfast9acoarsetfrealfast23mtffit15fln.pdf

pdfTeX warning: /usr/bin/pdflatex (file ./arrheniustotbigrealfast9acoarsetfreal
fast23mtffit15fln.pdf): PDF inclusion: multiple pdfs with page group included i
n a single page
> <./barriereal5linebig.pdf

pdfTeX warning: /usr/bin/pdflatex (file ./barriereal5linebig.pdf): PDF inclusio
n: multiple pdfs with page group included in a single page
> <./barriercomprealfit5linecritbig.pdf

pdfTeX warning: /usr/bin/pdflatex (file ./barriercomprealfit5linecritbig.pdf): 
PDF inclusion: multiple pdfs with page group included in a single page
>]
<dcompdfpwnewbig2realfast23mtfrealfast19mtf.pdf, id=2267, 462.52798pt x 346.896
01pt>
File: dcompdfpwnewbig2realfast23mtfrealfast19mtf.pdf Graphic file (type pdf)
<use dcompdfpwnewbig2realfast23mtfrealfast19mtf.pdf>
Package pdftex.def Info: dcompdfpwnewbig2realfast23mtfrealfast19mtf.pdf  used o
n input line 801.
(pdftex.def)             Requested size: 208.13567pt x 156.10176pt.
<fcompdfpwnewbig2realfast23mtfrealfast19mtf.pdf, id=2268, 462.52798pt x 346.896
01pt>
File: fcompdfpwnewbig2realfast23mtfrealfast19mtf.pdf Graphic file (type pdf)
<use fcompdfpwnewbig2realfast23mtfrealfast19mtf.pdf>
Package pdftex.def Info: fcompdfpwnewbig2realfast23mtfrealfast19mtf.pdf  used o
n input line 802.
(pdftex.def)             Requested size: 208.13567pt x 156.10176pt.
<dcompdfpwnewpred3realfast11jjem2shrealfast19jjem2st.pdf, id=2269, 462.52798pt 
x 346.89601pt>
File: dcompdfpwnewpred3realfast11jjem2shrealfast19jjem2st.pdf Graphic file (typ
e pdf)
<use dcompdfpwnewpred3realfast11jjem2shrealfast19jjem2st.pdf>
Package pdftex.def Info: dcompdfpwnewpred3realfast11jjem2shrealfast19jjem2st.pd
f  used on input line 813.
(pdftex.def)             Requested size: 208.13567pt x 156.10176pt.
<fcompdfpwnewpred3realfast11jjem2shrealfast19jjem2st.pdf, id=2270, 462.52798pt 
x 346.89601pt>
File: fcompdfpwnewpred3realfast11jjem2shrealfast19jjem2st.pdf Graphic file (typ
e pdf)
<use fcompdfpwnewpred3realfast11jjem2shrealfast19jjem2st.pdf>
Package pdftex.def Info: fcompdfpwnewpred3realfast11jjem2shrealfast19jjem2st.pd
f  used on input line 815.
(pdftex.def)             Requested size: 208.13567pt x 156.10176pt.
 [38 <./dcompdfpwnewbig2realfast23mtfrealfast19mtf.pdf> <./fcompdfpwnewbig2real
fast23mtfrealfast19mtf.pdf

pdfTeX warning: /usr/bin/pdflatex (file ./fcompdfpwnewbig2realfast23mtfrealfast
19mtf.pdf): PDF inclusion: multiple pdfs with page group included in a single p
age
>]
<eqdistajrj2realanhopf19flog354.pdf, id=2368, 462.52798pt x 346.89601pt>
File: eqdistajrj2realanhopf19flog354.pdf Graphic file (type pdf)
<use eqdistajrj2realanhopf19flog354.pdf>
Package pdftex.def Info: eqdistajrj2realanhopf19flog354.pdf  used on input line
 825.
(pdftex.def)             Requested size: 208.13567pt x 156.10176pt.
<bdistajrj2realanhopf19flog2013.pdf, id=2369, 462.52798pt x 346.89601pt>
File: bdistajrj2realanhopf19flog2013.pdf Graphic file (type pdf)
<use bdistajrj2realanhopf19flog2013.pdf>
Package pdftex.def Info: bdistajrj2realanhopf19flog2013.pdf  used on input line
 826.
(pdftex.def)             Requested size: 208.13567pt x 156.10176pt.
 [39 <./dcompdfpwnewpred3realfast11jjem2shrealfast19jjem2st.pdf> <./fcompdfpwne
wpred3realfast11jjem2shrealfast19jjem2st.pdf

pdfTeX warning: /usr/bin/pdflatex (file ./fcompdfpwnewpred3realfast11jjem2shrea
lfast19jjem2st.pdf): PDF inclusion: multiple pdfs with page group included in a
 single page
>]
<tranratesanhopfsp.pdf, id=2469, 462.52798pt x 346.89601pt>
File: tranratesanhopfsp.pdf Graphic file (type pdf)
<use tranratesanhopfsp.pdf>
Package pdftex.def Info: tranratesanhopfsp.pdf  used on input line 836.
(pdftex.def)             Requested size: 462.52684pt x 346.89516pt.

Overfull \hbox (35.73549pt too wide) in paragraph at lines 836--836
 [][] 
 []

<arrheniustotbigrealanhopf19flogrealanhopf11flogfit3.pdf, id=2470, 462.52798pt 
x 346.89601pt>
File: arrheniustotbigrealanhopf19flogrealanhopf11flogfit3.pdf Graphic file (typ
e pdf)
<use arrheniustotbigrealanhopf19flogrealanhopf11flogfit3.pdf>
Package pdftex.def Info: arrheniustotbigrealanhopf19flogrealanhopf11flogfit3.pd
f  used on input line 843.
(pdftex.def)             Requested size: 208.13567pt x 156.10176pt.
<arrheniustotbigrealanhopf19flogrealanhopf11flogfit11.pdf, id=2471, 462.52798pt
 x 346.89601pt>
File: arrheniustotbigrealanhopf19flogrealanhopf11flogfit11.pdf Graphic file (ty
pe pdf)
<use arrheniustotbigrealanhopf19flogrealanhopf11flogfit11.pdf>
Package pdftex.def Info: arrheniustotbigrealanhopf19flogrealanhopf11flogfit11.p
df  used on input line 844.
(pdftex.def)             Requested size: 208.13567pt x 156.10176pt.
[40 <./eqdistajrj2realanhopf19flog354.pdf> <./bdistajrj2realanhopf19flog2013.pd
f

pdfTeX warning: /usr/bin/pdflatex (file ./bdistajrj2realanhopf19flog2013.pdf): 
PDF inclusion: multiple pdfs with page group included in a single page
> <./tranratesanhopfsp.pdf

pdfTeX warning: /usr/bin/pdflatex (file ./tranratesanhopfsp.pdf): PDF inclusion
: multiple pdfs with page group included in a single page
>]
<barrieranhopfbig.pdf, id=2608, 462.52798pt x 346.89601pt>
File: barrieranhopfbig.pdf Graphic file (type pdf)
<use barrieranhopfbig.pdf>
Package pdftex.def Info: barrieranhopfbig.pdf  used on input line 853.
(pdftex.def)             Requested size: 208.13567pt x 156.10176pt.
<barriercompanhopfcritbig.pdf, id=2609, 462.52798pt x 346.89601pt>
File: barriercompanhopfcritbig.pdf Graphic file (type pdf)
<use barriercompanhopfcritbig.pdf>
Package pdftex.def Info: barriercompanhopfcritbig.pdf  used on input line 854.
(pdftex.def)             Requested size: 208.13567pt x 156.10176pt.
<dcompdfpwnew2shrealanhopf26flogrealanhopf19flog.pdf, id=2610, 462.52798pt x 34
6.89601pt>
File: dcompdfpwnew2shrealanhopf26flogrealanhopf19flog.pdf Graphic file (type pd
f)
<use dcompdfpwnew2shrealanhopf26flogrealanhopf19flog.pdf>
Package pdftex.def Info: dcompdfpwnew2shrealanhopf26flogrealanhopf19flog.pdf  u
sed on input line 863.
(pdftex.def)             Requested size: 208.13567pt x 156.10176pt.
<fcompdfpwnew2shrealanhopf26flogrealanhopf19flog.pdf, id=2611, 462.52798pt x 34
6.89601pt>
File: fcompdfpwnew2shrealanhopf26flogrealanhopf19flog.pdf Graphic file (type pd
f)
<use fcompdfpwnew2shrealanhopf26flogrealanhopf19flog.pdf>
Package pdftex.def Info: fcompdfpwnew2shrealanhopf26flogrealanhopf19flog.pdf  u
sed on input line 864.
(pdftex.def)             Requested size: 208.13567pt x 156.10176pt.
 [41 <./arrheniustotbigrealanhopf19flogrealanhopf11flogfit3.pdf> <./arrheniusto
tbigrealanhopf19flogrealanhopf11flogfit11.pdf

pdfTeX warning: /usr/bin/pdflatex (file ./arrheniustotbigrealanhopf19flogrealan
hopf11flogfit11.pdf): PDF inclusion: multiple pdfs with page group included in 
a single page
> <./barrieranhopfbig.pdf

pdfTeX warning: /usr/bin/pdflatex (file ./barrieranhopfbig.pdf): PDF inclusion:
 multiple pdfs with page group included in a single page
> <./barriercompanhopfcritbig.pdf

pdfTeX warning: /usr/bin/pdflatex (file ./barriercompanhopfcritbig.pdf): PDF in
clusion: multiple pdfs with page group included in a single page
>]
<dcompdfpwnewpred2realanhopf19flogrealanhopf11flog.pdf, id=2804, 462.52798pt x 
346.89601pt>
File: dcompdfpwnewpred2realanhopf19flogrealanhopf11flog.pdf Graphic file (type 
pdf)
<use dcompdfpwnewpred2realanhopf19flogrealanhopf11flog.pdf>
Package pdftex.def Info: dcompdfpwnewpred2realanhopf19flogrealanhopf11flog.pdf 
 used on input line 872.
(pdftex.def)             Requested size: 208.13567pt x 156.10176pt.
<fcompdfpwnewpred2realanhopf19flogrealanhopf11flog.pdf, id=2805, 462.52798pt x 
346.89601pt>
File: fcompdfpwnewpred2realanhopf19flogrealanhopf11flog.pdf Graphic file (type 
pdf)
<use fcompdfpwnewpred2realanhopf19flogrealanhopf11flog.pdf>
Package pdftex.def Info: fcompdfpwnewpred2realanhopf19flogrealanhopf11flog.pdf 
 used on input line 874.
(pdftex.def)             Requested size: 208.13567pt x 156.10176pt.
<eqdistajrj2realrinzelrangeshort26d15009.pdf, id=2806, 462.52798pt x 346.89601p
t>
File: eqdistajrj2realrinzelrangeshort26d15009.pdf Graphic file (type pdf)
<use eqdistajrj2realrinzelrangeshort26d15009.pdf>
Package pdftex.def Info: eqdistajrj2realrinzelrangeshort26d15009.pdf  used on i
nput line 883.
(pdftex.def)             Requested size: 208.13567pt x 156.10176pt.
<bdistajrj2realrinzelrange26d12501.pdf, id=2807, 462.52798pt x 346.89601pt>
File: bdistajrj2realrinzelrange26d12501.pdf Graphic file (type pdf)
<use bdistajrj2realrinzelrange26d12501.pdf>
Package pdftex.def Info: bdistajrj2realrinzelrange26d12501.pdf  used on input l
ine 884.
(pdftex.def)             Requested size: 208.13567pt x 156.10176pt.
 [42 <./dcompdfpwnew2shrealanhopf26flogrealanhopf19flog.pdf> <./fcompdfpwnew2sh
realanhopf26flogrealanhopf19flog.pdf

pdfTeX warning: /usr/bin/pdflatex (file ./fcompdfpwnew2shrealanhopf26flogrealan
hopf19flog.pdf): PDF inclusion: multiple pdfs with page group included in a sin
gle page
> <./dcompdfpwnewpred2realanhopf19flogrealanhopf11flog.pdf

pdfTeX warning: /usr/bin/pdflatex (file ./dcompdfpwnewpred2realanhopf19flogreal
anhopf11flog.pdf): PDF inclusion: multiple pdfs with page group included in a s
ingle page
> <./fcompdfpwnewpred2realanhopf19flogrealanhopf11flog.pdf

pdfTeX warning: /usr/bin/pdflatex (file ./fcompdfpwnewpred2realanhopf19flogreal
anhopf11flog.pdf): PDF inclusion: multiple pdfs with page group included in a s
ingle page
>]
<tranratesrinzel.pdf, id=3005, 462.52798pt x 346.89601pt>
File: tranratesrinzel.pdf Graphic file (type pdf)
<use tranratesrinzel.pdf>
Package pdftex.def Info: tranratesrinzel.pdf  used on input line 893.
(pdftex.def)             Requested size: 462.52684pt x 346.89516pt.

Overfull \hbox (35.73549pt too wide) in paragraph at lines 893--893
 [][] 
 []

[43 <./eqdistajrj2realrinzelrangeshort26d15009.pdf> <./bdistajrj2realrinzelrang
e26d12501.pdf

pdfTeX warning: /usr/bin/pdflatex (file ./bdistajrj2realrinzelrange26d12501.pdf
): PDF inclusion: multiple pdfs with page group included in a single page
>]
<arrheniustotbigrealrinzelrange26d1realrinzelrange26d1fit0.pdf, id=3096, 462.52
798pt x 346.89601pt>
File: arrheniustotbigrealrinzelrange26d1realrinzelrange26d1fit0.pdf Graphic fil
e (type pdf)
<use arrheniustotbigrealrinzelrange26d1realrinzelrange26d1fit0.pdf>
Package pdftex.def Info: arrheniustotbigrealrinzelrange26d1realrinzelrange26d1f
it0.pdf  used on input line 900.
(pdftex.def)             Requested size: 208.13567pt x 156.10176pt.
<arrheniustotbigrealrinzelrange26d1realrinzelrange26d1fit7.pdf, id=3097, 462.52
798pt x 346.89601pt>
File: arrheniustotbigrealrinzelrange26d1realrinzelrange26d1fit7.pdf Graphic fil
e (type pdf)
<use arrheniustotbigrealrinzelrange26d1realrinzelrange26d1fit7.pdf>
Package pdftex.def Info: arrheniustotbigrealrinzelrange26d1realrinzelrange26d1f
it7.pdf  used on input line 901.
(pdftex.def)             Requested size: 208.13567pt x 156.10176pt.
<barrierinzelbig.pdf, id=3098, 462.52798pt x 346.89601pt>
File: barrierinzelbig.pdf Graphic file (type pdf)
<use barrierinzelbig.pdf>
Package pdftex.def Info: barrierinzelbig.pdf  used on input line 910.
(pdftex.def)             Requested size: 208.13567pt x 156.10176pt.
<barriercomprinzelcritbig.pdf, id=3099, 462.52798pt x 346.89601pt>
File: barriercomprinzelcritbig.pdf Graphic file (type pdf)
<use barriercomprinzelcritbig.pdf>
Package pdftex.def Info: barriercomprinzelcritbig.pdf  used on input line 911.
(pdftex.def)             Requested size: 208.13567pt x 156.10176pt.
 [44 <./tranratesrinzel.pdf> <./arrheniustotbigrealrinzelrange26d1realrinzelran
ge26d1fit0.pdf

pdfTeX warning: /usr/bin/pdflatex (file ./arrheniustotbigrealrinzelrange26d1rea
lrinzelrange26d1fit0.pdf): PDF inclusion: multiple pdfs with page group include
d in a single page
> <./arrheniustotbigrealrinzelrange26d1realrinzelrange26d1fit7.pdf

pdfTeX warning: /usr/bin/pdflatex (file ./arrheniustotbigrealrinzelrange26d1rea
lrinzelrange26d1fit7.pdf): PDF inclusion: multiple pdfs with page group include
d in a single page
>]
<detmocountrinzelcompnew2big.pdf, id=3256, 462.52798pt x 346.89601pt>
File: detmocountrinzelcompnew2big.pdf Graphic file (type pdf)
<use detmocountrinzelcompnew2big.pdf>
Package pdftex.def Info: detmocountrinzelcompnew2big.pdf  used on input line 92
6.
(pdftex.def)             Requested size: 208.13567pt x 156.10176pt.
<detmocountrinzelcomp6big.pdf, id=3257, 462.52798pt x 346.89601pt>
File: detmocountrinzelcomp6big.pdf Graphic file (type pdf)
<use detmocountrinzelcomp6big.pdf>
Package pdftex.def Info: detmocountrinzelcomp6big.pdf  used on input line 928.
(pdftex.def)             Requested size: 208.13567pt x 156.10176pt.
 [45 <./barrierinzelbig.pdf> <./barriercomprinzelcritbig.pdf

pdfTeX warning: /usr/bin/pdflatex (file ./barriercomprinzelcritbig.pdf): PDF in
clusion: multiple pdfs with page group included in a single page
> <./detmocountrinzelcompnew2big.pdf

pdfTeX warning: /usr/bin/pdflatex (file ./detmocountrinzelcompnew2big.pdf): PDF
 inclusion: multiple pdfs with page group included in a single page
> <./detmocountrinzelcomp6big.pdf

pdfTeX warning: /usr/bin/pdflatex (file ./detmocountrinzelcomp6big.pdf): PDF in
clusion: multiple pdfs with page group included in a single page
>]
<detmocountrinzelparam30.pdf, id=3447, 462.52798pt x 346.89601pt>
File: detmocountrinzelparam30.pdf Graphic file (type pdf)
<use detmocountrinzelparam30.pdf>
Package pdftex.def Info: detmocountrinzelparam30.pdf  used on input line 947.
(pdftex.def)             Requested size: 208.13567pt x 156.10176pt.
<detmocountrinzelparam32.pdf, id=3448, 462.52798pt x 346.89601pt>
File: detmocountrinzelparam32.pdf Graphic file (type pdf)
<use detmocountrinzelparam32.pdf>
Package pdftex.def Info: detmocountrinzelparam32.pdf  used on input line 948.
(pdftex.def)             Requested size: 208.13567pt x 156.10176pt.
<dcompdfpwnew2bigrealrinzelrangelong26d1realrinzelrange26d1.pdf, id=3449, 462.5
2798pt x 346.89601pt>
File: dcompdfpwnew2bigrealrinzelrangelong26d1realrinzelrange26d1.pdf Graphic fi
le (type pdf)
<use dcompdfpwnew2bigrealrinzelrangelong26d1realrinzelrange26d1.pdf>
Package pdftex.def Info: dcompdfpwnew2bigrealrinzelrangelong26d1realrinzelrange
26d1.pdf  used on input line 963.
(pdftex.def)             Requested size: 208.13567pt x 156.10176pt.
<fcompdfpwnew2bigrealrinzelrangelong26d1realrinzelrange26d1.pdf, id=3450, 462.5
2798pt x 346.89601pt>
File: fcompdfpwnew2bigrealrinzelrangelong26d1realrinzelrange26d1.pdf Graphic fi
le (type pdf)
<use fcompdfpwnew2bigrealrinzelrangelong26d1realrinzelrange26d1.pdf>
Package pdftex.def Info: fcompdfpwnew2bigrealrinzelrangelong26d1realrinzelrange
26d1.pdf  used on input line 964.
(pdftex.def)             Requested size: 208.13567pt x 156.10176pt.
 [46 <./detmocountrinzelparam30.pdf> <./detmocountrinzelparam32.pdf

pdfTeX warning: /usr/bin/pdflatex (file ./detmocountrinzelparam32.pdf): PDF inc
lusion: multiple pdfs with page group included in a single page
>]
<dcompdfpwnewpred3realrinzelrange26d1realrinzelrange26d1.pdf, id=3505, 462.5279
8pt x 346.89601pt>
File: dcompdfpwnewpred3realrinzelrange26d1realrinzelrange26d1.pdf Graphic file 
(type pdf)
<use dcompdfpwnewpred3realrinzelrange26d1realrinzelrange26d1.pdf>
Package pdftex.def Info: dcompdfpwnewpred3realrinzelrange26d1realrinzelrange26d
1.pdf  used on input line 972.
(pdftex.def)             Requested size: 208.13567pt x 156.10176pt.
<fcompdfpwnewpred3realrinzelrange26d1realrinzelrange26d1.pdf, id=3506, 462.5279
8pt x 346.89601pt>
File: fcompdfpwnewpred3realrinzelrange26d1realrinzelrange26d1.pdf Graphic file 
(type pdf)
<use fcompdfpwnewpred3realrinzelrange26d1realrinzelrange26d1.pdf>
Package pdftex.def Info: fcompdfpwnewpred3realrinzelrange26d1realrinzelrange26d
1.pdf  used on input line 974.
(pdftex.def)             Requested size: 208.13567pt x 156.10176pt.
 [47 <./dcompdfpwnew2bigrealrinzelrangelong26d1realrinzelrange26d1.pdf> <./fcom
pdfpwnew2bigrealrinzelrangelong26d1realrinzelrange26d1.pdf

pdfTeX warning: /usr/bin/pdflatex (file ./fcompdfpwnew2bigrealrinzelrangelong26
d1realrinzelrange26d1.pdf): PDF inclusion: multiple pdfs with page group includ
ed in a single page
> <./dcompdfpwnewpred3realrinzelrange26d1realrinzelrange26d1.pdf

pdfTeX warning: /usr/bin/pdflatex (file ./dcompdfpwnewpred3realrinzelrange26d1r
ealrinzelrange26d1.pdf): PDF inclusion: multiple pdfs with page group included 
in a single page
> <./fcompdfpwnewpred3realrinzelrange26d1realrinzelrange26d1.pdf

pdfTeX warning: /usr/bin/pdflatex (file ./fcompdfpwnewpred3realrinzelrange26d1r
ealrinzelrange26d1.pdf): PDF inclusion: multiple pdfs with page group included 
in a single page
>]
Underfull \hbox (badness 10000) in paragraph at lines 981--988

 []

<specpaper6.pdf, id=3700, 462.52798pt x 346.89601pt>
File: specpaper6.pdf Graphic file (type pdf)
<use specpaper6.pdf>
Package pdftex.def Info: specpaper6.pdf  used on input line 1002.
(pdftex.def)             Requested size: 208.13567pt x 156.10176pt.
<specpaper7.pdf, id=3701, 462.52798pt x 346.89601pt>
File: specpaper7.pdf Graphic file (type pdf)
<use specpaper7.pdf>
Package pdftex.def Info: specpaper7.pdf  used on input line 1003.
(pdftex.def)             Requested size: 208.13567pt x 156.10176pt.
[48]
<snrealonly2crit5.pdf, id=3705, 462.52798pt x 346.89601pt>
File: snrealonly2crit5.pdf Graphic file (type pdf)
<use snrealonly2crit5.pdf>
Package pdftex.def Info: snrealonly2crit5.pdf  used on input line 1010.
(pdftex.def)             Requested size: 439.39908pt x 329.54933pt.

Overfull \hbox (12.60773pt too wide) in paragraph at lines 1010--1010
 [][] 
 []

[49 <./specpaper6.pdf> <./specpaper7.pdf

pdfTeX warning: /usr/bin/pdflatex (file ./specpaper7.pdf): PDF inclusion: multi
ple pdfs with page group included in a single page
>]
<snrtwostateneurcorsh5big.pdf, id=3813, 462.52798pt x 346.89601pt>
File: snrtwostateneurcorsh5big.pdf Graphic file (type pdf)
<use snrtwostateneurcorsh5big.pdf>
Package pdftex.def Info: snrtwostateneurcorsh5big.pdf  used on input line 1020.

(pdftex.def)             Requested size: 208.13567pt x 156.10176pt.
<snrpredneur2big.pdf, id=3814, 462.52798pt x 346.89601pt>
File: snrpredneur2big.pdf Graphic file (type pdf)
<use snrpredneur2big.pdf>
Package pdftex.def Info: snrpredneur2big.pdf  used on input line 1021.
(pdftex.def)             Requested size: 208.13567pt x 156.10176pt.
 [50 <./snrealonly2crit5.pdf>]
<specanhopf2.pdf, id=3868, 462.52798pt x 346.89601pt>
File: specanhopf2.pdf Graphic file (type pdf)
<use specanhopf2.pdf>
Package pdftex.def Info: specanhopf2.pdf  used on input line 1043.
(pdftex.def)             Requested size: 208.13567pt x 156.10176pt.
<specanhopf3.pdf, id=3869, 462.52798pt x 346.89601pt>
File: specanhopf3.pdf Graphic file (type pdf)
<use specanhopf3.pdf>
Package pdftex.def Info: specanhopf3.pdf  used on input line 1044.
(pdftex.def)             Requested size: 208.13567pt x 156.10176pt.
 [51 <./snrtwostateneurcorsh5big.pdf> <./snrpredneur2big.pdf

pdfTeX warning: /usr/bin/pdflatex (file ./snrpredneur2big.pdf): PDF inclusion: 
multiple pdfs with page group included in a single page
>]
<snranhopfcrit2.pdf, id=3977, 462.52798pt x 346.89601pt>
File: snranhopfcrit2.pdf Graphic file (type pdf)
<use snranhopfcrit2.pdf>
Package pdftex.def Info: snranhopfcrit2.pdf  used on input line 1050.
(pdftex.def)             Requested size: 439.39908pt x 329.54933pt.

Overfull \hbox (12.60773pt too wide) in paragraph at lines 1050--1050
 [][] 
 []

<snrtwostatecompanhopf7mnofit4big.pdf, id=3978, 462.52798pt x 346.89601pt>
File: snrtwostatecompanhopf7mnofit4big.pdf Graphic file (type pdf)
<use snrtwostatecompanhopf7mnofit4big.pdf>
Package pdftex.def Info: snrtwostatecompanhopf7mnofit4big.pdf  used on input li
ne 1065.
(pdftex.def)             Requested size: 208.13567pt x 156.10176pt.
<snranhopfpred2big.pdf, id=3979, 462.52798pt x 346.89601pt>
File: snranhopfpred2big.pdf Graphic file (type pdf)
<use snranhopfpred2big.pdf>
Package pdftex.def Info: snranhopfpred2big.pdf  used on input line 1066.
(pdftex.def)             Requested size: 208.13567pt x 156.10176pt.
[52 <./specanhopf2.pdf> <./specanhopf3.pdf

pdfTeX warning: /usr/bin/pdflatex (file ./specanhopf3.pdf): PDF inclusion: mult
iple pdfs with page group included in a single page
> <./snranhopfcrit2.pdf

pdfTeX warning: /usr/bin/pdflatex (file ./snranhopfcrit2.pdf): PDF inclusion: m
ultiple pdfs with page group included in a single page
>]
<specarinzelnew1.pdf, id=4139, 462.52798pt x 346.89601pt>
File: specarinzelnew1.pdf Graphic file (type pdf)
<use specarinzelnew1.pdf>
Package pdftex.def Info: specarinzelnew1.pdf  used on input line 1082.
(pdftex.def)             Requested size: 208.13567pt x 156.10176pt.
<specarinzelnew2.pdf, id=4140, 462.52798pt x 346.89601pt>
File: specarinzelnew2.pdf Graphic file (type pdf)
<use specarinzelnew2.pdf>
Package pdftex.def Info: specarinzelnew2.pdf  used on input line 1083.
(pdftex.def)             Requested size: 208.13567pt x 156.10176pt.
 [53 <./snrtwostatecompanhopf7mnofit4big.pdf> <./snranhopfpred2big.pdf

pdfTeX warning: /usr/bin/pdflatex (file ./snranhopfpred2big.pdf): PDF inclusion
: multiple pdfs with page group included in a single page
>]
<snrinzelonlycrit.pdf, id=4249, 462.52798pt x 346.89601pt>
File: snrinzelonlycrit.pdf Graphic file (type pdf)
<use snrinzelonlycrit.pdf>
Package pdftex.def Info: snrinzelonlycrit.pdf  used on input line 1089.
(pdftex.def)             Requested size: 439.39908pt x 329.54933pt.

Overfull \hbox (12.60773pt too wide) in paragraph at lines 1089--1089
 [][] 
 []

[54 <./specarinzelnew1.pdf> <./specarinzelnew2.pdf

pdfTeX warning: /usr/bin/pdflatex (file ./specarinzelnew2.pdf): PDF inclusion: 
multiple pdfs with page group included in a single page
> <./snrinzelonlycrit.pdf

pdfTeX warning: /usr/bin/pdflatex (file ./snrinzelonlycrit.pdf): PDF inclusion:
 multiple pdfs with page group included in a single page
>]
<snrinzelrange26dcompletecritnofit3big.pdf, id=4413, 462.52798pt x 346.89601pt>

File: snrinzelrange26dcompletecritnofit3big.pdf Graphic file (type pdf)
<use snrinzelrange26dcompletecritnofit3big.pdf>
Package pdftex.def Info: snrinzelrange26dcompletecritnofit3big.pdf  used on inp
ut line 1103.
(pdftex.def)             Requested size: 208.13567pt x 156.10176pt.
<snrinzelpred2big.pdf, id=4414, 462.52798pt x 346.89601pt>
File: snrinzelpred2big.pdf Graphic file (type pdf)
<use snrinzelpred2big.pdf>
Package pdftex.def Info: snrinzelpred2big.pdf  used on input line 1104.
(pdftex.def)             Requested size: 208.13567pt x 156.10176pt.
 [55 <./snrinzelrange26dcompletecritnofit3big.pdf> <./snrinzelpred2big.pdf

pdfTeX warning: /usr/bin/pdflatex (file ./snrinzelpred2big.pdf): PDF inclusion:
 multiple pdfs with page group included in a single page
>] [56] [57] (./masterarbeit.bbl [58]) [59]
\openout2 = `other/declaration.aux'.

 (./other/declaration.tex) [60

]
(./masterarbeit.aux (./other/titlepage.aux) (./other/abstract.aux)
(./other/declaration.aux))

LaTeX Warning: There were undefined references.

 ) 
Here is how much of TeX's memory you used:
 4269 strings out of 494500
 70825 string characters out of 6174968
 142323 words of memory out of 5000000
 7739 multiletter control sequences out of 15000+600000
 16151 words of font info for 56 fonts, out of 8000000 for 9000
 14 hyphenation exceptions out of 8191
 41i,15n,25p,1504b,253s stack positions out of 5000i,500n,10000p,200000b,80000s
</usr/share/texlive/texmf-dist/fonts/type1/public/amsfonts/cmextra/cmbsy8.pfb
></usr/share/texlive/texmf-dist/fonts/type1/public/amsfonts/cm/cmbx10.pfb></usr
/share/texlive/texmf-dist/fonts/type1/public/amsfonts/cm/cmbx12.pfb></usr/share
/texlive/texmf-dist/fonts/type1/public/amsfonts/cm/cmbx8.pfb></usr/share/texliv
e/texmf-dist/fonts/type1/public/amsfonts/cm/cmex10.pfb></usr/share/texlive/texm
f-dist/fonts/type1/public/amsfonts/cm/cmmi10.pfb></usr/share/texlive/texmf-dist
/fonts/type1/public/amsfonts/cm/cmmi12.pfb></usr/share/texlive/texmf-dist/fonts
/type1/public/amsfonts/cm/cmmi6.pfb></usr/share/texlive/texmf-dist/fonts/type1/
public/amsfonts/cm/cmmi8.pfb></usr/share/texlive/texmf-dist/fonts/type1/public/
amsfonts/cm/cmmib10.pfb></usr/share/texlive/texmf-dist/fonts/type1/public/amsfo
nts/cm/cmr10.pfb></usr/share/texlive/texmf-dist/fonts/type1/public/amsfonts/cm/
cmr12.pfb></usr/share/texlive/texmf-dist/fonts/type1/public/amsfonts/cm/cmr17.p
fb></usr/share/texlive/texmf-dist/fonts/type1/public/amsfonts/cm/cmr6.pfb></usr
/share/texlive/texmf-dist/fonts/type1/public/amsfonts/cm/cmr8.pfb></usr/share/t
exlive/texmf-dist/fonts/type1/public/amsfonts/cm/cmsy10.pfb></usr/share/texlive
/texmf-dist/fonts/type1/public/amsfonts/cm/cmsy6.pfb></usr/share/texlive/texmf-
dist/fonts/type1/public/amsfonts/cm/cmsy8.pfb></usr/share/texlive/texmf-dist/fo
nts/type1/public/amsfonts/cm/cmti12.pfb>
Output written on masterarbeit.pdf (63 pages, 4160651 bytes).
PDF statistics:
 4601 PDF objects out of 5155 (max. 8388607)
 1087 compressed objects within 11 object streams
 0 named destinations out of 1000 (max. 500000)
 526 words of extra memory for PDF output out of 10000 (max. 10000000)

