This is pdfTeX, Version 3.14159265-2.6-1.40.19 (TeX Live 2019/dev/Debian) (preloaded format=pdflatex 2019.12.11)  23 APR 2020 21:09
entering extended mode
 restricted \write18 enabled.
 %&-line parsing enabled.
**zusammenfassung.tex
(./zusammenfassung.tex
LaTeX2e <2018-12-01>
(/usr/share/texlive/texmf-dist/tex/latex/base/article.cls
Document Class: article 2018/09/03 v1.4i Standard LaTeX document class
(/usr/share/texlive/texmf-dist/tex/latex/base/size12.clo
File: size12.clo 2018/09/03 v1.4i Standard LaTeX file (size option)
)
\c@part=\count80
\c@section=\count81
\c@subsection=\count82
\c@subsubsection=\count83
\c@paragraph=\count84
\c@subparagraph=\count85
\c@figure=\count86
\c@table=\count87
\abovecaptionskip=\skip41
\belowcaptionskip=\skip42
\bibindent=\dimen102
)
(/usr/share/texlive/texmf-dist/tex/latex/graphics/graphicx.sty
Package: graphicx 2017/06/01 v1.1a Enhanced LaTeX Graphics (DPC,SPQR)

(/usr/share/texlive/texmf-dist/tex/latex/graphics/keyval.sty
Package: keyval 2014/10/28 v1.15 key=value parser (DPC)
\KV@toks@=\toks14
)
(/usr/share/texlive/texmf-dist/tex/latex/graphics/graphics.sty
Package: graphics 2017/06/25 v1.2c Standard LaTeX Graphics (DPC,SPQR)

(/usr/share/texlive/texmf-dist/tex/latex/graphics/trig.sty
Package: trig 2016/01/03 v1.10 sin cos tan (DPC)
)
(/usr/share/texlive/texmf-dist/tex/latex/graphics-cfg/graphics.cfg
File: graphics.cfg 2016/06/04 v1.11 sample graphics configuration
)
Package graphics Info: Driver file: pdftex.def on input line 99.

(/usr/share/texlive/texmf-dist/tex/latex/graphics-def/pdftex.def
File: pdftex.def 2018/01/08 v1.0l Graphics/color driver for pdftex
))
\Gin@req@height=\dimen103
\Gin@req@width=\dimen104
)
(/usr/share/texlive/texmf-dist/tex/latex/amsmath/amsmath.sty
Package: amsmath 2018/12/01 v2.17b AMS math features
\@mathmargin=\skip43

For additional information on amsmath, use the `?' option.
(/usr/share/texlive/texmf-dist/tex/latex/amsmath/amstext.sty
Package: amstext 2000/06/29 v2.01 AMS text

(/usr/share/texlive/texmf-dist/tex/latex/amsmath/amsgen.sty
File: amsgen.sty 1999/11/30 v2.0 generic functions
\@emptytoks=\toks15
\ex@=\dimen105
))
(/usr/share/texlive/texmf-dist/tex/latex/amsmath/amsbsy.sty
Package: amsbsy 1999/11/29 v1.2d Bold Symbols
\pmbraise@=\dimen106
)
(/usr/share/texlive/texmf-dist/tex/latex/amsmath/amsopn.sty
Package: amsopn 2016/03/08 v2.02 operator names
)
\inf@bad=\count88
LaTeX Info: Redefining \frac on input line 223.
\uproot@=\count89
\leftroot@=\count90
LaTeX Info: Redefining \overline on input line 385.
\classnum@=\count91
\DOTSCASE@=\count92
LaTeX Info: Redefining \ldots on input line 482.
LaTeX Info: Redefining \dots on input line 485.
LaTeX Info: Redefining \cdots on input line 606.
\Mathstrutbox@=\box27
\strutbox@=\box28
\big@size=\dimen107
LaTeX Font Info:    Redeclaring font encoding OML on input line 729.
LaTeX Font Info:    Redeclaring font encoding OMS on input line 730.
\macc@depth=\count93
\c@MaxMatrixCols=\count94
\dotsspace@=\muskip10
\c@parentequation=\count95
\dspbrk@lvl=\count96
\tag@help=\toks16
\row@=\count97
\column@=\count98
\maxfields@=\count99
\andhelp@=\toks17
\eqnshift@=\dimen108
\alignsep@=\dimen109
\tagshift@=\dimen110
\tagwidth@=\dimen111
\totwidth@=\dimen112
\lineht@=\dimen113
\@envbody=\toks18
\multlinegap=\skip44
\multlinetaggap=\skip45
\mathdisplay@stack=\toks19
LaTeX Info: Redefining \[ on input line 2844.
LaTeX Info: Redefining \] on input line 2845.
)
(/usr/share/texlive/texmf-dist/tex/latex/float/float.sty
Package: float 2001/11/08 v1.3d Float enhancements (AL)
\c@float@type=\count100
\float@exts=\toks20
\float@box=\box29
\@float@everytoks=\toks21
\@floatcapt=\box30
)
(/usr/share/texlive/texmf-dist/tex/generic/babel/babel.sty
Package: babel 2018/11/13 3.27 The Babel package

(/usr/share/texlive/texmf-dist/tex/generic/babel/switch.def
File: switch.def 2018/11/13 3.27 Babel switching mechanism
)
(/usr/share/texlive/texmf-dist/tex/generic/babel-german/german.ldf
Language: german 2018/12/08 v2.11 German support for babel (pre-1996 orthograph
y)

(/usr/share/texlive/texmf-dist/tex/generic/babel-german/germanb.ldf
Language: germanb 2018/12/08 v2.11 German support for babel (pre-1996 orthograp
hy)

(/usr/share/texlive/texmf-dist/tex/generic/babel/babel.def
File: babel.def 2018/11/13 3.27 Babel common definitions
\babel@savecnt=\count101
\U@D=\dimen114

(/usr/share/texlive/texmf-dist/tex/generic/babel/txtbabel.def)
\bbl@dirlevel=\count102
)
Package babel Info: Making " an active character on input line 135.
)))
(/usr/share/texlive/texmf-dist/tex/latex/subfigure/subfigure.sty
Package: subfigure 2002/03/15 v2.1.5 subfigure package
\subfigtopskip=\skip46
\subfigcapskip=\skip47
\subfigcaptopadj=\dimen115
\subfigbottomskip=\skip48
\subfigcapmargin=\dimen116
\subfiglabelskip=\skip49
\c@subfigure=\count103
\c@lofdepth=\count104
\c@subtable=\count105
\c@lotdepth=\count106

****************************************
* Local config file subfigure.cfg used *
****************************************
(/usr/share/texlive/texmf-dist/tex/latex/subfigure/subfigure.cfg)
\subfig@top=\skip50
\subfig@bottom=\skip51
)
(/usr/share/texlive/texmf-dist/tex/latex/base/inputenc.sty
Package: inputenc 2018/08/11 v1.3c Input encoding file
\inpenc@prehook=\toks22
\inpenc@posthook=\toks23
)
(/usr/share/texlive/texmf-dist/tex/latex/geometry/geometry.sty
Package: geometry 2018/04/16 v5.8 Page Geometry

(/usr/share/texlive/texmf-dist/tex/generic/oberdiek/ifpdf.sty
Package: ifpdf 2018/09/07 v3.3 Provides the ifpdf switch
)
(/usr/share/texlive/texmf-dist/tex/generic/oberdiek/ifvtex.sty
Package: ifvtex 2016/05/16 v1.6 Detect VTeX and its facilities (HO)
Package ifvtex Info: VTeX not detected.
)
(/usr/share/texlive/texmf-dist/tex/generic/ifxetex/ifxetex.sty
Package: ifxetex 2010/09/12 v0.6 Provides ifxetex conditional
)
\Gm@cnth=\count107
\Gm@cntv=\count108
\c@Gm@tempcnt=\count109
\Gm@bindingoffset=\dimen117
\Gm@wd@mp=\dimen118
\Gm@odd@mp=\dimen119
\Gm@even@mp=\dimen120
\Gm@layoutwidth=\dimen121
\Gm@layoutheight=\dimen122
\Gm@layouthoffset=\dimen123
\Gm@layoutvoffset=\dimen124
\Gm@dimlist=\toks24
)
(./zusammenfassung.aux)
\openout1 = `zusammenfassung.aux'.

LaTeX Font Info:    Checking defaults for OML/cmm/m/it on input line 12.
LaTeX Font Info:    ... okay on input line 12.
LaTeX Font Info:    Checking defaults for T1/cmr/m/n on input line 12.
LaTeX Font Info:    ... okay on input line 12.
LaTeX Font Info:    Checking defaults for OT1/cmr/m/n on input line 12.
LaTeX Font Info:    ... okay on input line 12.
LaTeX Font Info:    Checking defaults for OMS/cmsy/m/n on input line 12.
LaTeX Font Info:    ... okay on input line 12.
LaTeX Font Info:    Checking defaults for OMX/cmex/m/n on input line 12.
LaTeX Font Info:    ... okay on input line 12.
LaTeX Font Info:    Checking defaults for U/cmr/m/n on input line 12.
LaTeX Font Info:    ... okay on input line 12.

(/usr/share/texlive/texmf-dist/tex/context/base/mkii/supp-pdf.mkii
[Loading MPS to PDF converter (version 2006.09.02).]
\scratchcounter=\count110
\scratchdimen=\dimen125
\scratchbox=\box31
\nofMPsegments=\count111
\nofMParguments=\count112
\everyMPshowfont=\toks25
\MPscratchCnt=\count113
\MPscratchDim=\dimen126
\MPnumerator=\count114
\makeMPintoPDFobject=\count115
\everyMPtoPDFconversion=\toks26
) (/usr/share/texlive/texmf-dist/tex/latex/oberdiek/epstopdf-base.sty
Package: epstopdf-base 2016/05/15 v2.6 Base part for package epstopdf

(/usr/share/texlive/texmf-dist/tex/generic/oberdiek/infwarerr.sty
Package: infwarerr 2016/05/16 v1.4 Providing info/warning/error messages (HO)
)
(/usr/share/texlive/texmf-dist/tex/latex/oberdiek/grfext.sty
Package: grfext 2016/05/16 v1.2 Manage graphics extensions (HO)

(/usr/share/texlive/texmf-dist/tex/generic/oberdiek/kvdefinekeys.sty
Package: kvdefinekeys 2016/05/16 v1.4 Define keys (HO)

(/usr/share/texlive/texmf-dist/tex/generic/oberdiek/ltxcmds.sty
Package: ltxcmds 2016/05/16 v1.23 LaTeX kernel commands for general use (HO)
)))
(/usr/share/texlive/texmf-dist/tex/latex/oberdiek/kvoptions.sty
Package: kvoptions 2016/05/16 v3.12 Key value format for package options (HO)

(/usr/share/texlive/texmf-dist/tex/generic/oberdiek/kvsetkeys.sty
Package: kvsetkeys 2016/05/16 v1.17 Key value parser (HO)

(/usr/share/texlive/texmf-dist/tex/generic/oberdiek/etexcmds.sty
Package: etexcmds 2016/05/16 v1.6 Avoid name clashes with e-TeX commands (HO)

(/usr/share/texlive/texmf-dist/tex/generic/oberdiek/ifluatex.sty
Package: ifluatex 2016/05/16 v1.4 Provides the ifluatex switch (HO)
Package ifluatex Info: LuaTeX not detected.
))))
(/usr/share/texlive/texmf-dist/tex/generic/oberdiek/pdftexcmds.sty
Package: pdftexcmds 2018/09/10 v0.29 Utility functions of pdfTeX for LuaTeX (HO
)
Package pdftexcmds Info: LuaTeX not detected.
Package pdftexcmds Info: \pdf@primitive is available.
Package pdftexcmds Info: \pdf@ifprimitive is available.
Package pdftexcmds Info: \pdfdraftmode found.
)
Package epstopdf-base Info: Redefining graphics rule for `.eps' on input line 4
38.
Package grfext Info: Graphics extension search list:
(grfext)             [.pdf,.png,.jpg,.mps,.jpeg,.jbig2,.jb2,.PDF,.PNG,.JPG,.JPE
G,.JBIG2,.JB2,.eps]
(grfext)             \AppendGraphicsExtensions on input line 456.

(/usr/share/texlive/texmf-dist/tex/latex/latexconfig/epstopdf-sys.cfg
File: epstopdf-sys.cfg 2010/07/13 v1.3 Configuration of (r)epstopdf for TeX Liv
e
))
*geometry* driver: auto-detecting
*geometry* detected driver: pdftex
*geometry* verbose mode - [ preamble ] result:
* driver: pdftex
* paper: a4paper
* layout: <same size as paper>
* layoutoffset:(h,v)=(0.0pt,0.0pt)
* modes: 
* h-part:(L,W,R)=(85.35826pt, 426.79135pt, 85.35826pt)
* v-part:(T,H,B)=(56.9055pt, 717.00946pt, 71.13188pt)
* \paperwidth=597.50787pt
* \paperheight=845.04684pt
* \textwidth=426.79135pt
* \textheight=717.00946pt
* \oddsidemargin=13.08827pt
* \evensidemargin=13.08827pt
* \topmargin=-52.36449pt
* \headheight=12.0pt
* \headsep=25.0pt
* \topskip=12.0pt
* \footskip=30.0pt
* \marginparwidth=35.0pt
* \marginparsep=10.0pt
* \columnsep=10.0pt
* \skip\footins=10.8pt plus 4.0pt minus 2.0pt
* \hoffset=0.0pt
* \voffset=0.0pt
* \mag=1000
* \@twocolumnfalse
* \@twosidefalse
* \@mparswitchfalse
* \@reversemarginfalse
* (1in=72.27pt=25.4mm, 1cm=28.453pt)

(./zusammenfassung.toc)
\tf@toc=\write3
\openout3 = `zusammenfassung.toc'.

 [1

{/var/lib/texmf/fonts/map/pdftex/updmap/pdftex.map}]
Underfull \hbox (badness 10000) in paragraph at lines 38--41

 []

<Isoklinen.pdf, id=10, 462.52798pt x 346.89601pt>
File: Isoklinen.pdf Graphic file (type pdf)
<use Isoklinen.pdf>
Package pdftex.def Info: Isoklinen.pdf  used on input line 49.
(pdftex.def)             Requested size: 231.26341pt x 173.44757pt.
<Startparam_lang.pdf, id=11, 462.52798pt x 346.89601pt>
File: Startparam_lang.pdf Graphic file (type pdf)
<use Startparam_lang.pdf>
Package pdftex.def Info: Startparam_lang.pdf  used on input line 57.
(pdftex.def)             Requested size: 231.26341pt x 173.44757pt.
<Startparam_kurz.pdf, id=12, 462.52798pt x 346.89601pt>
File: Startparam_kurz.pdf Graphic file (type pdf)
<use Startparam_kurz.pdf>
Package pdftex.def Info: Startparam_kurz.pdf  used on input line 58.
(pdftex.def)             Requested size: 231.26341pt x 173.44757pt.

Overfull \hbox (30.6479pt too wide) in paragraph at lines 56--59
[]|  [] [] 
 []

[1 <./Isoklinen.pdf>]
<V-t-diagramm.pdf, id=60, 462.52798pt x 346.89601pt>
File: V-t-diagramm.pdf Graphic file (type pdf)
<use V-t-diagramm.pdf>
Package pdftex.def Info: V-t-diagramm.pdf  used on input line 68.
(pdftex.def)             Requested size: 231.26341pt x 173.44757pt.
<n-V-diagramm.pdf, id=61, 462.52798pt x 346.89601pt>
File: n-V-diagramm.pdf Graphic file (type pdf)
<use n-V-diagramm.pdf>
Package pdftex.def Info: n-V-diagramm.pdf  used on input line 69.
(pdftex.def)             Requested size: 231.26341pt x 173.44757pt.

Overfull \hbox (30.6479pt too wide) in paragraph at lines 67--70
[]|  [] [] 
 []

[2 <./Startparam_lang.pdf> <./Startparam_kurz.pdf

pdfTeX warning: /usr/bin/pdflatex (file ./Startparam_kurz.pdf): PDF inclusion: 
multiple pdfs with page group included in a single page
>]
<uebergaengeI=-0,1.pdf, id=149, 462.52798pt x 346.89601pt>
File: uebergaengeI=-0,1.pdf Graphic file (type pdf)
<use uebergaengeI=-0,1.pdf>
Package pdftex.def Info: uebergaengeI=-0,1.pdf  used on input line 75.
(pdftex.def)             Requested size: 185.0079pt x 138.75594pt.
<uebergaengeI=0.pdf, id=150, 462.52798pt x 346.89601pt>
File: uebergaengeI=0.pdf Graphic file (type pdf)
<use uebergaengeI=0.pdf>
Package pdftex.def Info: uebergaengeI=0.pdf  used on input line 76.
(pdftex.def)             Requested size: 185.0079pt x 138.75594pt.
<uebergaengeI=0,1.pdf, id=151, 462.52798pt x 346.89601pt>
File: uebergaengeI=0,1.pdf Graphic file (type pdf)
<use uebergaengeI=0,1.pdf>
Package pdftex.def Info: uebergaengeI=0,1.pdf  used on input line 76.
(pdftex.def)             Requested size: 185.0079pt x 138.75594pt.
<uebergaengeI=0,2.pdf, id=152, 462.52798pt x 346.89601pt>
File: uebergaengeI=0,2.pdf Graphic file (type pdf)
<use uebergaengeI=0,2.pdf>
Package pdftex.def Info: uebergaengeI=0,2.pdf  used on input line 77.
(pdftex.def)             Requested size: 185.0079pt x 138.75594pt.
 [3 <./V-t-diagramm.pdf> <./n-V-diagramm.pdf

pdfTeX warning: /usr/bin/pdflatex (file ./n-V-diagramm.pdf): PDF inclusion: mul
tiple pdfs with page group included in a single page
> <./uebergaengeI=-0,1.pdf

pdfTeX warning: /usr/bin/pdflatex (file ./uebergaengeI=-0,1.pdf): PDF inclusion
: multiple pdfs with page group included in a single page
> <./uebergaengeI=0.pdf

pdfTeX warning: /usr/bin/pdflatex (file ./uebergaengeI=0.pdf): PDF inclusion: m
ultiple pdfs with page group included in a single page
> <./uebergaengeI=0,1.pdf

pdfTeX warning: /usr/bin/pdflatex (file ./uebergaengeI=0,1.pdf): PDF inclusion:
 multiple pdfs with page group included in a single page
> <./uebergaengeI=0,2.pdf

pdfTeX warning: /usr/bin/pdflatex (file ./uebergaengeI=0,2.pdf): PDF inclusion:
 multiple pdfs with page group included in a single page
>]
<deff.pdf, id=405, 462.52798pt x 346.89601pt>
File: deff.pdf Graphic file (type pdf)
<use deff.pdf>
Package pdftex.def Info: deff.pdf  used on input line 86.
(pdftex.def)             Requested size: 231.26341pt x 173.44757pt.
<firingrate.pdf, id=406, 462.52798pt x 346.89601pt>
File: firingrate.pdf Graphic file (type pdf)
<use firingrate.pdf>
Package pdftex.def Info: firingrate.pdf  used on input line 92.
(pdftex.def)             Requested size: 231.26341pt x 173.44757pt.
<fano.pdf, id=407, 462.52798pt x 346.89601pt>
File: fano.pdf Graphic file (type pdf)
<use fano.pdf>
Package pdftex.def Info: fano.pdf  used on input line 98.
(pdftex.def)             Requested size: 231.26341pt x 173.44757pt.
 [4 <./deff.pdf> <./firingrate.pdf

pdfTeX warning: /usr/bin/pdflatex (file ./firingrate.pdf): PDF inclusion: multi
ple pdfs with page group included in a single page
>]
Underfull \hbox (badness 10000) in paragraph at lines 101--104

 []

<eqdistajrj2newrealfast11jjem2sh352.pdf, id=500, 462.52798pt x 346.89601pt>
File: eqdistajrj2newrealfast11jjem2sh352.pdf Graphic file (type pdf)
<use eqdistajrj2newrealfast11jjem2sh352.pdf>
Package pdftex.def Info: eqdistajrj2newrealfast11jjem2sh352.pdf  used on input 
line 109.
(pdftex.def)             Requested size: 231.26341pt x 173.44757pt.
<eqdistajrj2newrealfast11jjem2sh359.pdf, id=501, 462.52798pt x 346.89601pt>
File: eqdistajrj2newrealfast11jjem2sh359.pdf Graphic file (type pdf)
<use eqdistajrj2newrealfast11jjem2sh359.pdf>
Package pdftex.def Info: eqdistajrj2newrealfast11jjem2sh359.pdf  used on input 
line 114.
(pdftex.def)             Requested size: 231.26341pt x 173.44757pt.
<eqdistajrj2newrealfast11jjem2st509.pdf, id=502, 462.52798pt x 346.89601pt>
File: eqdistajrj2newrealfast11jjem2st509.pdf Graphic file (type pdf)
<use eqdistajrj2newrealfast11jjem2st509.pdf>
Package pdftex.def Info: eqdistajrj2newrealfast11jjem2st509.pdf  used on input 
line 119.
(pdftex.def)             Requested size: 231.26341pt x 173.44757pt.
[5 <./fano.pdf> <./eqdistajrj2newrealfast11jjem2sh352.pdf

pdfTeX warning: /usr/bin/pdflatex (file ./eqdistajrj2newrealfast11jjem2sh352.pd
f): PDF inclusion: multiple pdfs with page group included in a single page
>]
<ArrheniusI=0.pdf, id=576, 462.52798pt x 346.89601pt>
File: ArrheniusI=0.pdf Graphic file (type pdf)
<use ArrheniusI=0.pdf>
Package pdftex.def Info: ArrheniusI=0.pdf  used on input line 129.
(pdftex.def)             Requested size: 185.0079pt x 138.75594pt.
<ArrheniusI=0,04.pdf, id=577, 462.52798pt x 346.89601pt>
File: ArrheniusI=0,04.pdf Graphic file (type pdf)
<use ArrheniusI=0,04.pdf>
Package pdftex.def Info: ArrheniusI=0,04.pdf  used on input line 130.
(pdftex.def)             Requested size: 185.0079pt x 138.75594pt.
<ArrheniusI=0,1.pdf, id=578, 462.52798pt x 346.89601pt>
File: ArrheniusI=0,1.pdf Graphic file (type pdf)
<use ArrheniusI=0,1.pdf>
Package pdftex.def Info: ArrheniusI=0,1.pdf  used on input line 130.
(pdftex.def)             Requested size: 185.0079pt x 138.75594pt.
<potbarriersfit.pdf, id=579, 462.52798pt x 346.89601pt>
File: potbarriersfit.pdf Graphic file (type pdf)
<use potbarriersfit.pdf>
Package pdftex.def Info: potbarriersfit.pdf  used on input line 131.
(pdftex.def)             Requested size: 185.0079pt x 138.75594pt.
 [6 <./eqdistajrj2newrealfast11jjem2sh359.pdf> <./eqdistajrj2newrealfast11jjem2
st509.pdf

pdfTeX warning: /usr/bin/pdflatex (file ./eqdistajrj2newrealfast11jjem2st509.pd
f): PDF inclusion: multiple pdfs with page group included in a single page
>]
<deffnofit.pdf, id=647, 462.52798pt x 346.89601pt>
File: deffnofit.pdf Graphic file (type pdf)
<use deffnofit.pdf>
Package pdftex.def Info: deffnofit.pdf  used on input line 151.
(pdftex.def)             Requested size: 231.26341pt x 173.44757pt.
 [7 <./ArrheniusI=0.pdf> <./ArrheniusI=0,04.pdf

pdfTeX warning: /usr/bin/pdflatex (file ./ArrheniusI=0,04.pdf): PDF inclusion: 
multiple pdfs with page group included in a single page
> <./ArrheniusI=0,1.pdf

pdfTeX warning: /usr/bin/pdflatex (file ./ArrheniusI=0,1.pdf): PDF inclusion: m
ultiple pdfs with page group included in a single page
> <./potbarriersfit.pdf

pdfTeX warning: /usr/bin/pdflatex (file ./potbarriersfit.pdf): PDF inclusion: m
ultiple pdfs with page group included in a single page
>]
<ratenofit.pdf, id=865, 462.52798pt x 346.89601pt>
File: ratenofit.pdf Graphic file (type pdf)
<use ratenofit.pdf>
Package pdftex.def Info: ratenofit.pdf  used on input line 156.
(pdftex.def)             Requested size: 231.26341pt x 173.44757pt.
<fanonofit.pdf, id=866, 462.52798pt x 346.89601pt>
File: fanonofit.pdf Graphic file (type pdf)
<use fanonofit.pdf>
Package pdftex.def Info: fanonofit.pdf  used on input line 161.
(pdftex.def)             Requested size: 231.26341pt x 173.44757pt.
<deffpred.pdf, id=867, 462.52798pt x 346.89601pt>
File: deffpred.pdf Graphic file (type pdf)
<use deffpred.pdf>
Package pdftex.def Info: deffpred.pdf  used on input line 167.
(pdftex.def)             Requested size: 462.52684pt x 346.89516pt.

Overfull \hbox (35.73549pt too wide) in paragraph at lines 167--167
 [][] 
 []

[8 <./deffnofit.pdf> <./ratenofit.pdf

pdfTeX warning: /usr/bin/pdflatex (file ./ratenofit.pdf): PDF inclusion: multip
le pdfs with page group included in a single page
> <./fanonofit.pdf

pdfTeX warning: /usr/bin/pdflatex (file ./fanonofit.pdf): PDF inclusion: multip
le pdfs with page group included in a single page
>]
<spektrumD=0,45I=0,14.pdf, id=1015, 462.52798pt x 346.89601pt>
File: spektrumD=0,45I=0,14.pdf Graphic file (type pdf)
<use spektrumD=0,45I=0,14.pdf>
Package pdftex.def Info: spektrumD=0,45I=0,14.pdf  used on input line 175.
(pdftex.def)             Requested size: 231.26341pt x 173.44757pt.
<spektrumD=0,45I=-0,04.pdf, id=1016, 462.52798pt x 346.89601pt>
File: spektrumD=0,45I=-0,04.pdf Graphic file (type pdf)
<use spektrumD=0,45I=-0,04.pdf>
Package pdftex.def Info: spektrumD=0,45I=-0,04.pdf  used on input line 176.
(pdftex.def)             Requested size: 231.26341pt x 173.44757pt.

Overfull \hbox (30.6479pt too wide) in paragraph at lines 174--177
[]|  [] [] 
 []

[9 <./deffpred.pdf>]
<snronly.pdf, id=1069, 462.52798pt x 346.89601pt>
File: snronly.pdf Graphic file (type pdf)
<use snronly.pdf>
Package pdftex.def Info: snronly.pdf  used on input line 183.
(pdftex.def)             Requested size: 462.52684pt x 346.89516pt.

Overfull \hbox (35.73549pt too wide) in paragraph at lines 183--183
 [][] 
 []

[10 <./spektrumD=0,45I=0,14.pdf> <./spektrumD=0,45I=-0,04.pdf

pdfTeX warning: /usr/bin/pdflatex (file ./spektrumD=0,45I=-0,04.pdf): PDF inclu
sion: multiple pdfs with page group included in a single page
> <./snronly.pdf

pdfTeX warning: /usr/bin/pdflatex (file ./snronly.pdf): PDF inclusion: multiple
 pdfs with page group included in a single page
>]
<snrdeffrate.pdf, id=1200, 462.52798pt x 346.89601pt>
File: snrdeffrate.pdf Graphic file (type pdf)
<use snrdeffrate.pdf>
Package pdftex.def Info: snrdeffrate.pdf  used on input line 195.
(pdftex.def)             Requested size: 462.52684pt x 346.89516pt.

Overfull \hbox (35.73549pt too wide) in paragraph at lines 195--195
 [][] 
 []

<snrtwostate.pdf, id=1201, 462.52798pt x 346.89601pt>
File: snrtwostate.pdf Graphic file (type pdf)
<use snrtwostate.pdf>
Package pdftex.def Info: snrtwostate.pdf  used on input line 210.
(pdftex.def)             Requested size: 462.52684pt x 346.89516pt.

Overfull \hbox (35.73549pt too wide) in paragraph at lines 210--210
 [][] 
 []

[11 <./snrdeffrate.pdf>]
<SNRpred.pdf, id=1250, 462.52798pt x 346.89601pt>
File: SNRpred.pdf Graphic file (type pdf)
<use SNRpred.pdf>
Package pdftex.def Info: SNRpred.pdf  used on input line 216.
(pdftex.def)             Requested size: 462.52684pt x 346.89516pt.

Overfull \hbox (35.73549pt too wide) in paragraph at lines 216--216
 [][] 
 []

[12 <./SNRtwostate.pdf>]
<realstatehhkurz.pdf, id=1307, 462.52798pt x 346.89601pt>
File: realstatehhkurz.pdf Graphic file (type pdf)
<use realstatehhkurz.pdf>
Package pdftex.def Info: realstatehhkurz.pdf  used on input line 224.
(pdftex.def)             Requested size: 462.52684pt x 346.89516pt.

Overfull \hbox (35.73549pt too wide) in paragraph at lines 224--224
 [][] 
 []

<detmocounthh.pdf, id=1308, 462.52798pt x 346.89601pt>
File: detmocounthh.pdf Graphic file (type pdf)
<use detmocounthh.pdf>
Package pdftex.def Info: detmocounthh.pdf  used on input line 229.
(pdftex.def)             Requested size: 462.52684pt x 346.89516pt.

Overfull \hbox (35.73549pt too wide) in paragraph at lines 229--229
 [][] 
 []

[13 <./SNRpred.pdf>] [14 <./realstatehhkurz.pdf>]
<realstaterinzel.pdf, id=1404, 462.52798pt x 346.89601pt>
File: realstaterinzel.pdf Graphic file (type pdf)
<use realstaterinzel.pdf>
Package pdftex.def Info: realstaterinzel.pdf  used on input line 245.
(pdftex.def)             Requested size: 462.52684pt x 346.89516pt.

Overfull \hbox (35.73549pt too wide) in paragraph at lines 245--245
 [][] 
 []

<detmocountrinzel.pdf, id=1405, 462.52798pt x 346.89601pt>
File: detmocountrinzel.pdf Graphic file (type pdf)
<use detmocountrinzel.pdf>
Package pdftex.def Info: detmocountrinzel.pdf  used on input line 250.
(pdftex.def)             Requested size: 462.52684pt x 346.89516pt.

Overfull \hbox (35.73549pt too wide) in paragraph at lines 250--250
 [][] 
 []

[15 <./detmocounthh.pdf>] [16 <./realstaterinzel.pdf>]
<drinzel.pdf, id=1485, 462.52798pt x 346.89601pt>
File: drinzel.pdf Graphic file (type pdf)
<use drinzel.pdf>
Package pdftex.def Info: drinzel.pdf  used on input line 256.
(pdftex.def)             Requested size: 462.52684pt x 346.89516pt.

Overfull \hbox (35.73549pt too wide) in paragraph at lines 256--256
 [][] 
 []

<frinzel.pdf, id=1486, 462.52798pt x 346.89601pt>
File: frinzel.pdf Graphic file (type pdf)
<use frinzel.pdf>
Package pdftex.def Info: frinzel.pdf  used on input line 261.
(pdftex.def)             Requested size: 462.52684pt x 346.89516pt.

Overfull \hbox (35.73549pt too wide) in paragraph at lines 261--261
 [][] 
 []

[17 <./detmocountrinzel.pdf>]
<grinzel.pdf, id=1520, 462.52798pt x 346.89601pt>
File: grinzel.pdf Graphic file (type pdf)
<use grinzel.pdf>
Package pdftex.def Info: grinzel.pdf  used on input line 266.
(pdftex.def)             Requested size: 462.52684pt x 346.89516pt.

Overfull \hbox (35.73549pt too wide) in paragraph at lines 266--266
 [][] 
 []

[18 <./drinzel.pdf>] [19 <./frinzel.pdf>]
<arrheniustotrealrinzel25onewrealfast19jjem2stfit0.pdf, id=1616, 462.52798pt x 
346.89601pt>
File: arrheniustotrealrinzel25onewrealfast19jjem2stfit0.pdf Graphic file (type 
pdf)
<use arrheniustotrealrinzel25onewrealfast19jjem2stfit0.pdf>
Package pdftex.def Info: arrheniustotrealrinzel25onewrealfast19jjem2stfit0.pdf 
 used on input line 272.
(pdftex.def)             Requested size: 462.52684pt x 346.89516pt.

Overfull \hbox (35.73549pt too wide) in paragraph at lines 272--272
 [][] 
 []

<arrheniustotrealrinzel25onewrealfast19jjem2stfit5.pdf, id=1617, 462.52798pt x 
346.89601pt>
File: arrheniustotrealrinzel25onewrealfast19jjem2stfit5.pdf Graphic file (type 
pdf)
<use arrheniustotrealrinzel25onewrealfast19jjem2stfit5.pdf>
Package pdftex.def Info: arrheniustotrealrinzel25onewrealfast19jjem2stfit5.pdf 
 used on input line 277.
(pdftex.def)             Requested size: 462.52684pt x 346.89516pt.

Overfull \hbox (35.73549pt too wide) in paragraph at lines 277--277
 [][] 
 []

[20 <./grinzel.pdf>]
<arrheniustotrealrinzel25onewrealfast19jjem2stfit9.pdf, id=1652, 462.52798pt x 
346.89601pt>
File: arrheniustotrealrinzel25onewrealfast19jjem2stfit9.pdf Graphic file (type 
pdf)
<use arrheniustotrealrinzel25onewrealfast19jjem2stfit9.pdf>
Package pdftex.def Info: arrheniustotrealrinzel25onewrealfast19jjem2stfit9.pdf 
 used on input line 282.
(pdftex.def)             Requested size: 462.52684pt x 346.89516pt.

Overfull \hbox (35.73549pt too wide) in paragraph at lines 282--282
 [][] 
 []

[21 <./arrheniustotrealrinzel25onewrealfast19jjem2stfit0.pdf>]
<dcompdfpwnewrealrinzel25orealfast19jjem2st.pdf, id=1713, 462.52798pt x 346.896
01pt>
File: dcompdfpwnewrealrinzel25orealfast19jjem2st.pdf Graphic file (type pdf)
<use dcompdfpwnewrealrinzel25orealfast19jjem2st.pdf>
Package pdftex.def Info: dcompdfpwnewrealrinzel25orealfast19jjem2st.pdf  used o
n input line 287.
(pdftex.def)             Requested size: 462.52684pt x 346.89516pt.

Overfull \hbox (35.73549pt too wide) in paragraph at lines 287--287
 [][] 
 []

[22 <./arrheniustotrealrinzel25onewrealfast19jjem2stfit5.pdf>]
<fcompdfpwnewrealrinzel25orealfast19jjem2st.pdf, id=1773, 462.52798pt x 346.896
01pt>
File: fcompdfpwnewrealrinzel25orealfast19jjem2st.pdf Graphic file (type pdf)
<use fcompdfpwnewrealrinzel25orealfast19jjem2st.pdf>
Package pdftex.def Info: fcompdfpwnewrealrinzel25orealfast19jjem2st.pdf  used o
n input line 292.
(pdftex.def)             Requested size: 462.52684pt x 346.89516pt.

Overfull \hbox (35.73549pt too wide) in paragraph at lines 292--292
 [][] 
 []

[23 <./arrheniustotrealrinzel25onewrealfast19jjem2stfit9.pdf>]
<gcompdfpwnewrealrinzel25orealfast19jjem2st.pdf, id=1834, 462.52798pt x 346.896
01pt>
File: gcompdfpwnewrealrinzel25orealfast19jjem2st.pdf Graphic file (type pdf)
<use gcompdfpwnewrealrinzel25orealfast19jjem2st.pdf>
Package pdftex.def Info: gcompdfpwnewrealrinzel25orealfast19jjem2st.pdf  used o
n input line 297.
(pdftex.def)             Requested size: 462.52684pt x 346.89516pt.

Overfull \hbox (35.73549pt too wide) in paragraph at lines 297--297
 [][] 
 []

[24 <./dcompdfpwnewrealrinzel25orealfast19jjem2st.pdf>] [25 <./fcompdfpwnewreal
rinzel25orealfast19jjem2st.pdf>]
<dneursinglerealrinzel15ninv0realrinzel15ninv1.pdf, id=1938, 462.52798pt x 346.
89601pt>
File: dneursinglerealrinzel15ninv0realrinzel15ninv1.pdf Graphic file (type pdf)

<use dneursinglerealrinzel15ninv0realrinzel15ninv1.pdf>
Package pdftex.def Info: dneursinglerealrinzel15ninv0realrinzel15ninv1.pdf  use
d on input line 303.
(pdftex.def)             Requested size: 462.52684pt x 346.89516pt.

Overfull \hbox (35.73549pt too wide) in paragraph at lines 303--303
 [][] 
 []

<fneursinglerealrinzel15ninv0realrinzel15ninv1.pdf, id=1939, 462.52798pt x 346.
89601pt>
File: fneursinglerealrinzel15ninv0realrinzel15ninv1.pdf Graphic file (type pdf)

<use fneursinglerealrinzel15ninv0realrinzel15ninv1.pdf>
Package pdftex.def Info: fneursinglerealrinzel15ninv0realrinzel15ninv1.pdf  use
d on input line 308.
(pdftex.def)             Requested size: 462.52684pt x 346.89516pt.

Overfull \hbox (35.73549pt too wide) in paragraph at lines 308--308
 [][] 
 []

[26 <./gcompdfpwnewrealrinzel25orealfast19jjem2st.pdf>]
<gneursinglerealrinzel15ninv0realrinzel15ninv1.pdf, id=1990, 462.52798pt x 346.
89601pt>
File: gneursinglerealrinzel15ninv0realrinzel15ninv1.pdf Graphic file (type pdf)

<use gneursinglerealrinzel15ninv0realrinzel15ninv1.pdf>
Package pdftex.def Info: gneursinglerealrinzel15ninv0realrinzel15ninv1.pdf  use
d on input line 313.
(pdftex.def)             Requested size: 462.52684pt x 346.89516pt.

Overfull \hbox (35.73549pt too wide) in paragraph at lines 313--313
 [][] 
 []

[27 <./dneursinglerealrinzel15ninv0realrinzel15ninv1.pdf>]
<firingraterinzelnoise3.pdf, id=2040, 462.52798pt x 346.89601pt>
File: firingraterinzelnoise3.pdf Graphic file (type pdf)
<use firingraterinzelnoise3.pdf>
Package pdftex.def Info: firingraterinzelnoise3.pdf  used on input line 318.
(pdftex.def)             Requested size: 462.52684pt x 346.89516pt.

Overfull \hbox (35.73549pt too wide) in paragraph at lines 318--318
 [][] 
 []

[28 <./fneursinglerealrinzel15ninv0realrinzel15ninv1.pdf>] [29 <./gneursinglere
alrinzel15ninv0realrinzel15ninv1.pdf>]
<snrangerealrinzel.pdf, id=2125, 462.52798pt x 346.89601pt>
File: snrangerealrinzel.pdf Graphic file (type pdf)
<use snrangerealrinzel.pdf>
Package pdftex.def Info: snrangerealrinzel.pdf  used on input line 325.
(pdftex.def)             Requested size: 462.52684pt x 346.89516pt.

Overfull \hbox (35.73549pt too wide) in paragraph at lines 325--325
 [][] 
 []

<snronlyrinzel.pdf, id=2126, 462.52798pt x 346.89601pt>
File: snronlyrinzel.pdf Graphic file (type pdf)
<use snronlyrinzel.pdf>
Package pdftex.def Info: snronlyrinzel.pdf  used on input line 330.
(pdftex.def)             Requested size: 462.52684pt x 346.89516pt.

Overfull \hbox (35.73549pt too wide) in paragraph at lines 330--330
 [][] 
 []

[30 <./firingraterinzelnoise3.pdf>]
<fourd5small.pdf, id=2163, 462.52798pt x 346.89601pt>
File: fourd5small.pdf Graphic file (type pdf)
<use fourd5small.pdf>
Package pdftex.def Info: fourd5small.pdf  used on input line 335.
(pdftex.def)             Requested size: 462.52684pt x 346.89516pt.

Overfull \hbox (35.73549pt too wide) in paragraph at lines 335--335
 [][] 
 []

[31 <./snrangerealrinzel.pdf>]
<fourd5large.pdf, id=2200, 462.52798pt x 346.89601pt>
File: fourd5large.pdf Graphic file (type pdf)
<use fourd5large.pdf>
Package pdftex.def Info: fourd5large.pdf  used on input line 340.
(pdftex.def)             Requested size: 462.52684pt x 346.89516pt.

Overfull \hbox (35.73549pt too wide) in paragraph at lines 340--340
 [][] 
 []

[32 <./snronlyrinzel.pdf>]
<fourd3small.pdf, id=2248, 462.52798pt x 346.89601pt>
File: fourd3small.pdf Graphic file (type pdf)
<use fourd3small.pdf>
Package pdftex.def Info: fourd3small.pdf  used on input line 345.
(pdftex.def)             Requested size: 462.52684pt x 346.89516pt.

Overfull \hbox (35.73549pt too wide) in paragraph at lines 345--345
 [][] 
 []

[33 <./fourd5small.pdf>]
<fourd3large.pdf, id=2296, 462.52798pt x 346.89601pt>
File: fourd3large.pdf Graphic file (type pdf)
<use fourd3large.pdf>
Package pdftex.def Info: fourd3large.pdf  used on input line 350.
(pdftex.def)             Requested size: 462.52684pt x 346.89516pt.

Overfull \hbox (35.73549pt too wide) in paragraph at lines 350--350
 [][] 
 []

[34 <./fourd5large.pdf>]
File: snrangerealrinzel.pdf Graphic file (type pdf)
<use snrangerealrinzel.pdf>
Package pdftex.def Info: snrangerealrinzel.pdf  used on input line 355.
(pdftex.def)             Requested size: 462.52684pt x 346.89516pt.

Overfull \hbox (35.73549pt too wide) in paragraph at lines 355--355
 [][] 
 []

[35 <./fourd3small.pdf>]
<snronlyrinzelrealrinzel20ninv0.pdf, id=2389, 462.52798pt x 346.89601pt>
File: snronlyrinzelrealrinzel20ninv0.pdf Graphic file (type pdf)
<use snronlyrinzelrealrinzel20ninv0.pdf>
Package pdftex.def Info: snronlyrinzelrealrinzel20ninv0.pdf  used on input line
 360.
(pdftex.def)             Requested size: 462.52684pt x 346.89516pt.

Overfull \hbox (35.73549pt too wide) in paragraph at lines 360--360
 [][] 
 []

[36 <./fourd3large.pdf>]
<d20i98.pdf, id=2437, 462.52798pt x 346.89601pt>
File: d20i98.pdf Graphic file (type pdf)
<use d20i98.pdf>
Package pdftex.def Info: d20i98.pdf  used on input line 365.
(pdftex.def)             Requested size: 462.52684pt x 346.89516pt.

Overfull \hbox (35.73549pt too wide) in paragraph at lines 365--365
 [][] 
 []

[37]
<d20i106.pdf, id=2441, 462.52798pt x 346.89601pt>
File: d20i106.pdf Graphic file (type pdf)
<use d20i106.pdf>
Package pdftex.def Info: d20i106.pdf  used on input line 370.
(pdftex.def)             Requested size: 462.52684pt x 346.89516pt.

Overfull \hbox (35.73549pt too wide) in paragraph at lines 370--370
 [][] 
 []

[38 <./snronlyrinzelrealrinzel20ninv0.pdf>]
<d20i146.pdf, id=2490, 462.52798pt x 346.89601pt>
File: d20i146.pdf Graphic file (type pdf)
<use d20i146.pdf>
Package pdftex.def Info: d20i146.pdf  used on input line 375.
(pdftex.def)             Requested size: 462.52684pt x 346.89516pt.

Overfull \hbox (35.73549pt too wide) in paragraph at lines 375--375
 [][] 
 []

[39 <./d20i98.pdf>]
<d20i154.pdf, id=2540, 462.52798pt x 346.89601pt>
File: d20i154.pdf Graphic file (type pdf)
<use d20i154.pdf>
Package pdftex.def Info: d20i154.pdf  used on input line 380.
(pdftex.def)             Requested size: 462.52684pt x 346.89516pt.

Overfull \hbox (35.73549pt too wide) in paragraph at lines 380--380
 [][] 
 []

[40 <./d20i106.pdf>] [41 <./d20i146.pdf>] [42 <./d20i154.pdf>]
<detmocountrinzelcomp2.pdf, id=2684, 462.52798pt x 346.89601pt>
File: detmocountrinzelcomp2.pdf Graphic file (type pdf)
<use detmocountrinzelcomp2.pdf>
Package pdftex.def Info: detmocountrinzelcomp2.pdf  used on input line 386.
(pdftex.def)             Requested size: 462.52684pt x 346.89516pt.

Overfull \hbox (35.73549pt too wide) in paragraph at lines 386--386
 [][] 
 []

<gcomprate3nolog.pdf, id=2685, 462.52798pt x 346.89601pt>
File: gcomprate3nolog.pdf Graphic file (type pdf)
<use gcomprate3nolog.pdf>
Package pdftex.def Info: gcomprate3nolog.pdf  used on input line 391.
(pdftex.def)             Requested size: 462.52684pt x 346.89516pt.

Overfull \hbox (35.73549pt too wide) in paragraph at lines 391--391
 [][] 
 []

<raterinzelfit3.pdf, id=2686, 462.52798pt x 346.89601pt>
File: raterinzelfit3.pdf Graphic file (type pdf)
<use raterinzelfit3.pdf>
Package pdftex.def Info: raterinzelfit3.pdf  used on input line 396.
(pdftex.def)             Requested size: 462.52684pt x 346.89516pt.

Overfull \hbox (35.73549pt too wide) in paragraph at lines 396--396
 [][] 
 []

[43 <./detmocountrinzelcomp2.pdf>]
<barrierinzelfit3.pdf, id=2726, 462.52798pt x 346.89601pt>
File: barrierinzelfit3.pdf Graphic file (type pdf)
<use barrierinzelfit3.pdf>
Package pdftex.def Info: barrierinzelfit3.pdf  used on input line 401.
(pdftex.def)             Requested size: 462.52684pt x 346.89516pt.

Overfull \hbox (35.73549pt too wide) in paragraph at lines 401--401
 [][] 
 []

[44 <./gcomprate3nolog.pdf>]
<snrangerealrinzelcomp.pdf, id=2765, 462.52798pt x 346.89601pt>
File: snrangerealrinzelcomp.pdf Graphic file (type pdf)
<use snrangerealrinzelcomp.pdf>
Package pdftex.def Info: snrangerealrinzelcomp.pdf  used on input line 406.
(pdftex.def)             Requested size: 462.52684pt x 346.89516pt.

Overfull \hbox (35.73549pt too wide) in paragraph at lines 406--406
 [][] 
 []

[45 <./raterinzelfit3.pdf>]
<drdirinzel.pdf, id=2796, 462.52798pt x 346.89601pt>
File: drdirinzel.pdf Graphic file (type pdf)
<use drdirinzel.pdf>
Package pdftex.def Info: drdirinzel.pdf  used on input line 411.
(pdftex.def)             Requested size: 462.52684pt x 346.89516pt.

Overfull \hbox (35.73549pt too wide) in paragraph at lines 411--411
 [][] 
 []

[46 <./barrierinzelfit3.pdf>] [47 <./snrangerealrinzelcomp.pdf>]
<dcompdfpwnewrealrinzel25orealrinzel15ninv0.pdf, id=2876, 462.52798pt x 346.896
01pt>
File: dcompdfpwnewrealrinzel25orealrinzel15ninv0.pdf Graphic file (type pdf)
<use dcompdfpwnewrealrinzel25orealrinzel15ninv0.pdf>
Package pdftex.def Info: dcompdfpwnewrealrinzel25orealrinzel15ninv0.pdf  used o
n input line 417.
(pdftex.def)             Requested size: 462.52684pt x 346.89516pt.

Overfull \hbox (35.73549pt too wide) in paragraph at lines 417--417
 [][] 
 []

<dcomprate25o.pdf, id=2877, 462.52798pt x 346.89601pt>
File: dcomprate25o.pdf Graphic file (type pdf)
<use dcomprate25o.pdf>
Package pdftex.def Info: dcomprate25o.pdf  used on input line 422.
(pdftex.def)             Requested size: 462.52684pt x 346.89516pt.

Overfull \hbox (35.73549pt too wide) in paragraph at lines 422--422
 [][] 
 []

[48 <./drdirinzel.pdf>]
<snrinzelcompsprate4.pdf, id=2915, 462.52798pt x 346.89601pt>
File: snrinzelcompsprate4.pdf Graphic file (type pdf)
<use snrinzelcompsprate4.pdf>
Package pdftex.def Info: snrinzelcompsprate4.pdf  used on input line 427.
(pdftex.def)             Requested size: 462.52684pt x 346.89516pt.

Overfull \hbox (35.73549pt too wide) in paragraph at lines 427--427
 [][] 
 []

[49 <./dcompdfpwnewrealrinzel25orealrinzel15ninv0.pdf>]
<inapikpoi.pdf, id=2967, 462.52798pt x 346.89601pt>
File: inapikpoi.pdf Graphic file (type pdf)
<use inapikpoi.pdf>
Package pdftex.def Info: inapikpoi.pdf  used on input line 432.
(pdftex.def)             Requested size: 462.52684pt x 346.89516pt.

Overfull \hbox (35.73549pt too wide) in paragraph at lines 432--432
 [][] 
 []

[50 <./dcomprate25o.pdf>]
<snrinzelcompspratepoi2.pdf, id=3006, 462.52798pt x 346.89601pt>
File: snrinzelcompspratepoi2.pdf Graphic file (type pdf)
<use snrinzelcompspratepoi2.pdf>
Package pdftex.def Info: snrinzelcompspratepoi2.pdf  used on input line 437.
(pdftex.def)             Requested size: 462.52684pt x 346.89516pt.

Overfull \hbox (35.73549pt too wide) in paragraph at lines 437--437
 [][] 
 []

[51 <./snrinzelcompsprate4.pdf>]
<arrheniustotrealrinzelpoi26n1realrinzel15ninv0fit4.pdf, id=3047, 462.52798pt x
 346.89601pt>
File: arrheniustotrealrinzelpoi26n1realrinzel15ninv0fit4.pdf Graphic file (type
 pdf)
<use arrheniustotrealrinzelpoi26n1realrinzel15ninv0fit4.pdf>
Package pdftex.def Info: arrheniustotrealrinzelpoi26n1realrinzel15ninv0fit4.pdf
  used on input line 442.
(pdftex.def)             Requested size: 462.52684pt x 346.89516pt.

Overfull \hbox (35.73549pt too wide) in paragraph at lines 442--442
 [][] 
 []

[52 <./inapikpoi.pdf>]
<dcomprate3.pdf, id=3096, 462.52798pt x 346.89601pt>
File: dcomprate3.pdf Graphic file (type pdf)
<use dcomprate3.pdf>
Package pdftex.def Info: dcomprate3.pdf  used on input line 447.
(pdftex.def)             Requested size: 462.52684pt x 346.89516pt.

Overfull \hbox (35.73549pt too wide) in paragraph at lines 447--447
 [][] 
 []

[53 <./snrinzelcompspratepoi2.pdf>]
<bdistajrj2realrinzelpoi26n13001.pdf, id=3135, 462.52798pt x 346.89601pt>
File: bdistajrj2realrinzelpoi26n13001.pdf Graphic file (type pdf)
<use bdistajrj2realrinzelpoi26n13001.pdf>
Package pdftex.def Info: bdistajrj2realrinzelpoi26n13001.pdf  used on input lin
e 452.
(pdftex.def)             Requested size: 462.52684pt x 346.89516pt.

Overfull \hbox (35.73549pt too wide) in paragraph at lines 452--452
 [][] 
 []

[54 <./arrheniustotrealrinzelpoi26n1realrinzel15ninv0fit4.pdf>]
<bdistajrj2realrinzelpoi26n14003.pdf, id=3198, 462.52798pt x 346.89601pt>
File: bdistajrj2realrinzelpoi26n14003.pdf Graphic file (type pdf)
<use bdistajrj2realrinzelpoi26n14003.pdf>
Package pdftex.def Info: bdistajrj2realrinzelpoi26n14003.pdf  used on input lin
e 457.
(pdftex.def)             Requested size: 462.52684pt x 346.89516pt.

Overfull \hbox (35.73549pt too wide) in paragraph at lines 457--457
 [][] 
 []

[55 <./dcomprate3.pdf>]
<eqdistajrj2realrinzelpoi26n11501.pdf, id=3236, 462.52798pt x 346.89601pt>
File: eqdistajrj2realrinzelpoi26n11501.pdf Graphic file (type pdf)
<use eqdistajrj2realrinzelpoi26n11501.pdf>
Package pdftex.def Info: eqdistajrj2realrinzelpoi26n11501.pdf  used on input li
ne 462.
(pdftex.def)             Requested size: 462.52684pt x 346.89516pt.

Overfull \hbox (35.73549pt too wide) in paragraph at lines 462--462
 [][] 
 []

[56 <./bdistajrj2realrinzelpoi26n13001.pdf>]
<eqdistajrj2realrinzelpoi26n12001.pdf, id=3271, 462.52798pt x 346.89601pt>
File: eqdistajrj2realrinzelpoi26n12001.pdf Graphic file (type pdf)
<use eqdistajrj2realrinzelpoi26n12001.pdf>
Package pdftex.def Info: eqdistajrj2realrinzelpoi26n12001.pdf  used on input li
ne 467.
(pdftex.def)             Requested size: 462.52684pt x 346.89516pt.

Overfull \hbox (35.73549pt too wide) in paragraph at lines 467--467
 [][] 
 []

[57 <./bdistajrj2realrinzelpoi26n14003.pdf>] [58 <./eqdistajrj2realrinzelpoi26n
11501.pdf>] [59 <./eqdistajrj2realrinzelpoi26n12001.pdf>]
<firingraterinzelnoiselong.pdf, id=3380, 462.52798pt x 346.89601pt>
File: firingraterinzelnoiselong.pdf Graphic file (type pdf)
<use firingraterinzelnoiselong.pdf>
Package pdftex.def Info: firingraterinzelnoiselong.pdf  used on input line 473.

(pdftex.def)             Requested size: 462.52684pt x 346.89516pt.

Overfull \hbox (35.73549pt too wide) in paragraph at lines 473--473
 [][] 
 []

<firingraterinzelnoiselonglog.pdf, id=3381, 462.52798pt x 346.89601pt>
File: firingraterinzelnoiselonglog.pdf Graphic file (type pdf)
<use firingraterinzelnoiselonglog.pdf>
Package pdftex.def Info: firingraterinzelnoiselonglog.pdf  used on input line 4
78.
(pdftex.def)             Requested size: 462.52684pt x 346.89516pt.

Overfull \hbox (35.73549pt too wide) in paragraph at lines 478--478
 [][] 
 []

File: drdirinzel.pdf Graphic file (type pdf)
<use drdirinzel.pdf>
Package pdftex.def Info: drdirinzel.pdf  used on input line 483.
(pdftex.def)             Requested size: 462.52684pt x 346.89516pt.

Overfull \hbox (35.73549pt too wide) in paragraph at lines 483--483
 [][] 
 []

[60 <./firingraterinzelnoiselong.pdf>]
<drdirinzellong.pdf, id=3418, 462.52798pt x 346.89601pt>
File: drdirinzellong.pdf Graphic file (type pdf)
<use drdirinzellong.pdf>
Package pdftex.def Info: drdirinzellong.pdf  used on input line 488.
(pdftex.def)             Requested size: 462.52684pt x 346.89516pt.

Overfull \hbox (35.73549pt too wide) in paragraph at lines 488--488
 [][] 
 []

[61 <./firingraterinzelnoiselonglog.pdf>]
File: snrangerealrinzelcomp.pdf Graphic file (type pdf)
<use snrangerealrinzelcomp.pdf>
Package pdftex.def Info: snrangerealrinzelcomp.pdf  used on input line 493.
(pdftex.def)             Requested size: 462.52684pt x 346.89516pt.

Overfull \hbox (35.73549pt too wide) in paragraph at lines 493--493
 [][] 
 []

[62]
<snrangerealrinzelcomplong.pdf, id=3458, 462.52798pt x 346.89601pt>
File: snrangerealrinzelcomplong.pdf Graphic file (type pdf)
<use snrangerealrinzelcomplong.pdf>
Package pdftex.def Info: snrangerealrinzelcomplong.pdf  used on input line 498.

(pdftex.def)             Requested size: 462.52684pt x 346.89516pt.

Overfull \hbox (35.73549pt too wide) in paragraph at lines 498--498
 [][] 
 []

[63 <./drdirinzellong.pdf>]
<spekpoi4dd20.pdf, id=3496, 462.52798pt x 346.89601pt>
File: spekpoi4dd20.pdf Graphic file (type pdf)
<use spekpoi4dd20.pdf>
Package pdftex.def Info: spekpoi4dd20.pdf  used on input line 503.
(pdftex.def)             Requested size: 462.52684pt x 346.89516pt.

Overfull \hbox (35.73549pt too wide) in paragraph at lines 503--503
 [][] 
 []

[64]
<spekpoi4dd30.pdf, id=3500, 462.52798pt x 346.89601pt>
File: spekpoi4dd30.pdf Graphic file (type pdf)
<use spekpoi4dd30.pdf>
Package pdftex.def Info: spekpoi4dd30.pdf  used on input line 508.
(pdftex.def)             Requested size: 462.52684pt x 346.89516pt.

Overfull \hbox (35.73549pt too wide) in paragraph at lines 508--508
 [][] 
 []

[65 <./snrangerealrinzelcomplong.pdf>]
<snrinzelpoi4d3.pdf, id=3552, 462.52798pt x 346.89601pt>
File: snrinzelpoi4d3.pdf Graphic file (type pdf)
<use snrinzelpoi4d3.pdf>
Package pdftex.def Info: snrinzelpoi4d3.pdf  used on input line 513.
(pdftex.def)             Requested size: 462.52684pt x 346.89516pt.

Overfull \hbox (35.73549pt too wide) in paragraph at lines 513--513
 [][] 
 []

[66 <./spekpoi4dd20.pdf>]
<arrhcomp.pdf, id=3603, 462.52798pt x 346.89601pt>
File: arrhcomp.pdf Graphic file (type pdf)
<use arrhcomp.pdf>
Package pdftex.def Info: arrhcomp.pdf  used on input line 518.
(pdftex.def)             Requested size: 462.52684pt x 346.89516pt.

Overfull \hbox (35.73549pt too wide) in paragraph at lines 518--518
 [][] 
 []

[67 <./spekpoi4dd30.pdf>] [68 <./snrinzelpoi4d3.pdf>] [69 <./arrhcomp.pdf>]
<inapikrealrD20I-114.pdf, id=3729, 462.52798pt x 346.89601pt>
File: inapikrealrD20I-114.pdf Graphic file (type pdf)
<use inapikrealrD20I-114.pdf>
Package pdftex.def Info: inapikrealrD20I-114.pdf  used on input line 526.
(pdftex.def)             Requested size: 462.52684pt x 346.89516pt.

Overfull \hbox (35.73549pt too wide) in paragraph at lines 526--526
 [][] 
 []

<inapikrealrD30I-102.pdf, id=3730, 462.52798pt x 346.89601pt>
File: inapikrealrD30I-102.pdf Graphic file (type pdf)
<use inapikrealrD30I-102.pdf>
Package pdftex.def Info: inapikrealrD30I-102.pdf  used on input line 531.
(pdftex.def)             Requested size: 462.52684pt x 346.89516pt.

Overfull \hbox (35.73549pt too wide) in paragraph at lines 531--531
 [][] 
 []

<snrinzelpoi6j17d.pdf, id=3731, 462.52798pt x 346.89601pt>
File: snrinzelpoi6j17d.pdf Graphic file (type pdf)
<use snrinzelpoi6j17d.pdf>
Package pdftex.def Info: snrinzelpoi6j17d.pdf  used on input line 536.
(pdftex.def)             Requested size: 462.52684pt x 346.89516pt.

Overfull \hbox (35.73549pt too wide) in paragraph at lines 536--536
 [][] 
 []

[70 <./inapikrealrD20I-114.pdf>]
<snrinzelpoi6j17dshort.pdf, id=3781, 462.52798pt x 346.89601pt>
File: snrinzelpoi6j17dshort.pdf Graphic file (type pdf)
<use snrinzelpoi6j17dshort.pdf>
Package pdftex.def Info: snrinzelpoi6j17dshort.pdf  used on input line 541.
(pdftex.def)             Requested size: 462.52684pt x 346.89516pt.

Overfull \hbox (35.73549pt too wide) in paragraph at lines 541--541
 [][] 
 []

[71 <./inapikrealrD30I-102.pdf>] [72 <./snrinzelpoi6j17d.pdf>]
<dcomprate25o6j.pdf, id=3873, 462.52798pt x 346.89601pt>
File: dcomprate25o6j.pdf Graphic file (type pdf)
<use dcomprate25o6j.pdf>
Package pdftex.def Info: dcomprate25o6j.pdf  used on input line 547.
(pdftex.def)             Requested size: 462.52684pt x 346.89516pt.

Overfull \hbox (35.73549pt too wide) in paragraph at lines 547--547
 [][] 
 []

<gcomprate25o6jnolog.pdf, id=3874, 462.52798pt x 346.89601pt>
File: gcomprate25o6jnolog.pdf Graphic file (type pdf)
<use gcomprate25o6jnolog.pdf>
Package pdftex.def Info: gcomprate25o6jnolog.pdf  used on input line 552.
(pdftex.def)             Requested size: 462.52684pt x 346.89516pt.

Overfull \hbox (35.73549pt too wide) in paragraph at lines 552--552
 [][] 
 []

[73 <./snrinzelpoi6j17dshort.pdf>]
<gcompratepoi17dnolog.pdf, id=3913, 462.52798pt x 346.89601pt>
File: gcompratepoi17dnolog.pdf Graphic file (type pdf)
<use gcompratepoi17dnolog.pdf>
Package pdftex.def Info: gcompratepoi17dnolog.pdf  used on input line 557.
(pdftex.def)             Requested size: 462.52684pt x 346.89516pt.

Overfull \hbox (35.73549pt too wide) in paragraph at lines 557--557
 [][] 
 []

[74 <./dcomprate25o6j.pdf>]
<barrierinzelfit4.pdf, id=3951, 462.52798pt x 346.89601pt>
File: barrierinzelfit4.pdf Graphic file (type pdf)
<use barrierinzelfit4.pdf>
Package pdftex.def Info: barrierinzelfit4.pdf  used on input line 562.
(pdftex.def)             Requested size: 462.52684pt x 346.89516pt.

Overfull \hbox (35.73549pt too wide) in paragraph at lines 562--562
 [][] 
 []

[75 <./gcomprate25o6jnolog.pdf>] [76 <./gcompratepoi17dnolog.pdf>] [77 <./barri
erinzelfit4.pdf>]
<tranrates.pdf, id=4058, 462.52798pt x 346.89601pt>
File: tranrates.pdf Graphic file (type pdf)
<use tranrates.pdf>
Package pdftex.def Info: tranrates.pdf  used on input line 569.
(pdftex.def)             Requested size: 462.52684pt x 346.89516pt.

Overfull \hbox (35.73549pt too wide) in paragraph at lines 569--569
 [][] 
 []

<tranratesneur.pdf, id=4059, 462.52798pt x 346.89601pt>
File: tranratesneur.pdf Graphic file (type pdf)
<use tranratesneur.pdf>
Package pdftex.def Info: tranratesneur.pdf  used on input line 574.
(pdftex.def)             Requested size: 462.52684pt x 346.89516pt.

Overfull \hbox (35.73549pt too wide) in paragraph at lines 574--574
 [][] 
 []

[78 <./tranrates.pdf>]
<oup2jtheo3.pdf, id=4117, 462.52798pt x 346.89601pt>
File: oup2jtheo3.pdf Graphic file (type pdf)
<use oup2jtheo3.pdf>
Package pdftex.def Info: oup2jtheo3.pdf  used on input line 580.
(pdftex.def)             Requested size: 462.52684pt x 346.89516pt.

Overfull \hbox (35.73549pt too wide) in paragraph at lines 580--580
 [][] 
 []

[79 <./tranratesneur.pdf>]
<rinzelclines.pdf, id=4178, 462.52798pt x 346.89601pt>
File: rinzelclines.pdf Graphic file (type pdf)
<use rinzelclines.pdf>
Package pdftex.def Info: rinzelclines.pdf  used on input line 586.
(pdftex.def)             Requested size: 462.52684pt x 346.89516pt.

Overfull \hbox (35.73549pt too wide) in paragraph at lines 586--586
 [][] 
 []

<rinzelclinescor.pdf, id=4179, 462.52798pt x 346.89601pt>
File: rinzelclinescor.pdf Graphic file (type pdf)
<use rinzelclinescor.pdf>
Package pdftex.def Info: rinzelclinescor.pdf  used on input line 591.
(pdftex.def)             Requested size: 462.52684pt x 346.89516pt.

Overfull \hbox (35.73549pt too wide) in paragraph at lines 591--591
 [][] 
 []

[80 <./oup2jtheo3.pdf>]
<rinzelclinescoredge2.pdf, id=4216, 462.52798pt x 346.89601pt>
File: rinzelclinescoredge2.pdf Graphic file (type pdf)
<use rinzelclinescoredge2.pdf>
Package pdftex.def Info: rinzelclinescoredge2.pdf  used on input line 596.
(pdftex.def)             Requested size: 462.52684pt x 346.89516pt.

Overfull \hbox (35.73549pt too wide) in paragraph at lines 596--596
 [][] 
 []

[81 <./rinzelclines.pdf>]
<snrinzelrange26d.pdf, id=4255, 462.52798pt x 346.89601pt>
File: snrinzelrange26d.pdf Graphic file (type pdf)
<use snrinzelrange26d.pdf>
Package pdftex.def Info: snrinzelrange26d.pdf  used on input line 601.
(pdftex.def)             Requested size: 462.52684pt x 346.89516pt.

Overfull \hbox (35.73549pt too wide) in paragraph at lines 601--601
 [][] 
 []

[82 <./rinzelclinescor.pdf>] [83 <./rinzelclinescoredge2.pdf>]
<dneurrealanhopf22j3.pdf, id=4332, 462.52798pt x 346.89601pt>
File: dneurrealanhopf22j3.pdf Graphic file (type pdf)
<use dneurrealanhopf22j3.pdf>
Package pdftex.def Info: dneurrealanhopf22j3.pdf  used on input line 607.
(pdftex.def)             Requested size: 462.52684pt x 346.89516pt.

Overfull \hbox (35.73549pt too wide) in paragraph at lines 607--607
 [][] 
 []

<gneurrealanhopf22j3.pdf, id=4333, 462.52798pt x 346.89601pt>
File: gneurrealanhopf22j3.pdf Graphic file (type pdf)
<use gneurrealanhopf22j3.pdf>
Package pdftex.def Info: gneurrealanhopf22j3.pdf  used on input line 612.
(pdftex.def)             Requested size: 462.52684pt x 346.89516pt.

Overfull \hbox (35.73549pt too wide) in paragraph at lines 612--612
 [][] 
 []

[84 <./snrinzelrange26d.pdf>]
<fneurrealanhopf22j3.pdf, id=4376, 462.52798pt x 346.89601pt>
File: fneurrealanhopf22j3.pdf Graphic file (type pdf)
<use fneurrealanhopf22j3.pdf>
Package pdftex.def Info: fneurrealanhopf22j3.pdf  used on input line 617.
(pdftex.def)             Requested size: 462.52684pt x 346.89516pt.

Overfull \hbox (35.73549pt too wide) in paragraph at lines 617--617
 [][] 
 []

[85 <./dneurrealanhopf22j3.pdf>] [86 <./gneurrealanhopf22j3.pdf>]
<spanhopfd10klein.pdf, id=4461, 462.52798pt x 346.89601pt>
File: spanhopfd10klein.pdf Graphic file (type pdf)
<use spanhopfd10klein.pdf>
Package pdftex.def Info: spanhopfd10klein.pdf  used on input line 623.
(pdftex.def)             Requested size: 462.52684pt x 346.89516pt.

Overfull \hbox (35.73549pt too wide) in paragraph at lines 623--623
 [][] 
 []

<spanhopfd10mittel.pdf, id=4462, 462.52798pt x 346.89601pt>
File: spanhopfd10mittel.pdf Graphic file (type pdf)
<use spanhopfd10mittel.pdf>
Package pdftex.def Info: spanhopfd10mittel.pdf  used on input line 628.
(pdftex.def)             Requested size: 462.52684pt x 346.89516pt.

Overfull \hbox (35.73549pt too wide) in paragraph at lines 628--628
 [][] 
 []

[87 <./fneurrealanhopf22j3.pdf>]
<spanhopfd10mittel2.pdf, id=4511, 462.52798pt x 346.89601pt>
File: spanhopfd10mittel2.pdf Graphic file (type pdf)
<use spanhopfd10mittel2.pdf>
Package pdftex.def Info: spanhopfd10mittel2.pdf  used on input line 633.
(pdftex.def)             Requested size: 462.52684pt x 346.89516pt.

Overfull \hbox (35.73549pt too wide) in paragraph at lines 633--633
 [][] 
 []

[88 <./spanhopfd10klein.pdf>]
<spanhopfd10hoch.pdf, id=4561, 462.52798pt x 346.89601pt>
File: spanhopfd10hoch.pdf Graphic file (type pdf)
<use spanhopfd10hoch.pdf>
Package pdftex.def Info: spanhopfd10hoch.pdf  used on input line 638.
(pdftex.def)             Requested size: 462.52684pt x 346.89516pt.

Overfull \hbox (35.73549pt too wide) in paragraph at lines 638--638
 [][] 
 []

[89 <./spanhopfd10mittel.pdf>]
<spanhopfd20klein.pdf, id=4608, 462.52798pt x 346.89601pt>
File: spanhopfd20klein.pdf Graphic file (type pdf)
<use spanhopfd20klein.pdf>
Package pdftex.def Info: spanhopfd20klein.pdf  used on input line 643.
(pdftex.def)             Requested size: 462.52684pt x 346.89516pt.

Overfull \hbox (35.73549pt too wide) in paragraph at lines 643--643
 [][] 
 []

[90 <./spanhopfd10mittel2.pdf>]
<spanhopfd30hoch.pdf, id=4656, 462.52798pt x 346.89601pt>
File: spanhopfd30hoch.pdf Graphic file (type pdf)
<use spanhopfd30hoch.pdf>
Package pdftex.def Info: spanhopfd30hoch.pdf  used on input line 648.
(pdftex.def)             Requested size: 462.52684pt x 346.89516pt.

Overfull \hbox (35.73549pt too wide) in paragraph at lines 648--648
 [][] 
 []

[91 <./spanhopfd10hoch.pdf>]
<snranhopf27jws.pdf, id=4703, 462.52798pt x 346.89601pt>
File: snranhopf27jws.pdf Graphic file (type pdf)
<use snranhopf27jws.pdf>
Package pdftex.def Info: snranhopf27jws.pdf  used on input line 653.
(pdftex.def)             Requested size: 462.52684pt x 346.89516pt.

Overfull \hbox (35.73549pt too wide) in paragraph at lines 653--653
 [][] 
 []

[92 <./spanhopfd20klein.pdf>] [93 <./spanhopfd30hoch.pdf>]
<spanhopfd20ismallwlim.pdf, id=4796, 462.52798pt x 346.89601pt>
File: spanhopfd20ismallwlim.pdf Graphic file (type pdf)
<use spanhopfd20ismallwlim.pdf>
Package pdftex.def Info: spanhopfd20ismallwlim.pdf  used on input line 661.
(pdftex.def)             Requested size: 462.52684pt x 346.89516pt.

Overfull \hbox (35.73549pt too wide) in paragraph at lines 661--661
 [][] 
 []

<spanhopfd20imediumwlim.pdf, id=4797, 462.52798pt x 346.89601pt>
File: spanhopfd20imediumwlim.pdf Graphic file (type pdf)
<use spanhopfd20imediumwlim.pdf>
Package pdftex.def Info: spanhopfd20imediumwlim.pdf  used on input line 666.
(pdftex.def)             Requested size: 462.52684pt x 346.89516pt.

Overfull \hbox (35.73549pt too wide) in paragraph at lines 666--666
 [][] 
 []

[94 <./snranhopf27jws.pdf>]
<spanhopfd30ilargewlim.pdf, id=4836, 462.52798pt x 346.89601pt>
File: spanhopfd30ilargewlim.pdf Graphic file (type pdf)
<use spanhopfd30ilargewlim.pdf>
Package pdftex.def Info: spanhopfd30ilargewlim.pdf  used on input line 671.
(pdftex.def)             Requested size: 462.52684pt x 346.89516pt.

Overfull \hbox (35.73549pt too wide) in paragraph at lines 671--671
 [][] 
 []

[95 <./spanhopfd20ismallwlim.pdf>] [96 <./spanhopfd20imediumwlim.pdf>]
<logspecmed.pdf, id=4930, 462.52798pt x 346.89601pt>
File: logspecmed.pdf Graphic file (type pdf)
<use logspecmed.pdf>
Package pdftex.def Info: logspecmed.pdf  used on input line 677.
(pdftex.def)             Requested size: 462.52684pt x 346.89516pt.

Overfull \hbox (35.73549pt too wide) in paragraph at lines 677--677
 [][] 
 []

<logspeclarge.pdf, id=4931, 462.52798pt x 346.89601pt>
File: logspeclarge.pdf Graphic file (type pdf)
<use logspeclarge.pdf>
Package pdftex.def Info: logspeclarge.pdf  used on input line 682.
(pdftex.def)             Requested size: 462.52684pt x 346.89516pt.

Overfull \hbox (35.73549pt too wide) in paragraph at lines 682--682
 [][] 
 []

[97 <./spanhopfd30ilargewlim.pdf>]
File: dneurrealanhopf22j3.pdf Graphic file (type pdf)
<use dneurrealanhopf22j3.pdf>
Package pdftex.def Info: dneurrealanhopf22j3.pdf  used on input line 687.
(pdftex.def)             Requested size: 462.52684pt x 346.89516pt.

Overfull \hbox (35.73549pt too wide) in paragraph at lines 687--687
 [][] 
 []

[98 <./logspecmed.pdf>]
<snrangerealanameasspallanhopf.pdf, id=5022, 462.52798pt x 346.89601pt>
File: snrangerealanameasspallanhopf.pdf Graphic file (type pdf)
<use snrangerealanameasspallanhopf.pdf>
Package pdftex.def Info: snrangerealanameasspallanhopf.pdf  used on input line 
692.
(pdftex.def)             Requested size: 462.52684pt x 346.89516pt.

Overfull \hbox (35.73549pt too wide) in paragraph at lines 692--692
 [][] 
 []

[99 <./logspeclarge.pdf>] [100]
<twofoud35i4375os.pdf, id=5072, 462.52798pt x 346.89601pt>
File: twofoud35i4375os.pdf Graphic file (type pdf)
<use twofoud35i4375os.pdf>
Package pdftex.def Info: twofoud35i4375os.pdf  used on input line 698.
(pdftex.def)             Requested size: 462.52684pt x 346.89516pt.

Overfull \hbox (35.73549pt too wide) in paragraph at lines 698--698
 [][] 
 []

<twofoud35i4575os.pdf, id=5073, 462.52798pt x 346.89601pt>
File: twofoud35i4575os.pdf Graphic file (type pdf)
<use twofoud35i4575os.pdf>
Package pdftex.def Info: twofoud35i4575os.pdf  used on input line 703.
(pdftex.def)             Requested size: 462.52684pt x 346.89516pt.

Overfull \hbox (35.73549pt too wide) in paragraph at lines 703--703
 [][] 
 []

[101 <./snrangerealanameasspallanhopf.pdf>]
<twofoud35i4775os.pdf, id=5114, 462.52798pt x 346.89601pt>
File: twofoud35i4775os.pdf Graphic file (type pdf)
<use twofoud35i4775os.pdf>
Package pdftex.def Info: twofoud35i4775os.pdf  used on input line 708.
(pdftex.def)             Requested size: 462.52684pt x 346.89516pt.

Overfull \hbox (35.73549pt too wide) in paragraph at lines 708--708
 [][] 
 []

[102 <./twofoud35i4375os.pdf>]
<twofoud20i4475ws.pdf, id=5160, 462.52798pt x 346.89601pt>
File: twofoud20i4475ws.pdf Graphic file (type pdf)
<use twofoud20i4475ws.pdf>
Package pdftex.def Info: twofoud20i4475ws.pdf  used on input line 713.
(pdftex.def)             Requested size: 462.52684pt x 346.89516pt.

Overfull \hbox (35.73549pt too wide) in paragraph at lines 713--713
 [][] 
 []

[103 <./twofoud35i4575os.pdf>]
<twofoud20i4575ws.pdf, id=5206, 462.52798pt x 346.89601pt>
File: twofoud20i4575ws.pdf Graphic file (type pdf)
<use twofoud20i4575ws.pdf>
Package pdftex.def Info: twofoud20i4575ws.pdf  used on input line 718.
(pdftex.def)             Requested size: 462.52684pt x 346.89516pt.

Overfull \hbox (35.73549pt too wide) in paragraph at lines 718--718
 [][] 
 []

[104 <./twofoud35i4775os.pdf>]
<twofoud20i4725ws.pdf, id=5252, 462.52798pt x 346.89601pt>
File: twofoud20i4725ws.pdf Graphic file (type pdf)
<use twofoud20i4725ws.pdf>
Package pdftex.def Info: twofoud20i4725ws.pdf  used on input line 723.
(pdftex.def)             Requested size: 462.52684pt x 346.89516pt.

Overfull \hbox (35.73549pt too wide) in paragraph at lines 723--723
 [][] 
 []

[105 <./twofoud20i4475ws.pdf>]
<twofoud25i4450ws.pdf, id=5298, 462.52798pt x 346.89601pt>
File: twofoud25i4450ws.pdf Graphic file (type pdf)
<use twofoud25i4450ws.pdf>
Package pdftex.def Info: twofoud25i4450ws.pdf  used on input line 728.
(pdftex.def)             Requested size: 462.52684pt x 346.89516pt.

Overfull \hbox (35.73549pt too wide) in paragraph at lines 728--728
 [][] 
 []

[106 <./twofoud20i4575ws.pdf>] [107 <./twofoud20i4725ws.pdf>]
<dneurrealanhopf21flogcornerrealanhopf19flog.pdf, id=5390, 462.52798pt x 346.89
601pt>
File: dneurrealanhopf21flogcornerrealanhopf19flog.pdf Graphic file (type pdf)
<use dneurrealanhopf21flogcornerrealanhopf19flog.pdf>
Package pdftex.def Info: dneurrealanhopf21flogcornerrealanhopf19flog.pdf  used 
on input line 735.
(pdftex.def)             Requested size: 462.52684pt x 346.89516pt.

Overfull \hbox (35.73549pt too wide) in paragraph at lines 735--735
 [][] 
 []

<fneurrealanhopf21flogcornerrealanhopf19flog.pdf, id=5391, 462.52798pt x 346.89
601pt>
File: fneurrealanhopf21flogcornerrealanhopf19flog.pdf Graphic file (type pdf)
<use fneurrealanhopf21flogcornerrealanhopf19flog.pdf>
Package pdftex.def Info: fneurrealanhopf21flogcornerrealanhopf19flog.pdf  used 
on input line 740.
(pdftex.def)             Requested size: 462.52684pt x 346.89516pt.

Overfull \hbox (35.73549pt too wide) in paragraph at lines 740--740
 [][] 
 []

[108 <./twofoud25i4450ws.pdf>] [109 <./dneurrealanhopf21flogcornerrealanhopf19f
log.pdf>]
<freq200.pdf, id=5487, 462.52798pt x 346.89601pt>
File: freq200.pdf Graphic file (type pdf)
<use freq200.pdf>
Package pdftex.def Info: freq200.pdf  used on input line 746.
(pdftex.def)             Requested size: 462.52684pt x 346.89516pt.

Overfull \hbox (35.73549pt too wide) in paragraph at lines 746--746
 [][] 
 []

<freq400.pdf, id=5488, 462.52798pt x 346.89601pt>
File: freq400.pdf Graphic file (type pdf)
<use freq400.pdf>
Package pdftex.def Info: freq400.pdf  used on input line 751.
(pdftex.def)             Requested size: 462.52684pt x 346.89516pt.

Overfull \hbox (35.73549pt too wide) in paragraph at lines 751--751
 [][] 
 []

[110 <./fneurrealanhopf21flogcornerrealanhopf19flog.pdf>]
<freq800.pdf, id=5536, 462.52798pt x 346.89601pt>
File: freq800.pdf Graphic file (type pdf)
<use freq800.pdf>
Package pdftex.def Info: freq800.pdf  used on input line 756.
(pdftex.def)             Requested size: 462.52684pt x 346.89516pt.

Overfull \hbox (35.73549pt too wide) in paragraph at lines 756--756
 [][] 
 []

[111 <./freq200.pdf>]
<freq1600.pdf, id=5581, 462.52798pt x 346.89601pt>
File: freq1600.pdf Graphic file (type pdf)
<use freq1600.pdf>
Package pdftex.def Info: freq1600.pdf  used on input line 761.
(pdftex.def)             Requested size: 462.52684pt x 346.89516pt.

Overfull \hbox (35.73549pt too wide) in paragraph at lines 761--761
 [][] 
 []

[112 <./freq400.pdf>]
<freq4000.pdf, id=5626, 462.52798pt x 346.89601pt>
File: freq4000.pdf Graphic file (type pdf)
<use freq4000.pdf>
Package pdftex.def Info: freq4000.pdf  used on input line 766.
(pdftex.def)             Requested size: 462.52684pt x 346.89516pt.

Overfull \hbox (35.73549pt too wide) in paragraph at lines 766--766
 [][] 
 []

[113 <./freq800.pdf>] [114 <./freq1600.pdf>]
<snrtwostateanhopf3m.pdf, id=5717, 462.52798pt x 346.89601pt>
File: snrtwostateanhopf3m.pdf Graphic file (type pdf)
<use snrtwostateanhopf3m.pdf>
Package pdftex.def Info: snrtwostateanhopf3m.pdf  used on input line 772.
(pdftex.def)             Requested size: 462.52684pt x 346.89516pt.

Overfull \hbox (35.73549pt too wide) in paragraph at lines 772--772
 [][] 
 []

[115 <./freq4000.pdf>] [116 <./snrtwostateanhopf3m.pdf>] (./zusammenfassung.aux
) ) 
Here is how much of TeX's memory you used:
 4157 strings out of 494508
 67735 string characters out of 6175044
 131589 words of memory out of 5000000
 7652 multiletter control sequences out of 15000+600000
 9634 words of font info for 35 fonts, out of 8000000 for 9000
 14 hyphenation exceptions out of 8191
 41i,11n,25p,728b,250s stack positions out of 5000i,500n,10000p,200000b,80000s
</usr/share/texlive/texmf-dist/fonts/type1/public/amsfonts/cm/cmbx12.pfb></u
sr/share/texlive/texmf-dist/fonts/type1/public/amsfonts/cm/cmex10.pfb></usr/sha
re/texlive/texmf-dist/fonts/type1/public/amsfonts/cm/cmmi10.pfb></usr/share/tex
live/texmf-dist/fonts/type1/public/amsfonts/cm/cmmi12.pfb></usr/share/texlive/t
exmf-dist/fonts/type1/public/amsfonts/cm/cmmi6.pfb></usr/share/texlive/texmf-di
st/fonts/type1/public/amsfonts/cm/cmmi8.pfb></usr/share/texlive/texmf-dist/font
s/type1/public/amsfonts/cm/cmr10.pfb></usr/share/texlive/texmf-dist/fonts/type1
/public/amsfonts/cm/cmr12.pfb></usr/share/texlive/texmf-dist/fonts/type1/public
/amsfonts/cm/cmr6.pfb></usr/share/texlive/texmf-dist/fonts/type1/public/amsfont
s/cm/cmr8.pfb></usr/share/texlive/texmf-dist/fonts/type1/public/amsfonts/cm/cms
y10.pfb></usr/share/texlive/texmf-dist/fonts/type1/public/amsfonts/cm/cmsy6.pfb
></usr/share/texlive/texmf-dist/fonts/type1/public/amsfonts/cm/cmsy8.pfb>
Output written on zusammenfassung.pdf (117 pages, 3248525 bytes).
PDF statistics:
 5847 PDF objects out of 6186 (max. 8388607)
 1391 compressed objects within 14 object streams
 0 named destinations out of 1000 (max. 500000)
 641 words of extra memory for PDF output out of 10000 (max. 10000000)

