This is pdfTeX, Version 3.14159265-2.6-1.40.19 (TeX Live 2019/dev/Debian) (preloaded format=pdflatex 2019.2.11)  12 AUG 2019 19:20
entering extended mode
 restricted \write18 enabled.
 %&-line parsing enabled.
**analytics.tex
(./analytics.tex
LaTeX2e <2018-04-01> patch level 5
(/usr/share/texlive/texmf-dist/tex/latex/base/article.cls
Document Class: article 2014/09/29 v1.4h Standard LaTeX document class
(/usr/share/texlive/texmf-dist/tex/latex/base/size12.clo
File: size12.clo 2014/09/29 v1.4h Standard LaTeX file (size option)
)
\c@part=\count80
\c@section=\count81
\c@subsection=\count82
\c@subsubsection=\count83
\c@paragraph=\count84
\c@subparagraph=\count85
\c@figure=\count86
\c@table=\count87
\abovecaptionskip=\skip41
\belowcaptionskip=\skip42
\bibindent=\dimen102
)
(/usr/share/texlive/texmf-dist/tex/latex/graphics/graphicx.sty
Package: graphicx 2017/06/01 v1.1a Enhanced LaTeX Graphics (DPC,SPQR)

(/usr/share/texlive/texmf-dist/tex/latex/graphics/keyval.sty
Package: keyval 2014/10/28 v1.15 key=value parser (DPC)
\KV@toks@=\toks14
)
(/usr/share/texlive/texmf-dist/tex/latex/graphics/graphics.sty
Package: graphics 2017/06/25 v1.2c Standard LaTeX Graphics (DPC,SPQR)

(/usr/share/texlive/texmf-dist/tex/latex/graphics/trig.sty
Package: trig 2016/01/03 v1.10 sin cos tan (DPC)
)
(/usr/share/texlive/texmf-dist/tex/latex/graphics-cfg/graphics.cfg
File: graphics.cfg 2016/06/04 v1.11 sample graphics configuration
)
Package graphics Info: Driver file: pdftex.def on input line 99.

(/usr/share/texlive/texmf-dist/tex/latex/graphics-def/pdftex.def
File: pdftex.def 2018/01/08 v1.0l Graphics/color driver for pdftex
))
\Gin@req@height=\dimen103
\Gin@req@width=\dimen104
)
(/usr/share/texlive/texmf-dist/tex/latex/amsmath/amsmath.sty
Package: amsmath 2017/09/02 v2.17a AMS math features
\@mathmargin=\skip43

For additional information on amsmath, use the `?' option.
(/usr/share/texlive/texmf-dist/tex/latex/amsmath/amstext.sty
Package: amstext 2000/06/29 v2.01 AMS text

(/usr/share/texlive/texmf-dist/tex/latex/amsmath/amsgen.sty
File: amsgen.sty 1999/11/30 v2.0 generic functions
\@emptytoks=\toks15
\ex@=\dimen105
))
(/usr/share/texlive/texmf-dist/tex/latex/amsmath/amsbsy.sty
Package: amsbsy 1999/11/29 v1.2d Bold Symbols
\pmbraise@=\dimen106
)
(/usr/share/texlive/texmf-dist/tex/latex/amsmath/amsopn.sty
Package: amsopn 2016/03/08 v2.02 operator names
)
\inf@bad=\count88
LaTeX Info: Redefining \frac on input line 213.
\uproot@=\count89
\leftroot@=\count90
LaTeX Info: Redefining \overline on input line 375.
\classnum@=\count91
\DOTSCASE@=\count92
LaTeX Info: Redefining \ldots on input line 472.
LaTeX Info: Redefining \dots on input line 475.
LaTeX Info: Redefining \cdots on input line 596.
\Mathstrutbox@=\box26
\strutbox@=\box27
\big@size=\dimen107
LaTeX Font Info:    Redeclaring font encoding OML on input line 712.
LaTeX Font Info:    Redeclaring font encoding OMS on input line 713.
\macc@depth=\count93
\c@MaxMatrixCols=\count94
\dotsspace@=\muskip10
\c@parentequation=\count95
\dspbrk@lvl=\count96
\tag@help=\toks16
\row@=\count97
\column@=\count98
\maxfields@=\count99
\andhelp@=\toks17
\eqnshift@=\dimen108
\alignsep@=\dimen109
\tagshift@=\dimen110
\tagwidth@=\dimen111
\totwidth@=\dimen112
\lineht@=\dimen113
\@envbody=\toks18
\multlinegap=\skip44
\multlinetaggap=\skip45
\mathdisplay@stack=\toks19
LaTeX Info: Redefining \[ on input line 2817.
LaTeX Info: Redefining \] on input line 2818.
)
(/usr/share/texlive/texmf-dist/tex/latex/float/float.sty
Package: float 2001/11/08 v1.3d Float enhancements (AL)
\c@float@type=\count100
\float@exts=\toks20
\float@box=\box28
\@float@everytoks=\toks21
\@floatcapt=\box29
)
(/usr/share/texlive/texmf-dist/tex/generic/babel/babel.sty
Package: babel 2018/06/05 3.22 The Babel package

(/usr/share/texlive/texmf-dist/tex/generic/babel/switch.def
File: switch.def 2018/06/05 3.22 Babel switching mechanism
)
(/usr/share/texlive/texmf-dist/tex/generic/babel-german/german.ldf
Language: german 2018/03/29 v2.10 German support for babel (pre-1996 orthograph
y)

(/usr/share/texlive/texmf-dist/tex/generic/babel-german/germanb.ldf
Language: germanb 2018/03/29 v2.10 German support for babel (pre-1996 orthograp
hy)

(/usr/share/texlive/texmf-dist/tex/generic/babel/babel.def
File: babel.def 2018/06/05 3.22 Babel common definitions
\babel@savecnt=\count101
\U@D=\dimen114

(/usr/share/texlive/texmf-dist/tex/generic/babel/txtbabel.def)
\bbl@dirlevel=\count102
)
Package babel Info: Making " an active character on input line 135.
)))
(/usr/share/texlive/texmf-dist/tex/latex/base/inputenc.sty
Package: inputenc 2018/04/06 v1.3b Input encoding file
\inpenc@prehook=\toks22
\inpenc@posthook=\toks23
)
(/usr/share/texlive/texmf-dist/tex/latex/geometry/geometry.sty
Package: geometry 2018/04/16 v5.8 Page Geometry

(/usr/share/texlive/texmf-dist/tex/generic/oberdiek/ifpdf.sty
Package: ifpdf 2017/03/15 v3.2 Provides the ifpdf switch
)
(/usr/share/texlive/texmf-dist/tex/generic/oberdiek/ifvtex.sty
Package: ifvtex 2016/05/16 v1.6 Detect VTeX and its facilities (HO)
Package ifvtex Info: VTeX not detected.
)
(/usr/share/texlive/texmf-dist/tex/generic/ifxetex/ifxetex.sty
Package: ifxetex 2010/09/12 v0.6 Provides ifxetex conditional
)
\Gm@cnth=\count103
\Gm@cntv=\count104
\c@Gm@tempcnt=\count105
\Gm@bindingoffset=\dimen115
\Gm@wd@mp=\dimen116
\Gm@odd@mp=\dimen117
\Gm@even@mp=\dimen118
\Gm@layoutwidth=\dimen119
\Gm@layoutheight=\dimen120
\Gm@layouthoffset=\dimen121
\Gm@layoutvoffset=\dimen122
\Gm@dimlist=\toks24
)
(/usr/share/texlive/texmf-dist/tex/latex/caption/subcaption.sty
Package: subcaption 2018/05/01 v1.1-162 Sub-captions (AR)

(/usr/share/texlive/texmf-dist/tex/latex/caption/caption.sty
Package: caption 2018/05/01 v3.3-147 Customizing captions (AR)

(/usr/share/texlive/texmf-dist/tex/latex/caption/caption3.sty
Package: caption3 2018/05/27 v1.8a caption3 kernel (AR)
Package caption3 Info: TeX engine: e-TeX on input line 64.
\captionmargin=\dimen123
\captionmargin@=\dimen124
\captionwidth=\dimen125
\caption@tempdima=\dimen126
\caption@indent=\dimen127
\caption@parindent=\dimen128
\caption@hangindent=\dimen129
)
\c@ContinuedFloat=\count106
Package caption Info: float package is loaded.
)
\c@subfigure=\count107
\c@subtable=\count108
)
(./analytics.aux)
\openout1 = `analytics.aux'.

LaTeX Font Info:    Checking defaults for OML/cmm/m/it on input line 11.
LaTeX Font Info:    ... okay on input line 11.
LaTeX Font Info:    Checking defaults for T1/cmr/m/n on input line 11.
LaTeX Font Info:    ... okay on input line 11.
LaTeX Font Info:    Checking defaults for OT1/cmr/m/n on input line 11.
LaTeX Font Info:    ... okay on input line 11.
LaTeX Font Info:    Checking defaults for OMS/cmsy/m/n on input line 11.
LaTeX Font Info:    ... okay on input line 11.
LaTeX Font Info:    Checking defaults for OMX/cmex/m/n on input line 11.
LaTeX Font Info:    ... okay on input line 11.
LaTeX Font Info:    Checking defaults for U/cmr/m/n on input line 11.
LaTeX Font Info:    ... okay on input line 11.

(/usr/share/texlive/texmf-dist/tex/context/base/mkii/supp-pdf.mkii
[Loading MPS to PDF converter (version 2006.09.02).]
\scratchcounter=\count109
\scratchdimen=\dimen130
\scratchbox=\box30
\nofMPsegments=\count110
\nofMParguments=\count111
\everyMPshowfont=\toks25
\MPscratchCnt=\count112
\MPscratchDim=\dimen131
\MPnumerator=\count113
\makeMPintoPDFobject=\count114
\everyMPtoPDFconversion=\toks26
) (/usr/share/texlive/texmf-dist/tex/latex/oberdiek/epstopdf-base.sty
Package: epstopdf-base 2016/05/15 v2.6 Base part for package epstopdf

(/usr/share/texlive/texmf-dist/tex/generic/oberdiek/infwarerr.sty
Package: infwarerr 2016/05/16 v1.4 Providing info/warning/error messages (HO)
)
(/usr/share/texlive/texmf-dist/tex/latex/oberdiek/grfext.sty
Package: grfext 2016/05/16 v1.2 Manage graphics extensions (HO)

(/usr/share/texlive/texmf-dist/tex/generic/oberdiek/kvdefinekeys.sty
Package: kvdefinekeys 2016/05/16 v1.4 Define keys (HO)

(/usr/share/texlive/texmf-dist/tex/generic/oberdiek/ltxcmds.sty
Package: ltxcmds 2016/05/16 v1.23 LaTeX kernel commands for general use (HO)
)))
(/usr/share/texlive/texmf-dist/tex/latex/oberdiek/kvoptions.sty
Package: kvoptions 2016/05/16 v3.12 Key value format for package options (HO)

(/usr/share/texlive/texmf-dist/tex/generic/oberdiek/kvsetkeys.sty
Package: kvsetkeys 2016/05/16 v1.17 Key value parser (HO)

(/usr/share/texlive/texmf-dist/tex/generic/oberdiek/etexcmds.sty
Package: etexcmds 2016/05/16 v1.6 Avoid name clashes with e-TeX commands (HO)

(/usr/share/texlive/texmf-dist/tex/generic/oberdiek/ifluatex.sty
Package: ifluatex 2016/05/16 v1.4 Provides the ifluatex switch (HO)
Package ifluatex Info: LuaTeX not detected.
))))
(/usr/share/texlive/texmf-dist/tex/generic/oberdiek/pdftexcmds.sty
Package: pdftexcmds 2018/01/30 v0.27 Utility functions of pdfTeX for LuaTeX (HO
)
Package pdftexcmds Info: LuaTeX not detected.
Package pdftexcmds Info: \pdf@primitive is available.
Package pdftexcmds Info: \pdf@ifprimitive is available.
Package pdftexcmds Info: \pdfdraftmode found.
)
Package epstopdf-base Info: Redefining graphics rule for `.eps' on input line 4
38.
Package grfext Info: Graphics extension search list:
(grfext)             [.pdf,.png,.jpg,.mps,.jpeg,.jbig2,.jb2,.PDF,.PNG,.JPG,.JPE
G,.JBIG2,.JB2,.eps]
(grfext)             \AppendGraphicsExtensions on input line 456.

(/usr/share/texlive/texmf-dist/tex/latex/latexconfig/epstopdf-sys.cfg
File: epstopdf-sys.cfg 2010/07/13 v1.3 Configuration of (r)epstopdf for TeX Liv
e
))
*geometry* driver: auto-detecting
*geometry* detected driver: pdftex
*geometry* verbose mode - [ preamble ] result:
* driver: pdftex
* paper: a4paper
* layout: <same size as paper>
* layoutoffset:(h,v)=(0.0pt,0.0pt)
* modes: 
* h-part:(L,W,R)=(85.35826pt, 426.79135pt, 85.35826pt)
* v-part:(T,H,B)=(56.9055pt, 717.00946pt, 71.13188pt)
* \paperwidth=597.50787pt
* \paperheight=845.04684pt
* \textwidth=426.79135pt
* \textheight=717.00946pt
* \oddsidemargin=13.08827pt
* \evensidemargin=13.08827pt
* \topmargin=-52.36449pt
* \headheight=12.0pt
* \headsep=25.0pt
* \topskip=12.0pt
* \footskip=30.0pt
* \marginparwidth=35.0pt
* \marginparsep=10.0pt
* \columnsep=10.0pt
* \skip\footins=10.8pt plus 4.0pt minus 2.0pt
* \hoffset=0.0pt
* \voffset=0.0pt
* \mag=1000
* \@twocolumnfalse
* \@twosidefalse
* \@mparswitchfalse
* \@reversemarginfalse
* (1in=72.27pt=25.4mm, 1cm=28.453pt)

Package caption Info: Begin \AtBeginDocument code.
Package caption Info: End \AtBeginDocument code.
(./analytics.toc)
\tf@toc=\write3
\openout3 = `analytics.toc'.

 [1

{/var/lib/texmf/fonts/map/pdftex/updmap/pdftex.map}]
<25.png, id=7, 385.44pt x 315.1775pt>
File: 25.png Graphic file (type png)
<use 25.png>
Package pdftex.def Info: 25.png  used on input line 30.
(pdftex.def)             Requested size: 154.17326pt x 126.06876pt.
<26.png, id=9, 153.57375pt x 160.6pt>
File: 26.png Graphic file (type png)
<use 26.png>
Package pdftex.def Info: 26.png  used on input line 36.
(pdftex.def)             Requested size: 122.85915pt x 128.48016pt.
<27.png, id=10, 182.6825pt x 141.52875pt>
File: 27.png Graphic file (type png)
<use 27.png>
Package pdftex.def Info: 27.png  used on input line 45.
(pdftex.def)             Requested size: 146.14618pt x 113.22314pt.
<42.png, id=11, 340.27126pt x 237.88875pt>
File: 42.png Graphic file (type png)
<use 42.png>
Package pdftex.def Info: 42.png  used on input line 52.
(pdftex.def)             Requested size: 163.32834pt x 114.18529pt.
<28.png, id=12, 330.23375pt x 154.5775pt>
File: 28.png Graphic file (type png)
<use 28.png>
Package pdftex.def Info: 28.png  used on input line 60.
(pdftex.def)             Requested size: 264.18735pt x 123.66214pt.

[1 <./25.png> <./26.png> <./27.png> <./42.png> <./28.png>]
Overfull \hbox (46.20714pt too wide) detected at line 92
[]
 []

[2]
<inapik8je1long3011wfom4.pdf, id=37, 462.52798pt x 346.89601pt>
File: inapik8je1long3011wfom4.pdf Graphic file (type pdf)
<use inapik8je1long3011wfom4.pdf>
Package pdftex.def Info: inapik8je1long3011wfom4.pdf  used on input line 121.
(pdftex.def)             Requested size: 416.27133pt x 312.20352pt.
 [3 <./inapik8je1long3011wfom4.pdf>] [4] [5]
Overfull \hbox (22.86597pt too wide) detected at line 203
[]
 []


Overfull \hbox (4.96884pt too wide) detected at line 208
[]
 []

<nullclines70Hz.pdf, id=82, 361.35pt x 181.67876pt>
File: nullclines70Hz.pdf Graphic file (type pdf)
<use nullclines70Hz.pdf>
Package pdftex.def Info: nullclines70Hz.pdf  used on input line 215.
(pdftex.def)             Requested size: 325.21199pt x 163.50935pt.
<nullclinenew.pdf, id=83, 361.35pt x 181.67876pt>
File: nullclinenew.pdf Graphic file (type pdf)
<use nullclinenew.pdf>
Package pdftex.def Info: nullclinenew.pdf  used on input line 222.
(pdftex.def)             Requested size: 325.21199pt x 163.50935pt.
[6 <./nullclines70Hz.pdf>]
<realstate2.pdf, id=102, 462.52798pt x 346.89601pt>
File: realstate2.pdf Graphic file (type pdf)
<use realstate2.pdf>
Package pdftex.def Info: realstate2.pdf  used on input line 230.
(pdftex.def)             Requested size: 416.27133pt x 312.20352pt.
<inapikrealfast26jj19.pdf, id=103, 462.52798pt x 346.89601pt>
File: inapikrealfast26jj19.pdf Graphic file (type pdf)
<use inapikrealfast26jj19.pdf>
Package pdftex.def Info: inapikrealfast26jj19.pdf  used on input line 237.
(pdftex.def)             Requested size: 416.27133pt x 312.20352pt.
<inapikrealfast26jj59.pdf, id=104, 462.52798pt x 346.89601pt>
File: inapikrealfast26jj59.pdf Graphic file (type pdf)
<use inapikrealfast26jj59.pdf>
Package pdftex.def Info: inapikrealfast26jj59.pdf  used on input line 243.
(pdftex.def)             Requested size: 416.27133pt x 312.20352pt.
 [7 <./nullclinenew.pdf> <./realstate2.pdf

pdfTeX warning: /usr/bin/pdflatex (file ./realstate2.pdf): PDF inclusion: multi
ple pdfs with page group included in a single page
>]
<inapikrealfast26jj209.pdf, id=149, 462.52798pt x 346.89601pt>
File: inapikrealfast26jj209.pdf Graphic file (type pdf)
<use inapikrealfast26jj209.pdf>
Package pdftex.def Info: inapikrealfast26jj209.pdf  used on input line 249.
(pdftex.def)             Requested size: 416.27133pt x 312.20352pt.
 [8 <./inapikrealfast26jj19.pdf> <./inapikrealfast26jj59.pdf

pdfTeX warning: /usr/bin/pdflatex (file ./inapikrealfast26jj59.pdf): PDF inclus
ion: multiple pdfs with page group included in a single page
>]
<snrdrange26.pdf, id=220, 462.52798pt x 346.89601pt>
File: snrdrange26.pdf Graphic file (type pdf)
<use snrdrange26.pdf>
Package pdftex.def Info: snrdrange26.pdf  used on input line 256.
(pdftex.def)             Requested size: 416.27133pt x 312.20352pt.
 [9 <./inapikrealfast26jj209.pdf>]
<inapikrealfrange26jj304.pdf, id=258, 462.52798pt x 346.89601pt>
File: inapikrealfrange26jj304.pdf Graphic file (type pdf)
<use inapikrealfrange26jj304.pdf>
Package pdftex.def Info: inapikrealfrange26jj304.pdf  used on input line 263.
(pdftex.def)             Requested size: 416.27133pt x 312.20352pt.
<inapikrealfrange26jj3013.pdf, id=259, 462.52798pt x 346.89601pt>
File: inapikrealfrange26jj3013.pdf Graphic file (type pdf)
<use inapikrealfrange26jj3013.pdf>
Package pdftex.def Info: inapikrealfrange26jj3013.pdf  used on input line 269.
(pdftex.def)             Requested size: 416.27133pt x 312.20352pt.
<snrfrange2.pdf, id=260, 462.52798pt x 346.89601pt>
File: snrfrange2.pdf Graphic file (type pdf)
<use snrfrange2.pdf>
Package pdftex.def Info: snrfrange2.pdf  used on input line 275.
(pdftex.def)             Requested size: 416.27133pt x 312.20352pt.
 [10 <./snrdrange26.pdf> <./inapikrealfrange26jj304.pdf

pdfTeX warning: /usr/bin/pdflatex (file ./inapikrealfrange26jj304.pdf): PDF inc
lusion: multiple pdfs with page group included in a single page
>]
<inapikrealfast3jjem3407.pdf, id=325, 462.52798pt x 346.89601pt>
File: inapikrealfast3jjem3407.pdf Graphic file (type pdf)
<use inapikrealfast3jjem3407.pdf>
Package pdftex.def Info: inapikrealfast3jjem3407.pdf  used on input line 282.
(pdftex.def)             Requested size: 416.27133pt x 312.20352pt.
 [11 <./inapikrealfrange26jj3013.pdf> <./snrfrange2.pdf

pdfTeX warning: /usr/bin/pdflatex (file ./snrfrange2.pdf): PDF inclusion: multi
ple pdfs with page group included in a single page
>]
<inapikrealfast3jjem34017.pdf, id=399, 462.52798pt x 346.89601pt>
File: inapikrealfast3jjem34017.pdf Graphic file (type pdf)
<use inapikrealfast3jjem34017.pdf>
Package pdftex.def Info: inapikrealfast3jjem34017.pdf  used on input line 288.
(pdftex.def)             Requested size: 416.27133pt x 312.20352pt.
 [12 <./inapikrealfast3jjem3407.pdf>]
<inapikrealfast3jjem3407delta.pdf, id=439, 462.52798pt x 346.89601pt>
File: inapikrealfast3jjem3407delta.pdf Graphic file (type pdf)
<use inapikrealfast3jjem3407delta.pdf>
Package pdftex.def Info: inapikrealfast3jjem3407delta.pdf  used on input line 2
95.
(pdftex.def)             Requested size: 416.27133pt x 312.20352pt.
<inapikrealfast3jjem34017delta.pdf, id=440, 462.52798pt x 346.89601pt>
File: inapikrealfast3jjem34017delta.pdf Graphic file (type pdf)
<use inapikrealfast3jjem34017delta.pdf>
Package pdftex.def Info: inapikrealfast3jjem34017delta.pdf  used on input line 
301.
(pdftex.def)             Requested size: 416.27133pt x 312.20352pt.
 [13 <./inapikrealfast3jjem34017.pdf>]
<d26.pdf, id=477, 462.52798pt x 346.89601pt>
File: d26.pdf Graphic file (type pdf)
<use d26.pdf>
Package pdftex.def Info: d26.pdf  used on input line 308.
(pdftex.def)             Requested size: 416.27133pt x 312.20352pt.

[14 <./inapikrealfast3jjem3407delta.pdf> <./inapikrealfast3jjem34017delta.pdf

pdfTeX warning: /usr/bin/pdflatex (file ./inapikrealfast3jjem34017delta.pdf): P
DF inclusion: multiple pdfs with page group included in a single page
>]
<g26.pdf, id=544, 462.52798pt x 346.89601pt>
File: g26.pdf Graphic file (type pdf)
<use g26.pdf>
Package pdftex.def Info: g26.pdf  used on input line 314.
(pdftex.def)             Requested size: 416.27133pt x 312.20352pt.
<f26.pdf, id=545, 462.52798pt x 346.89601pt>
File: f26.pdf Graphic file (type pdf)
<use f26.pdf>
Package pdftex.def Info: f26.pdf  used on input line 320.
(pdftex.def)             Requested size: 416.27133pt x 312.20352pt.
 [15 <./d26.pdf>]
<arrheniustotrealfast6jjem2fit1.pdf, id=584, 462.52798pt x 346.89601pt>
File: arrheniustotrealfast6jjem2fit1.pdf Graphic file (type pdf)
<use arrheniustotrealfast6jjem2fit1.pdf>
Package pdftex.def Info: arrheniustotrealfast6jjem2fit1.pdf  used on input line
 328.
(pdftex.def)             Requested size: 416.27133pt x 312.20352pt.
 [16 <./g26.pdf> <./f26.pdf

pdfTeX warning: /usr/bin/pdflatex (file ./f26.pdf): PDF inclusion: multiple pdf
s with page group included in a single page
>]
<barrier2realfast6jjem2.pdf, id=650, 462.52798pt x 346.89601pt>
File: barrier2realfast6jjem2.pdf Graphic file (type pdf)
<use barrier2realfast6jjem2.pdf>
Package pdftex.def Info: barrier2realfast6jjem2.pdf  used on input line 335.
(pdftex.def)             Requested size: 416.27133pt x 312.20352pt.
 [17 <./arrheniustotrealfast6jjem2fit1.pdf>]
<dcompdfrealfast6jjem2.pdf, id=697, 462.52798pt x 346.89601pt>
File: dcompdfrealfast6jjem2.pdf Graphic file (type pdf)
<use dcompdfrealfast6jjem2.pdf>
Package pdftex.def Info: dcompdfrealfast6jjem2.pdf  used on input line 342.
(pdftex.def)             Requested size: 416.27133pt x 312.20352pt.
<fcompdfrealfast6jjem2.pdf, id=698, 462.52798pt x 346.89601pt>
File: fcompdfrealfast6jjem2.pdf Graphic file (type pdf)
<use fcompdfrealfast6jjem2.pdf>
Package pdftex.def Info: fcompdfrealfast6jjem2.pdf  used on input line 348.
(pdftex.def)             Requested size: 416.27133pt x 312.20352pt.
 [18 <./barrier2realfast6jjem2.pdf>] [19 <./dcompdfrealfast6jjem2.pdf> <./fcomp
dfrealfast6jjem2.pdf

pdfTeX warning: /usr/bin/pdflatex (file ./fcompdfrealfast6jjem2.pdf): PDF inclu
sion: multiple pdfs with page group included in a single page
>] (./analytics.aux) ) 
Here is how much of TeX's memory you used:
 4526 strings out of 494534
 68492 string characters out of 6175442
 156165 words of memory out of 5000000
 8092 multiletter control sequences out of 15000+600000
 9903 words of font info for 36 fonts, out of 8000000 for 9000
 14 hyphenation exceptions out of 8191
 42i,11n,40p,535b,494s stack positions out of 5000i,500n,10000p,200000b,80000s
</usr/share/texlive/texmf-dist/fonts/type1/public/amsfont
s/cm/cmbx12.pfb></usr/share/texlive/texmf-dist/fonts/type1/public/amsfonts/cm/c
mex10.pfb></usr/share/texlive/texmf-dist/fonts/type1/public/amsfonts/cm/cmmi12.
pfb></usr/share/texlive/texmf-dist/fonts/type1/public/amsfonts/cm/cmmi6.pfb></u
sr/share/texlive/texmf-dist/fonts/type1/public/amsfonts/cm/cmmi8.pfb></usr/shar
e/texlive/texmf-dist/fonts/type1/public/amsfonts/cm/cmr10.pfb></usr/share/texli
ve/texmf-dist/fonts/type1/public/amsfonts/cm/cmr12.pfb></usr/share/texlive/texm
f-dist/fonts/type1/public/amsfonts/cm/cmr6.pfb></usr/share/texlive/texmf-dist/f
onts/type1/public/amsfonts/cm/cmr7.pfb></usr/share/texlive/texmf-dist/fonts/typ
e1/public/amsfonts/cm/cmr8.pfb></usr/share/texlive/texmf-dist/fonts/type1/publi
c/amsfonts/cm/cmsy10.pfb></usr/share/texlive/texmf-dist/fonts/type1/public/amsf
onts/cm/cmsy6.pfb></usr/share/texlive/texmf-dist/fonts/type1/public/amsfonts/cm
/cmsy8.pfb></usr/share/texlive/texmf-dist/fonts/type1/public/amsfonts/cm/cmti10
.pfb>
Output written on analytics.pdf (20 pages, 1012633 bytes).
PDF statistics:
 855 PDF objects out of 1000 (max. 8388607)
 230 compressed objects within 3 object streams
 0 named destinations out of 1000 (max. 500000)
 136 words of extra memory for PDF output out of 10000 (max. 10000000)

