This is pdfTeX, Version 3.14159265-2.6-1.40.19 (TeX Live 2019/dev/Debian) (preloaded format=pdflatex 2019.2.11)  18 MAR 2019 18:25
entering extended mode
 restricted \write18 enabled.
 %&-line parsing enabled.
**master.tex
(./master.tex
LaTeX2e <2018-04-01> patch level 5
(/usr/share/texlive/texmf-dist/tex/latex/base/article.cls
Document Class: article 2014/09/29 v1.4h Standard LaTeX document class
(/usr/share/texlive/texmf-dist/tex/latex/base/size12.clo
File: size12.clo 2014/09/29 v1.4h Standard LaTeX file (size option)
)
\c@part=\count80
\c@section=\count81
\c@subsection=\count82
\c@subsubsection=\count83
\c@paragraph=\count84
\c@subparagraph=\count85
\c@figure=\count86
\c@table=\count87
\abovecaptionskip=\skip41
\belowcaptionskip=\skip42
\bibindent=\dimen102
)
(/usr/share/texlive/texmf-dist/tex/latex/graphics/graphicx.sty
Package: graphicx 2017/06/01 v1.1a Enhanced LaTeX Graphics (DPC,SPQR)

(/usr/share/texlive/texmf-dist/tex/latex/graphics/keyval.sty
Package: keyval 2014/10/28 v1.15 key=value parser (DPC)
\KV@toks@=\toks14
)
(/usr/share/texlive/texmf-dist/tex/latex/graphics/graphics.sty
Package: graphics 2017/06/25 v1.2c Standard LaTeX Graphics (DPC,SPQR)

(/usr/share/texlive/texmf-dist/tex/latex/graphics/trig.sty
Package: trig 2016/01/03 v1.10 sin cos tan (DPC)
)
(/usr/share/texlive/texmf-dist/tex/latex/graphics-cfg/graphics.cfg
File: graphics.cfg 2016/06/04 v1.11 sample graphics configuration
)
Package graphics Info: Driver file: pdftex.def on input line 99.

(/usr/share/texlive/texmf-dist/tex/latex/graphics-def/pdftex.def
File: pdftex.def 2018/01/08 v1.0l Graphics/color driver for pdftex
))
\Gin@req@height=\dimen103
\Gin@req@width=\dimen104
)
(/usr/share/texlive/texmf-dist/tex/latex/amsmath/amsmath.sty
Package: amsmath 2017/09/02 v2.17a AMS math features
\@mathmargin=\skip43

For additional information on amsmath, use the `?' option.
(/usr/share/texlive/texmf-dist/tex/latex/amsmath/amstext.sty
Package: amstext 2000/06/29 v2.01 AMS text

(/usr/share/texlive/texmf-dist/tex/latex/amsmath/amsgen.sty
File: amsgen.sty 1999/11/30 v2.0 generic functions
\@emptytoks=\toks15
\ex@=\dimen105
))
(/usr/share/texlive/texmf-dist/tex/latex/amsmath/amsbsy.sty
Package: amsbsy 1999/11/29 v1.2d Bold Symbols
\pmbraise@=\dimen106
)
(/usr/share/texlive/texmf-dist/tex/latex/amsmath/amsopn.sty
Package: amsopn 2016/03/08 v2.02 operator names
)
\inf@bad=\count88
LaTeX Info: Redefining \frac on input line 213.
\uproot@=\count89
\leftroot@=\count90
LaTeX Info: Redefining \overline on input line 375.
\classnum@=\count91
\DOTSCASE@=\count92
LaTeX Info: Redefining \ldots on input line 472.
LaTeX Info: Redefining \dots on input line 475.
LaTeX Info: Redefining \cdots on input line 596.
\Mathstrutbox@=\box26
\strutbox@=\box27
\big@size=\dimen107
LaTeX Font Info:    Redeclaring font encoding OML on input line 712.
LaTeX Font Info:    Redeclaring font encoding OMS on input line 713.
\macc@depth=\count93
\c@MaxMatrixCols=\count94
\dotsspace@=\muskip10
\c@parentequation=\count95
\dspbrk@lvl=\count96
\tag@help=\toks16
\row@=\count97
\column@=\count98
\maxfields@=\count99
\andhelp@=\toks17
\eqnshift@=\dimen108
\alignsep@=\dimen109
\tagshift@=\dimen110
\tagwidth@=\dimen111
\totwidth@=\dimen112
\lineht@=\dimen113
\@envbody=\toks18
\multlinegap=\skip44
\multlinetaggap=\skip45
\mathdisplay@stack=\toks19
LaTeX Info: Redefining \[ on input line 2817.
LaTeX Info: Redefining \] on input line 2818.
)
(/usr/share/texlive/texmf-dist/tex/latex/float/float.sty
Package: float 2001/11/08 v1.3d Float enhancements (AL)
\c@float@type=\count100
\float@exts=\toks20
\float@box=\box28
\@float@everytoks=\toks21
\@floatcapt=\box29
)
(/usr/share/texlive/texmf-dist/tex/generic/babel/babel.sty
Package: babel 2018/06/05 3.22 The Babel package

(/usr/share/texlive/texmf-dist/tex/generic/babel/switch.def
File: switch.def 2018/06/05 3.22 Babel switching mechanism
)
(/usr/share/texlive/texmf-dist/tex/generic/babel-german/german.ldf
Language: german 2018/03/29 v2.10 German support for babel (pre-1996 orthograph
y)

(/usr/share/texlive/texmf-dist/tex/generic/babel-german/germanb.ldf
Language: germanb 2018/03/29 v2.10 German support for babel (pre-1996 orthograp
hy)

(/usr/share/texlive/texmf-dist/tex/generic/babel/babel.def
File: babel.def 2018/06/05 3.22 Babel common definitions
\babel@savecnt=\count101
\U@D=\dimen114

(/usr/share/texlive/texmf-dist/tex/generic/babel/txtbabel.def)
\bbl@dirlevel=\count102
)
Package babel Info: Making " an active character on input line 135.
)))
(/usr/share/texlive/texmf-dist/tex/latex/base/inputenc.sty
Package: inputenc 2018/04/06 v1.3b Input encoding file
\inpenc@prehook=\toks22
\inpenc@posthook=\toks23
)
(/usr/share/texlive/texmf-dist/tex/latex/geometry/geometry.sty
Package: geometry 2018/04/16 v5.8 Page Geometry

(/usr/share/texlive/texmf-dist/tex/generic/oberdiek/ifpdf.sty
Package: ifpdf 2017/03/15 v3.2 Provides the ifpdf switch
)
(/usr/share/texlive/texmf-dist/tex/generic/oberdiek/ifvtex.sty
Package: ifvtex 2016/05/16 v1.6 Detect VTeX and its facilities (HO)
Package ifvtex Info: VTeX not detected.
)
(/usr/share/texlive/texmf-dist/tex/generic/ifxetex/ifxetex.sty
Package: ifxetex 2010/09/12 v0.6 Provides ifxetex conditional
)
\Gm@cnth=\count103
\Gm@cntv=\count104
\c@Gm@tempcnt=\count105
\Gm@bindingoffset=\dimen115
\Gm@wd@mp=\dimen116
\Gm@odd@mp=\dimen117
\Gm@even@mp=\dimen118
\Gm@layoutwidth=\dimen119
\Gm@layoutheight=\dimen120
\Gm@layouthoffset=\dimen121
\Gm@layoutvoffset=\dimen122
\Gm@dimlist=\toks24
) (./master.aux)
\openout1 = `master.aux'.

LaTeX Font Info:    Checking defaults for OML/cmm/m/it on input line 10.
LaTeX Font Info:    ... okay on input line 10.
LaTeX Font Info:    Checking defaults for T1/cmr/m/n on input line 10.
LaTeX Font Info:    ... okay on input line 10.
LaTeX Font Info:    Checking defaults for OT1/cmr/m/n on input line 10.
LaTeX Font Info:    ... okay on input line 10.
LaTeX Font Info:    Checking defaults for OMS/cmsy/m/n on input line 10.
LaTeX Font Info:    ... okay on input line 10.
LaTeX Font Info:    Checking defaults for OMX/cmex/m/n on input line 10.
LaTeX Font Info:    ... okay on input line 10.
LaTeX Font Info:    Checking defaults for U/cmr/m/n on input line 10.
LaTeX Font Info:    ... okay on input line 10.
(/usr/share/texlive/texmf-dist/tex/context/base/mkii/supp-pdf.mkii
[Loading MPS to PDF converter (version 2006.09.02).]
\scratchcounter=\count106
\scratchdimen=\dimen123
\scratchbox=\box30
\nofMPsegments=\count107
\nofMParguments=\count108
\everyMPshowfont=\toks25
\MPscratchCnt=\count109
\MPscratchDim=\dimen124
\MPnumerator=\count110
\makeMPintoPDFobject=\count111
\everyMPtoPDFconversion=\toks26
) (/usr/share/texlive/texmf-dist/tex/latex/oberdiek/epstopdf-base.sty
Package: epstopdf-base 2016/05/15 v2.6 Base part for package epstopdf

(/usr/share/texlive/texmf-dist/tex/generic/oberdiek/infwarerr.sty
Package: infwarerr 2016/05/16 v1.4 Providing info/warning/error messages (HO)
)
(/usr/share/texlive/texmf-dist/tex/latex/oberdiek/grfext.sty
Package: grfext 2016/05/16 v1.2 Manage graphics extensions (HO)

(/usr/share/texlive/texmf-dist/tex/generic/oberdiek/kvdefinekeys.sty
Package: kvdefinekeys 2016/05/16 v1.4 Define keys (HO)

(/usr/share/texlive/texmf-dist/tex/generic/oberdiek/ltxcmds.sty
Package: ltxcmds 2016/05/16 v1.23 LaTeX kernel commands for general use (HO)
)))
(/usr/share/texlive/texmf-dist/tex/latex/oberdiek/kvoptions.sty
Package: kvoptions 2016/05/16 v3.12 Key value format for package options (HO)

(/usr/share/texlive/texmf-dist/tex/generic/oberdiek/kvsetkeys.sty
Package: kvsetkeys 2016/05/16 v1.17 Key value parser (HO)

(/usr/share/texlive/texmf-dist/tex/generic/oberdiek/etexcmds.sty
Package: etexcmds 2016/05/16 v1.6 Avoid name clashes with e-TeX commands (HO)

(/usr/share/texlive/texmf-dist/tex/generic/oberdiek/ifluatex.sty
Package: ifluatex 2016/05/16 v1.4 Provides the ifluatex switch (HO)
Package ifluatex Info: LuaTeX not detected.
))))
(/usr/share/texlive/texmf-dist/tex/generic/oberdiek/pdftexcmds.sty
Package: pdftexcmds 2018/01/30 v0.27 Utility functions of pdfTeX for LuaTeX (HO
)
Package pdftexcmds Info: LuaTeX not detected.
Package pdftexcmds Info: \pdf@primitive is available.
Package pdftexcmds Info: \pdf@ifprimitive is available.
Package pdftexcmds Info: \pdfdraftmode found.
)
Package epstopdf-base Info: Redefining graphics rule for `.eps' on input line 4
38.
Package grfext Info: Graphics extension search list:
(grfext)             [.pdf,.png,.jpg,.mps,.jpeg,.jbig2,.jb2,.PDF,.PNG,.JPG,.JPE
G,.JBIG2,.JB2,.eps]
(grfext)             \AppendGraphicsExtensions on input line 456.

(/usr/share/texlive/texmf-dist/tex/latex/latexconfig/epstopdf-sys.cfg
File: epstopdf-sys.cfg 2010/07/13 v1.3 Configuration of (r)epstopdf for TeX Liv
e
))
*geometry* driver: auto-detecting
*geometry* detected driver: pdftex
*geometry* verbose mode - [ preamble ] result:
* driver: pdftex
* paper: a4paper
* layout: <same size as paper>
* layoutoffset:(h,v)=(0.0pt,0.0pt)
* modes: 
* h-part:(L,W,R)=(85.35826pt, 426.79135pt, 85.35826pt)
* v-part:(T,H,B)=(56.9055pt, 717.00946pt, 71.13188pt)
* \paperwidth=597.50787pt
* \paperheight=845.04684pt
* \textwidth=426.79135pt
* \textheight=717.00946pt
* \oddsidemargin=13.08827pt
* \evensidemargin=13.08827pt
* \topmargin=-52.36449pt
* \headheight=12.0pt
* \headsep=25.0pt
* \topskip=12.0pt
* \footskip=30.0pt
* \marginparwidth=35.0pt
* \marginparsep=10.0pt
* \columnsep=10.0pt
* \skip\footins=10.8pt plus 4.0pt minus 2.0pt
* \hoffset=0.0pt
* \voffset=0.0pt
* \mag=1000
* \@twocolumnfalse
* \@twosidefalse
* \@mparswitchfalse
* \@reversemarginfalse
* (1in=72.27pt=25.4mm, 1cm=28.453pt)

(./master.toc)
\tf@toc=\write3
\openout3 = `master.toc'.

 [1

{/var/lib/texmf/fonts/map/pdftex/updmap/pdftex.map}]
Underfull \hbox (badness 10000) in paragraph at lines 34--37

 []

<timestep.png, id=7, 794.97pt x 614.295pt>
File: timestep.png Graphic file (type png)
<use timestep.png>
Package pdftex.def Info: timestep.png  used on input line 46.
(pdftex.def)             Requested size: 317.98236pt x 245.71364pt.
<spikecount.png, id=8, 794.97pt x 614.295pt>
File: spikecount.png Graphic file (type png)
<use spikecount.png>
Package pdftex.def Info: spikecount.png  used on input line 53.
(pdftex.def)             Requested size: 317.98236pt x 245.71364pt.
[1 <./timestep.png>]
<contourneu-1neu.pdf, id=19, 462.52798pt x 346.89601pt>
File: contourneu-1neu.pdf Graphic file (type pdf)
<use contourneu-1neu.pdf>
Package pdftex.def Info: contourneu-1neu.pdf  used on input line 65.
(pdftex.def)             Requested size: 416.27133pt x 312.20352pt.
<contourneu0neu.pdf, id=20, 462.52798pt x 346.89601pt>
File: contourneu0neu.pdf Graphic file (type pdf)
<use contourneu0neu.pdf>
Package pdftex.def Info: contourneu0neu.pdf  used on input line 71.
(pdftex.def)             Requested size: 416.27133pt x 312.20352pt.
 [2 <./spikecount.png>]
<contourneu1neu.pdf, id=25, 462.52798pt x 346.89601pt>
File: contourneu1neu.pdf Graphic file (type pdf)
<use contourneu1neu.pdf>
Package pdftex.def Info: contourneu1neu.pdf  used on input line 76.
(pdftex.def)             Requested size: 416.27133pt x 312.20352pt.
<contourneu2neu.pdf, id=26, 462.52798pt x 346.89601pt>
File: contourneu2neu.pdf Graphic file (type pdf)
<use contourneu2neu.pdf>
Package pdftex.def Info: contourneu2neu.pdf  used on input line 81.
(pdftex.def)             Requested size: 416.27133pt x 312.20352pt.
 [3 <./contourneu-1neu.pdf> <./contourneu0neu.pdf

pdfTeX warning: /usr/bin/pdflatex (file ./contourneu0neu.pdf): PDF inclusion: m
ultiple pdfs with page group included in a single page
>]
<contourneu3neu.pdf, id=99, 462.52798pt x 346.89601pt>
File: contourneu3neu.pdf Graphic file (type pdf)
<use contourneu3neu.pdf>
Package pdftex.def Info: contourneu3neu.pdf  used on input line 86.
(pdftex.def)             Requested size: 416.27133pt x 312.20352pt.
<contourneu4neu.pdf, id=100, 462.52798pt x 346.89601pt>
File: contourneu4neu.pdf Graphic file (type pdf)
<use contourneu4neu.pdf>
Package pdftex.def Info: contourneu4neu.pdf  used on input line 91.
(pdftex.def)             Requested size: 416.27133pt x 312.20352pt.
 [4 <./contourneu1neu.pdf> <./contourneu2neu.pdf

pdfTeX warning: /usr/bin/pdflatex (file ./contourneu2neu.pdf): PDF inclusion: m
ultiple pdfs with page group included in a single page
>]
<contourneu5neu.pdf, id=173, 462.52798pt x 346.89601pt>
File: contourneu5neu.pdf Graphic file (type pdf)
<use contourneu5neu.pdf>
Package pdftex.def Info: contourneu5neu.pdf  used on input line 96.
(pdftex.def)             Requested size: 416.27133pt x 312.20352pt.
 [5 <./contourneu3neu.pdf> <./contourneu4neu.pdf

pdfTeX warning: /usr/bin/pdflatex (file ./contourneu4neu.pdf): PDF inclusion: m
ultiple pdfs with page group included in a single page
>]
Overfull \hbox (9.51378pt too wide) in paragraph at lines 100--104
[]\OT1/cmr/m/n/12 Die (schein-ba-re) Un-ste-tig-keit im Plot re-sul-tiert aus d
er Tat-sa-che, dass als gew[]ahltes
 []


Underfull \hbox (badness 10000) in paragraph at lines 100--104

 []

<dneurs.pdf, id=246, 462.52798pt x 346.89601pt>
File: dneurs.pdf Graphic file (type pdf)
<use dneurs.pdf>
Package pdftex.def Info: dneurs.pdf  used on input line 108.
(pdftex.def)             Requested size: 416.27133pt x 312.20352pt.
<gneurs.pdf, id=247, 462.52798pt x 346.89601pt>
File: gneurs.pdf Graphic file (type pdf)
<use gneurs.pdf>
Package pdftex.def Info: gneurs.pdf  used on input line 114.
(pdftex.def)             Requested size: 416.27133pt x 312.20352pt.
[6 <./contourneu5neu.pdf>]
<fneurs.pdf, id=287, 462.52798pt x 346.89601pt>
File: fneurs.pdf Graphic file (type pdf)
<use fneurs.pdf>
Package pdftex.def Info: fneurs.pdf  used on input line 120.
(pdftex.def)             Requested size: 416.27133pt x 312.20352pt.
 [7 <./dneurs.pdf> <./gneurs.pdf

pdfTeX warning: /usr/bin/pdflatex (file ./gneurs.pdf): PDF inclusion: multiple 
pdfs with page group included in a single page
>]
<dneur.pdf, id=351, 462.52798pt x 346.89601pt>
File: dneur.pdf Graphic file (type pdf)
<use dneur.pdf>
Package pdftex.def Info: dneur.pdf  used on input line 128.
(pdftex.def)             Requested size: 416.27133pt x 312.20352pt.
<gneur.pdf, id=352, 462.52798pt x 346.89601pt>
File: gneur.pdf Graphic file (type pdf)
<use gneur.pdf>
Package pdftex.def Info: gneur.pdf  used on input line 134.
(pdftex.def)             Requested size: 416.27133pt x 312.20352pt.
 [8 <./fneurs.pdf>]
<fneur.pdf, id=385, 462.52798pt x 346.89601pt>
File: fneur.pdf Graphic file (type pdf)
<use fneur.pdf>
Package pdftex.def Info: fneur.pdf  used on input line 140.
(pdftex.def)             Requested size: 416.27133pt x 312.20352pt.
 [9 <./dneur.pdf> <./gneur.pdf

pdfTeX warning: /usr/bin/pdflatex (file ./gneur.pdf): PDF inclusion: multiple p
dfs with page group included in a single page
>]
<deff94.png, id=447, 794.97pt x 614.295pt>
File: deff94.png Graphic file (type png)
<use deff94.png>
Package pdftex.def Info: deff94.png  used on input line 161.
(pdftex.def)             Requested size: 476.98569pt x 368.57983pt.

Overfull \hbox (50.19434pt too wide) in paragraph at lines 161--162
 [][] 
 []

[10 <./fneur.pdf>]
<deffcomp.png, id=480, 794.97pt x 614.295pt>
File: deffcomp.png Graphic file (type png)
<use deffcomp.png>
Package pdftex.def Info: deffcomp.png  used on input line 169.
(pdftex.def)             Requested size: 476.98569pt x 368.57983pt.

Overfull \hbox (50.19434pt too wide) in paragraph at lines 169--170
 [][] 
 []

[11 <./deff94.png>]
Underfull \hbox (badness 10000) in paragraph at lines 173--174

 []

<mechdsh2.pdf, id=485, 462.52798pt x 346.89601pt>
File: mechdsh2.pdf Graphic file (type pdf)
<use mechdsh2.pdf>
Package pdftex.def Info: mechdsh2.pdf  used on input line 178.
(pdftex.def)             Requested size: 416.27133pt x 312.20352pt.
<mechgsh2.pdf, id=486, 462.52798pt x 346.89601pt>
File: mechgsh2.pdf Graphic file (type pdf)
<use mechgsh2.pdf>
Package pdftex.def Info: mechgsh2.pdf  used on input line 184.
(pdftex.def)             Requested size: 416.27133pt x 312.20352pt.
[12 <./deffcomp.png>]
<mechfsh2.pdf, id=492, 462.52798pt x 346.89601pt>
File: mechfsh2.pdf Graphic file (type pdf)
<use mechfsh2.pdf>
Package pdftex.def Info: mechfsh2.pdf  used on input line 190.
(pdftex.def)             Requested size: 416.27133pt x 312.20352pt.
 [13 <./mechdsh2.pdf> <./mechgsh2.pdf

pdfTeX warning: /usr/bin/pdflatex (file ./mechgsh2.pdf): PDF inclusion: multipl
e pdfs with page group included in a single page
>] [14 <./mechfsh2.pdf>] (./master.aux) ) 
Here is how much of TeX's memory you used:
 3334 strings out of 494534
 46014 string characters out of 6175442
 124349 words of memory out of 5000000
 6917 multiletter control sequences out of 15000+600000
 7963 words of font info for 29 fonts, out of 8000000 for 9000
 14 hyphenation exceptions out of 8191
 41i,9n,25p,421b,215s stack positions out of 5000i,500n,10000p,200000b,80000s
</usr/share/texlive/texmf-dist/fonts/t
ype1/public/amsfonts/cm/cmbx12.pfb></usr/share/texlive/texmf-dist/fonts/type1/p
ublic/amsfonts/cm/cmmi12.pfb></usr/share/texlive/texmf-dist/fonts/type1/public/
amsfonts/cm/cmmi8.pfb></usr/share/texlive/texmf-dist/fonts/type1/public/amsfont
s/cm/cmr12.pfb></usr/share/texlive/texmf-dist/fonts/type1/public/amsfonts/cm/cm
r8.pfb></usr/share/texlive/texmf-dist/fonts/type1/public/amsfonts/cm/cmsy10.pfb
></usr/share/texlive/texmf-dist/fonts/type1/public/amsfonts/cm/cmsy8.pfb>
Output written on master.pdf (15 pages, 1188224 bytes).
PDF statistics:
 625 PDF objects out of 1000 (max. 8388607)
 158 compressed objects within 2 object streams
 0 named destinations out of 1000 (max. 500000)
 101 words of extra memory for PDF output out of 10000 (max. 10000000)

