This is pdfTeX, Version 3.14159265-2.6-1.40.19 (TeX Live 2019/dev/Debian) (preloaded format=pdflatex 2019.2.11)  15 SEP 2019 20:09
entering extended mode
 restricted \write18 enabled.
 %&-line parsing enabled.
**zusammenfassung.tex
(./zusammenfassung.tex
LaTeX2e <2018-04-01> patch level 5
(/usr/share/texlive/texmf-dist/tex/latex/base/article.cls
Document Class: article 2014/09/29 v1.4h Standard LaTeX document class
(/usr/share/texlive/texmf-dist/tex/latex/base/size12.clo
File: size12.clo 2014/09/29 v1.4h Standard LaTeX file (size option)
)
\c@part=\count80
\c@section=\count81
\c@subsection=\count82
\c@subsubsection=\count83
\c@paragraph=\count84
\c@subparagraph=\count85
\c@figure=\count86
\c@table=\count87
\abovecaptionskip=\skip41
\belowcaptionskip=\skip42
\bibindent=\dimen102
)
(/usr/share/texlive/texmf-dist/tex/latex/graphics/graphicx.sty
Package: graphicx 2017/06/01 v1.1a Enhanced LaTeX Graphics (DPC,SPQR)

(/usr/share/texlive/texmf-dist/tex/latex/graphics/keyval.sty
Package: keyval 2014/10/28 v1.15 key=value parser (DPC)
\KV@toks@=\toks14
)
(/usr/share/texlive/texmf-dist/tex/latex/graphics/graphics.sty
Package: graphics 2017/06/25 v1.2c Standard LaTeX Graphics (DPC,SPQR)

(/usr/share/texlive/texmf-dist/tex/latex/graphics/trig.sty
Package: trig 2016/01/03 v1.10 sin cos tan (DPC)
)
(/usr/share/texlive/texmf-dist/tex/latex/graphics-cfg/graphics.cfg
File: graphics.cfg 2016/06/04 v1.11 sample graphics configuration
)
Package graphics Info: Driver file: pdftex.def on input line 99.

(/usr/share/texlive/texmf-dist/tex/latex/graphics-def/pdftex.def
File: pdftex.def 2018/01/08 v1.0l Graphics/color driver for pdftex
))
\Gin@req@height=\dimen103
\Gin@req@width=\dimen104
)
(/usr/share/texlive/texmf-dist/tex/latex/amsmath/amsmath.sty
Package: amsmath 2017/09/02 v2.17a AMS math features
\@mathmargin=\skip43

For additional information on amsmath, use the `?' option.
(/usr/share/texlive/texmf-dist/tex/latex/amsmath/amstext.sty
Package: amstext 2000/06/29 v2.01 AMS text

(/usr/share/texlive/texmf-dist/tex/latex/amsmath/amsgen.sty
File: amsgen.sty 1999/11/30 v2.0 generic functions
\@emptytoks=\toks15
\ex@=\dimen105
))
(/usr/share/texlive/texmf-dist/tex/latex/amsmath/amsbsy.sty
Package: amsbsy 1999/11/29 v1.2d Bold Symbols
\pmbraise@=\dimen106
)
(/usr/share/texlive/texmf-dist/tex/latex/amsmath/amsopn.sty
Package: amsopn 2016/03/08 v2.02 operator names
)
\inf@bad=\count88
LaTeX Info: Redefining \frac on input line 213.
\uproot@=\count89
\leftroot@=\count90
LaTeX Info: Redefining \overline on input line 375.
\classnum@=\count91
\DOTSCASE@=\count92
LaTeX Info: Redefining \ldots on input line 472.
LaTeX Info: Redefining \dots on input line 475.
LaTeX Info: Redefining \cdots on input line 596.
\Mathstrutbox@=\box26
\strutbox@=\box27
\big@size=\dimen107
LaTeX Font Info:    Redeclaring font encoding OML on input line 712.
LaTeX Font Info:    Redeclaring font encoding OMS on input line 713.
\macc@depth=\count93
\c@MaxMatrixCols=\count94
\dotsspace@=\muskip10
\c@parentequation=\count95
\dspbrk@lvl=\count96
\tag@help=\toks16
\row@=\count97
\column@=\count98
\maxfields@=\count99
\andhelp@=\toks17
\eqnshift@=\dimen108
\alignsep@=\dimen109
\tagshift@=\dimen110
\tagwidth@=\dimen111
\totwidth@=\dimen112
\lineht@=\dimen113
\@envbody=\toks18
\multlinegap=\skip44
\multlinetaggap=\skip45
\mathdisplay@stack=\toks19
LaTeX Info: Redefining \[ on input line 2817.
LaTeX Info: Redefining \] on input line 2818.
)
(/usr/share/texlive/texmf-dist/tex/latex/float/float.sty
Package: float 2001/11/08 v1.3d Float enhancements (AL)
\c@float@type=\count100
\float@exts=\toks20
\float@box=\box28
\@float@everytoks=\toks21
\@floatcapt=\box29
)
(/usr/share/texlive/texmf-dist/tex/generic/babel/babel.sty
Package: babel 2018/06/05 3.22 The Babel package

(/usr/share/texlive/texmf-dist/tex/generic/babel/switch.def
File: switch.def 2018/06/05 3.22 Babel switching mechanism
)
(/usr/share/texlive/texmf-dist/tex/generic/babel-german/german.ldf
Language: german 2018/03/29 v2.10 German support for babel (pre-1996 orthograph
y)

(/usr/share/texlive/texmf-dist/tex/generic/babel-german/germanb.ldf
Language: germanb 2018/03/29 v2.10 German support for babel (pre-1996 orthograp
hy)

(/usr/share/texlive/texmf-dist/tex/generic/babel/babel.def
File: babel.def 2018/06/05 3.22 Babel common definitions
\babel@savecnt=\count101
\U@D=\dimen114

(/usr/share/texlive/texmf-dist/tex/generic/babel/txtbabel.def)
\bbl@dirlevel=\count102
)
Package babel Info: Making " an active character on input line 135.
)))
(/usr/share/texlive/texmf-dist/tex/latex/subfigure/subfigure.sty
Package: subfigure 2002/03/15 v2.1.5 subfigure package
\subfigtopskip=\skip46
\subfigcapskip=\skip47
\subfigcaptopadj=\dimen115
\subfigbottomskip=\skip48
\subfigcapmargin=\dimen116
\subfiglabelskip=\skip49
\c@subfigure=\count103
\c@lofdepth=\count104
\c@subtable=\count105
\c@lotdepth=\count106

****************************************
* Local config file subfigure.cfg used *
****************************************
(/usr/share/texlive/texmf-dist/tex/latex/subfigure/subfigure.cfg)
\subfig@top=\skip50
\subfig@bottom=\skip51
)
(/usr/share/texlive/texmf-dist/tex/latex/base/inputenc.sty
Package: inputenc 2018/04/06 v1.3b Input encoding file
\inpenc@prehook=\toks22
\inpenc@posthook=\toks23
)
(/usr/share/texlive/texmf-dist/tex/latex/geometry/geometry.sty
Package: geometry 2018/04/16 v5.8 Page Geometry

(/usr/share/texlive/texmf-dist/tex/generic/oberdiek/ifpdf.sty
Package: ifpdf 2017/03/15 v3.2 Provides the ifpdf switch
)
(/usr/share/texlive/texmf-dist/tex/generic/oberdiek/ifvtex.sty
Package: ifvtex 2016/05/16 v1.6 Detect VTeX and its facilities (HO)
Package ifvtex Info: VTeX not detected.
)
(/usr/share/texlive/texmf-dist/tex/generic/ifxetex/ifxetex.sty
Package: ifxetex 2010/09/12 v0.6 Provides ifxetex conditional
)
\Gm@cnth=\count107
\Gm@cntv=\count108
\c@Gm@tempcnt=\count109
\Gm@bindingoffset=\dimen117
\Gm@wd@mp=\dimen118
\Gm@odd@mp=\dimen119
\Gm@even@mp=\dimen120
\Gm@layoutwidth=\dimen121
\Gm@layoutheight=\dimen122
\Gm@layouthoffset=\dimen123
\Gm@layoutvoffset=\dimen124
\Gm@dimlist=\toks24
)
(./zusammenfassung.aux)
\openout1 = `zusammenfassung.aux'.

LaTeX Font Info:    Checking defaults for OML/cmm/m/it on input line 12.
LaTeX Font Info:    ... okay on input line 12.
LaTeX Font Info:    Checking defaults for T1/cmr/m/n on input line 12.
LaTeX Font Info:    ... okay on input line 12.
LaTeX Font Info:    Checking defaults for OT1/cmr/m/n on input line 12.
LaTeX Font Info:    ... okay on input line 12.
LaTeX Font Info:    Checking defaults for OMS/cmsy/m/n on input line 12.
LaTeX Font Info:    ... okay on input line 12.
LaTeX Font Info:    Checking defaults for OMX/cmex/m/n on input line 12.
LaTeX Font Info:    ... okay on input line 12.
LaTeX Font Info:    Checking defaults for U/cmr/m/n on input line 12.
LaTeX Font Info:    ... okay on input line 12.

(/usr/share/texlive/texmf-dist/tex/context/base/mkii/supp-pdf.mkii
[Loading MPS to PDF converter (version 2006.09.02).]
\scratchcounter=\count110
\scratchdimen=\dimen125
\scratchbox=\box30
\nofMPsegments=\count111
\nofMParguments=\count112
\everyMPshowfont=\toks25
\MPscratchCnt=\count113
\MPscratchDim=\dimen126
\MPnumerator=\count114
\makeMPintoPDFobject=\count115
\everyMPtoPDFconversion=\toks26
) (/usr/share/texlive/texmf-dist/tex/latex/oberdiek/epstopdf-base.sty
Package: epstopdf-base 2016/05/15 v2.6 Base part for package epstopdf

(/usr/share/texlive/texmf-dist/tex/generic/oberdiek/infwarerr.sty
Package: infwarerr 2016/05/16 v1.4 Providing info/warning/error messages (HO)
)
(/usr/share/texlive/texmf-dist/tex/latex/oberdiek/grfext.sty
Package: grfext 2016/05/16 v1.2 Manage graphics extensions (HO)

(/usr/share/texlive/texmf-dist/tex/generic/oberdiek/kvdefinekeys.sty
Package: kvdefinekeys 2016/05/16 v1.4 Define keys (HO)

(/usr/share/texlive/texmf-dist/tex/generic/oberdiek/ltxcmds.sty
Package: ltxcmds 2016/05/16 v1.23 LaTeX kernel commands for general use (HO)
)))
(/usr/share/texlive/texmf-dist/tex/latex/oberdiek/kvoptions.sty
Package: kvoptions 2016/05/16 v3.12 Key value format for package options (HO)

(/usr/share/texlive/texmf-dist/tex/generic/oberdiek/kvsetkeys.sty
Package: kvsetkeys 2016/05/16 v1.17 Key value parser (HO)

(/usr/share/texlive/texmf-dist/tex/generic/oberdiek/etexcmds.sty
Package: etexcmds 2016/05/16 v1.6 Avoid name clashes with e-TeX commands (HO)

(/usr/share/texlive/texmf-dist/tex/generic/oberdiek/ifluatex.sty
Package: ifluatex 2016/05/16 v1.4 Provides the ifluatex switch (HO)
Package ifluatex Info: LuaTeX not detected.
))))
(/usr/share/texlive/texmf-dist/tex/generic/oberdiek/pdftexcmds.sty
Package: pdftexcmds 2018/01/30 v0.27 Utility functions of pdfTeX for LuaTeX (HO
)
Package pdftexcmds Info: LuaTeX not detected.
Package pdftexcmds Info: \pdf@primitive is available.
Package pdftexcmds Info: \pdf@ifprimitive is available.
Package pdftexcmds Info: \pdfdraftmode found.
)
Package epstopdf-base Info: Redefining graphics rule for `.eps' on input line 4
38.
Package grfext Info: Graphics extension search list:
(grfext)             [.pdf,.png,.jpg,.mps,.jpeg,.jbig2,.jb2,.PDF,.PNG,.JPG,.JPE
G,.JBIG2,.JB2,.eps]
(grfext)             \AppendGraphicsExtensions on input line 456.

(/usr/share/texlive/texmf-dist/tex/latex/latexconfig/epstopdf-sys.cfg
File: epstopdf-sys.cfg 2010/07/13 v1.3 Configuration of (r)epstopdf for TeX Liv
e
))
*geometry* driver: auto-detecting
*geometry* detected driver: pdftex
*geometry* verbose mode - [ preamble ] result:
* driver: pdftex
* paper: a4paper
* layout: <same size as paper>
* layoutoffset:(h,v)=(0.0pt,0.0pt)
* modes: 
* h-part:(L,W,R)=(85.35826pt, 426.79135pt, 85.35826pt)
* v-part:(T,H,B)=(56.9055pt, 717.00946pt, 71.13188pt)
* \paperwidth=597.50787pt
* \paperheight=845.04684pt
* \textwidth=426.79135pt
* \textheight=717.00946pt
* \oddsidemargin=13.08827pt
* \evensidemargin=13.08827pt
* \topmargin=-52.36449pt
* \headheight=12.0pt
* \headsep=25.0pt
* \topskip=12.0pt
* \footskip=30.0pt
* \marginparwidth=35.0pt
* \marginparsep=10.0pt
* \columnsep=10.0pt
* \skip\footins=10.8pt plus 4.0pt minus 2.0pt
* \hoffset=0.0pt
* \voffset=0.0pt
* \mag=1000
* \@twocolumnfalse
* \@twosidefalse
* \@mparswitchfalse
* \@reversemarginfalse
* (1in=72.27pt=25.4mm, 1cm=28.453pt)

(./zusammenfassung.toc)
\tf@toc=\write3
\openout3 = `zusammenfassung.toc'.

 [1

{/var/lib/texmf/fonts/map/pdftex/updmap/pdftex.map}]
Underfull \hbox (badness 10000) in paragraph at lines 38--41

 []

<Isoklinen.pdf, id=8, 462.52798pt x 346.89601pt>
File: Isoklinen.pdf Graphic file (type pdf)
<use Isoklinen.pdf>
Package pdftex.def Info: Isoklinen.pdf  used on input line 49.
(pdftex.def)             Requested size: 231.26341pt x 173.44757pt.
<Startparam_lang.pdf, id=9, 462.52798pt x 346.89601pt>
File: Startparam_lang.pdf Graphic file (type pdf)
<use Startparam_lang.pdf>
Package pdftex.def Info: Startparam_lang.pdf  used on input line 57.
(pdftex.def)             Requested size: 231.26341pt x 173.44757pt.
<Startparam_kurz.pdf, id=10, 462.52798pt x 346.89601pt>
File: Startparam_kurz.pdf Graphic file (type pdf)
<use Startparam_kurz.pdf>
Package pdftex.def Info: Startparam_kurz.pdf  used on input line 58.
(pdftex.def)             Requested size: 231.26341pt x 173.44757pt.

Overfull \hbox (30.6479pt too wide) in paragraph at lines 56--59
[]|  [] [] 
 []

[1 <./Isoklinen.pdf>]
<V-t-diagramm.pdf, id=60, 462.52798pt x 346.89601pt>
File: V-t-diagramm.pdf Graphic file (type pdf)
<use V-t-diagramm.pdf>
Package pdftex.def Info: V-t-diagramm.pdf  used on input line 68.
(pdftex.def)             Requested size: 231.26341pt x 173.44757pt.
<n-V-diagramm.pdf, id=61, 462.52798pt x 346.89601pt>
File: n-V-diagramm.pdf Graphic file (type pdf)
<use n-V-diagramm.pdf>
Package pdftex.def Info: n-V-diagramm.pdf  used on input line 69.
(pdftex.def)             Requested size: 231.26341pt x 173.44757pt.

Overfull \hbox (30.6479pt too wide) in paragraph at lines 67--70
[]|  [] [] 
 []

[2 <./Startparam_lang.pdf> <./Startparam_kurz.pdf

pdfTeX warning: /usr/bin/pdflatex (file ./Startparam_kurz.pdf): PDF inclusion: 
multiple pdfs with page group included in a single page
>]
<uebergaengeI=-0,1.pdf, id=149, 462.52798pt x 346.89601pt>
File: uebergaengeI=-0,1.pdf Graphic file (type pdf)
<use uebergaengeI=-0,1.pdf>
Package pdftex.def Info: uebergaengeI=-0,1.pdf  used on input line 75.
(pdftex.def)             Requested size: 185.0079pt x 138.75594pt.
<uebergaengeI=0.pdf, id=150, 462.52798pt x 346.89601pt>
File: uebergaengeI=0.pdf Graphic file (type pdf)
<use uebergaengeI=0.pdf>
Package pdftex.def Info: uebergaengeI=0.pdf  used on input line 76.
(pdftex.def)             Requested size: 185.0079pt x 138.75594pt.
<uebergaengeI=0,1.pdf, id=151, 462.52798pt x 346.89601pt>
File: uebergaengeI=0,1.pdf Graphic file (type pdf)
<use uebergaengeI=0,1.pdf>
Package pdftex.def Info: uebergaengeI=0,1.pdf  used on input line 76.
(pdftex.def)             Requested size: 185.0079pt x 138.75594pt.
<uebergaengeI=0,2.pdf, id=152, 462.52798pt x 346.89601pt>
File: uebergaengeI=0,2.pdf Graphic file (type pdf)
<use uebergaengeI=0,2.pdf>
Package pdftex.def Info: uebergaengeI=0,2.pdf  used on input line 77.
(pdftex.def)             Requested size: 185.0079pt x 138.75594pt.
 [3 <./V-t-diagramm.pdf> <./n-V-diagramm.pdf

pdfTeX warning: /usr/bin/pdflatex (file ./n-V-diagramm.pdf): PDF inclusion: mul
tiple pdfs with page group included in a single page
> <./uebergaengeI=-0,1.pdf

pdfTeX warning: /usr/bin/pdflatex (file ./uebergaengeI=-0,1.pdf): PDF inclusion
: multiple pdfs with page group included in a single page
> <./uebergaengeI=0.pdf

pdfTeX warning: /usr/bin/pdflatex (file ./uebergaengeI=0.pdf): PDF inclusion: m
ultiple pdfs with page group included in a single page
> <./uebergaengeI=0,1.pdf

pdfTeX warning: /usr/bin/pdflatex (file ./uebergaengeI=0,1.pdf): PDF inclusion:
 multiple pdfs with page group included in a single page
> <./uebergaengeI=0,2.pdf

pdfTeX warning: /usr/bin/pdflatex (file ./uebergaengeI=0,2.pdf): PDF inclusion:
 multiple pdfs with page group included in a single page
>]
<deff.pdf, id=405, 462.52798pt x 346.89601pt>
File: deff.pdf Graphic file (type pdf)
<use deff.pdf>
Package pdftex.def Info: deff.pdf  used on input line 86.
(pdftex.def)             Requested size: 231.26341pt x 173.44757pt.
<firingrate.pdf, id=406, 462.52798pt x 346.89601pt>
File: firingrate.pdf Graphic file (type pdf)
<use firingrate.pdf>
Package pdftex.def Info: firingrate.pdf  used on input line 92.
(pdftex.def)             Requested size: 231.26341pt x 173.44757pt.
<fano.pdf, id=407, 462.52798pt x 346.89601pt>
File: fano.pdf Graphic file (type pdf)
<use fano.pdf>
Package pdftex.def Info: fano.pdf  used on input line 98.
(pdftex.def)             Requested size: 231.26341pt x 173.44757pt.
 [4 <./deff.pdf> <./firingrate.pdf

pdfTeX warning: /usr/bin/pdflatex (file ./firingrate.pdf): PDF inclusion: multi
ple pdfs with page group included in a single page
>]
Underfull \hbox (badness 10000) in paragraph at lines 101--104

 []

<ArrheniusI=0.pdf, id=500, 462.52798pt x 346.89601pt>
File: ArrheniusI=0.pdf Graphic file (type pdf)
<use ArrheniusI=0.pdf>
Package pdftex.def Info: ArrheniusI=0.pdf  used on input line 113.
(pdftex.def)             Requested size: 185.0079pt x 138.75594pt.
<ArrheniusI=0,04.pdf, id=501, 462.52798pt x 346.89601pt>
File: ArrheniusI=0,04.pdf Graphic file (type pdf)
<use ArrheniusI=0,04.pdf>
Package pdftex.def Info: ArrheniusI=0,04.pdf  used on input line 114.
(pdftex.def)             Requested size: 185.0079pt x 138.75594pt.
<ArrheniusI=0,1.pdf, id=502, 462.52798pt x 346.89601pt>
File: ArrheniusI=0,1.pdf Graphic file (type pdf)
<use ArrheniusI=0,1.pdf>
Package pdftex.def Info: ArrheniusI=0,1.pdf  used on input line 114.
(pdftex.def)             Requested size: 185.0079pt x 138.75594pt.
<potbarriersfit.pdf, id=503, 462.52798pt x 346.89601pt>
File: potbarriersfit.pdf Graphic file (type pdf)
<use potbarriersfit.pdf>
Package pdftex.def Info: potbarriersfit.pdf  used on input line 115.
(pdftex.def)             Requested size: 185.0079pt x 138.75594pt.
[5 <./fano.pdf>]
<deffnofit.pdf, id=552, 462.52798pt x 346.89601pt>
File: deffnofit.pdf Graphic file (type pdf)
<use deffnofit.pdf>
Package pdftex.def Info: deffnofit.pdf  used on input line 135.
(pdftex.def)             Requested size: 231.26341pt x 173.44757pt.
 [6 <./ArrheniusI=0.pdf> <./ArrheniusI=0,04.pdf

pdfTeX warning: /usr/bin/pdflatex (file ./ArrheniusI=0,04.pdf): PDF inclusion: 
multiple pdfs with page group included in a single page
> <./ArrheniusI=0,1.pdf

pdfTeX warning: /usr/bin/pdflatex (file ./ArrheniusI=0,1.pdf): PDF inclusion: m
ultiple pdfs with page group included in a single page
> <./potbarriersfit.pdf

pdfTeX warning: /usr/bin/pdflatex (file ./potbarriersfit.pdf): PDF inclusion: m
ultiple pdfs with page group included in a single page
>]
<ratenofit.pdf, id=771, 462.52798pt x 346.89601pt>
File: ratenofit.pdf Graphic file (type pdf)
<use ratenofit.pdf>
Package pdftex.def Info: ratenofit.pdf  used on input line 140.
(pdftex.def)             Requested size: 231.26341pt x 173.44757pt.
<fanonofit.pdf, id=772, 462.52798pt x 346.89601pt>
File: fanonofit.pdf Graphic file (type pdf)
<use fanonofit.pdf>
Package pdftex.def Info: fanonofit.pdf  used on input line 145.
(pdftex.def)             Requested size: 231.26341pt x 173.44757pt.
<deffpred.pdf, id=773, 462.52798pt x 346.89601pt>
File: deffpred.pdf Graphic file (type pdf)
<use deffpred.pdf>
Package pdftex.def Info: deffpred.pdf  used on input line 151.
(pdftex.def)             Requested size: 462.52684pt x 346.89516pt.

Overfull \hbox (35.73549pt too wide) in paragraph at lines 151--151
 [][] 
 []

[7 <./deffnofit.pdf> <./ratenofit.pdf

pdfTeX warning: /usr/bin/pdflatex (file ./ratenofit.pdf): PDF inclusion: multip
le pdfs with page group included in a single page
> <./fanonofit.pdf

pdfTeX warning: /usr/bin/pdflatex (file ./fanonofit.pdf): PDF inclusion: multip
le pdfs with page group included in a single page
>]
<spektrumD=0,45I=0,14.pdf, id=920, 462.52798pt x 346.89601pt>
File: spektrumD=0,45I=0,14.pdf Graphic file (type pdf)
<use spektrumD=0,45I=0,14.pdf>
Package pdftex.def Info: spektrumD=0,45I=0,14.pdf  used on input line 159.
(pdftex.def)             Requested size: 231.26341pt x 173.44757pt.
<spektrumD=0,45I=-0,04.pdf, id=921, 462.52798pt x 346.89601pt>
File: spektrumD=0,45I=-0,04.pdf Graphic file (type pdf)
<use spektrumD=0,45I=-0,04.pdf>
Package pdftex.def Info: spektrumD=0,45I=-0,04.pdf  used on input line 160.
(pdftex.def)             Requested size: 231.26341pt x 173.44757pt.

Overfull \hbox (30.6479pt too wide) in paragraph at lines 158--161
[]|  [] [] 
 []

[8 <./deffpred.pdf>]
<snronly.pdf, id=975, 462.52798pt x 346.89601pt>
File: snronly.pdf Graphic file (type pdf)
<use snronly.pdf>
Package pdftex.def Info: snronly.pdf  used on input line 167.
(pdftex.def)             Requested size: 462.52684pt x 346.89516pt.

Overfull \hbox (35.73549pt too wide) in paragraph at lines 167--167
 [][] 
 []

[9 <./spektrumD=0,45I=0,14.pdf> <./spektrumD=0,45I=-0,04.pdf

pdfTeX warning: /usr/bin/pdflatex (file ./spektrumD=0,45I=-0,04.pdf): PDF inclu
sion: multiple pdfs with page group included in a single page
> <./snronly.pdf

pdfTeX warning: /usr/bin/pdflatex (file ./snronly.pdf): PDF inclusion: multiple
 pdfs with page group included in a single page
>]
<snrdeffrate.pdf, id=1106, 462.52798pt x 346.89601pt>
File: snrdeffrate.pdf Graphic file (type pdf)
<use snrdeffrate.pdf>
Package pdftex.def Info: snrdeffrate.pdf  used on input line 179.
(pdftex.def)             Requested size: 462.52684pt x 346.89516pt.

Overfull \hbox (35.73549pt too wide) in paragraph at lines 179--179
 [][] 
 []

<snrtwostate.pdf, id=1107, 462.52798pt x 346.89601pt>
File: snrtwostate.pdf Graphic file (type pdf)
<use snrtwostate.pdf>
Package pdftex.def Info: snrtwostate.pdf  used on input line 194.
(pdftex.def)             Requested size: 462.52684pt x 346.89516pt.

Overfull \hbox (35.73549pt too wide) in paragraph at lines 194--194
 [][] 
 []

[10 <./snrdeffrate.pdf>]
<SNRpred.pdf, id=1156, 462.52798pt x 346.89601pt>
File: SNRpred.pdf Graphic file (type pdf)
<use SNRpred.pdf>
Package pdftex.def Info: SNRpred.pdf  used on input line 200.
(pdftex.def)             Requested size: 462.52684pt x 346.89516pt.

Overfull \hbox (35.73549pt too wide) in paragraph at lines 200--200
 [][] 
 []

[11 <./SNRtwostate.pdf>] [12 <./SNRpred.pdf>] (./zusammenfassung.aux) ) 
Here is how much of TeX's memory you used:
 3518 strings out of 494534
 49448 string characters out of 6175442
 128165 words of memory out of 5000000
 7090 multiletter control sequences out of 15000+600000
 8568 words of font info for 31 fonts, out of 8000000 for 9000
 14 hyphenation exceptions out of 8191
 41i,11n,25p,728b,250s stack positions out of 5000i,500n,10000p,200000b,80000s
</usr/sh
are/texlive/texmf-dist/fonts/type1/public/amsfonts/cm/cmbx12.pfb></usr/share/te
xlive/texmf-dist/fonts/type1/public/amsfonts/cm/cmex10.pfb></usr/share/texlive/
texmf-dist/fonts/type1/public/amsfonts/cm/cmmi12.pfb></usr/share/texlive/texmf-
dist/fonts/type1/public/amsfonts/cm/cmmi6.pfb></usr/share/texlive/texmf-dist/fo
nts/type1/public/amsfonts/cm/cmmi8.pfb></usr/share/texlive/texmf-dist/fonts/typ
e1/public/amsfonts/cm/cmr10.pfb></usr/share/texlive/texmf-dist/fonts/type1/publ
ic/amsfonts/cm/cmr12.pfb></usr/share/texlive/texmf-dist/fonts/type1/public/amsf
onts/cm/cmr6.pfb></usr/share/texlive/texmf-dist/fonts/type1/public/amsfonts/cm/
cmr8.pfb></usr/share/texlive/texmf-dist/fonts/type1/public/amsfonts/cm/cmsy10.p
fb></usr/share/texlive/texmf-dist/fonts/type1/public/amsfonts/cm/cmsy6.pfb></us
r/share/texlive/texmf-dist/fonts/type1/public/amsfonts/cm/cmsy8.pfb>
Output written on zusammenfassung.pdf (13 pages, 852311 bytes).
PDF statistics:
 1304 PDF objects out of 1440 (max. 8388607)
 309 compressed objects within 4 object streams
 0 named destinations out of 1000 (max. 500000)
 131 words of extra memory for PDF output out of 10000 (max. 10000000)

